<?xml version="1.0" encoding="UTF-8"?>
<!-- Generated by org.testng.reporters.JUnitXMLReporter -->
<testsuite ignored="0" hostname="Solvatives-MacBook-Air.local" failures="0" tests="2" name="Android_6_pro" time="20.754" errors="0" timestamp="2023-04-17T01:40:49 IST">
  <testcase classname="com.qa.tests.LoginTests" name="InvalidUserName" time="4.76"/>
  <testcase classname="com.qa.tests.LoginTests" name="ValidUser" time="0.0">
    <skipped/>
  </testcase> <!-- ValidUser -->
</testsuite> <!-- Android_6_pro -->
