<?xml version="1.0" encoding="UTF-8"?>
<!-- Generated by org.testng.reporters.JUnitXMLReporter -->
<testsuite ignored="0" hostname="Solvatives-MacBook-Air.local" failures="0" tests="2" name="Android_6" time="73.452" errors="0" timestamp="2023-04-22T03:56:04 IST">
  <testcase classname="com.qa.tests.ProductTests" name="validateProductOnProductsPage" time="2.706"/>
  <testcase classname="com.qa.tests.ProductTests" name="validateProductOnProductsdDetailPage" time="5.458"/>
</testsuite> <!-- Android_6 -->
