<?xml version="1.0" encoding="UTF-8"?>
<!-- Generated by org.testng.reporters.JUnitXMLReporter -->
<testsuite ignored="0" hostname="Solvatives-MacBook-Air.local" failures="0" tests="2" name="Android_6_pro" time="80.503" errors="0" timestamp="2023-05-01T19:09:23 IST">
  <testcase classname="com.qa.tests.ProductTests" name="validateProductOnProductsPage" time="0.0">
    <skipped/>
  </testcase> <!-- validateProductOnProductsPage -->
  <testcase classname="com.qa.tests.ProductTests" name="validateProductOnProductsdDetailPage" time="0.0">
    <skipped/>
  </testcase> <!-- validateProductOnProductsdDetailPage -->
</testsuite> <!-- Android_6_pro -->
