<?xml version="1.0" encoding="UTF-8"?>
<!-- Generated by org.testng.reporters.JUnitXMLReporter -->
<testsuite ignored="0" hostname="Solvatives-MacBook-Air.local" failures="0" tests="2" name="Android_6_pro" time="79.833" errors="0" timestamp="2023-04-30T12:58:59 IST">
  <testcase classname="com.qa.tests.ProductTests" name="validateProductOnProductsPage" time="3.709"/>
  <testcase classname="com.qa.tests.ProductTests" name="validateProductOnProductsdDetailPage" time="4.631"/>
</testsuite> <!-- Android_6_pro -->
