<?xml version="1.0" encoding="UTF-8"?>
<testng-results ignored="0" total="4" passed="2" failed="0" skipped="2">
  <reporter-output>
  </reporter-output>
  <suite started-at="2023-05-01T19:08:03 IST" name="Suite" finished-at="2023-05-01T19:09:47 IST" duration-ms="104644">
    <groups>
    </groups>
    <test started-at="2023-05-01T19:08:03 IST" name="Android_6_pro" finished-at="2023-05-01T19:09:23 IST" duration-ms="80503">
      <class name="com.qa.tests.ProductTests">
        <test-method is-config="true" signature="beforeSuite()[pri:0, instance:com.qa.tests.ProductTests@5b7a5baa]" started-at="2023-05-01T19:08:03 IST" name="beforeSuite" finished-at="2023-05-01T19:08:03 IST" duration-ms="5" status="PASS">
          <reporter-output>
          </reporter-output>
        </test-method> <!-- beforeSuite -->
        <test-method is-config="true" signature="beforeTest(java.lang.String,java.lang.String,java.lang.String,java.lang.String,java.lang.String,java.lang.String,java.lang.String,java.lang.String)[pri:0, instance:com.qa.tests.ProductTests@5b7a5baa]" started-at="2023-05-01T19:08:03 IST" name="beforeTest" finished-at="2023-05-01T19:09:23 IST" duration-ms="80460" status="FAIL">
          <params>
            <param index="0">
              <value>
                <![CDATA[Pixel_6_pro]]>
              </value>
            </param>
            <param index="1">
              <value>
                <![CDATA[Android]]>
              </value>
            </param>
            <param index="2">
              <value>
                <![CDATA[13]]>
              </value>
            </param>
            <param index="3">
              <value>
                <![CDATA[emulator-5554]]>
              </value>
            </param>
            <param index="4">
              <value>
                <![CDATA[10000]]>
              </value>
            </param>
            <param index="5">
              <value>
                <![CDATA[11000]]>
              </value>
            </param>
            <param index="6">
              <value>
                <![CDATA[iOSOnly]]>
              </value>
            </param>
            <param index="7">
              <value>
                <![CDATA[iOSOnly]]>
              </value>
            </param>
          </params>
          <exception class="org.openqa.selenium.SessionNotCreatedException">
            <message>
              <![CDATA[Could not start a new session. Response code 500. Message: An unknown server-side error occurred while processing the command. Original error: Error getting device API level. Original error: Error executing adbExec. Original error: 'Command '/Users/nikhilkumargupta/Library/Android/sdk/platform-tools/adb -P 5037 -s emulator-5554 shell getprop ro.build.version.sdk' timed out after 20000ms'. Try to increase the 20000ms adb execution timeout represented by 'adbExecTimeout' capability 
Host info: host: 'Solvatives-MacBook-Air.local', ip: '2401:4900:1c7b:421f:51b9:11c:710e:d82d%en0'
Build info: version: '4.9.0', revision: 'd7057100a6'
System info: os.name: 'Mac OS X', os.arch: 'aarch64', os.version: '13.3.1', java.version: '17.0.6'
Driver info: io.appium.java_client.android.AndroidDriver
Command: [null, newSession {capabilities=[{appium:appActivity=com.swaglabsmobileapp.SplashActivity, appium:appPackage=com.swaglabsmobileapp, appium:deviceName=Pixel_6_pro, appium:platformVersion=13, appium:automationName=UiAutomator2, appium:chromeDriverPort=11000, platformName=ANDROID, appium:systemPort=10000, appium:udid=emulator-5554}], desiredCapabilities=Capabilities {appActivity: com.swaglabsmobileapp.Splas..., appPackage: com.swaglabsmobileapp, appium:deviceName: Pixel_6_pro, appium:platformVersion: 13, automationName: UiAutomator2, chromeDriverPort: 11000, platformName: ANDROID, systemPort: 10000, udid: emulator-5554}}]
Capabilities {appActivity: com.swaglabsmobileapp.Splas..., appPackage: com.swaglabsmobileapp, appium:deviceName: Pixel_6_pro, appium:platformVersion: 13, automationName: UiAutomator2, chromeDriverPort: 11000, platformName: ANDROID, systemPort: 10000, udid: emulator-5554}]]>
            </message>
            <full-stacktrace>
              <![CDATA[org.openqa.selenium.SessionNotCreatedException: Could not start a new session. Response code 500. Message: An unknown server-side error occurred while processing the command. Original error: Error getting device API level. Original error: Error executing adbExec. Original error: 'Command '/Users/nikhilkumargupta/Library/Android/sdk/platform-tools/adb -P 5037 -s emulator-5554 shell getprop ro.build.version.sdk' timed out after 20000ms'. Try to increase the 20000ms adb execution timeout represented by 'adbExecTimeout' capability 
Host info: host: 'Solvatives-MacBook-Air.local', ip: '2401:4900:1c7b:421f:51b9:11c:710e:d82d%en0'
Build info: version: '4.9.0', revision: 'd7057100a6'
System info: os.name: 'Mac OS X', os.arch: 'aarch64', os.version: '13.3.1', java.version: '17.0.6'
Driver info: io.appium.java_client.android.AndroidDriver
Command: [null, newSession {capabilities=[{appium:appActivity=com.swaglabsmobileapp.SplashActivity, appium:appPackage=com.swaglabsmobileapp, appium:deviceName=Pixel_6_pro, appium:platformVersion=13, appium:automationName=UiAutomator2, appium:chromeDriverPort=11000, platformName=ANDROID, appium:systemPort=10000, appium:udid=emulator-5554}], desiredCapabilities=Capabilities {appActivity: com.swaglabsmobileapp.Splas..., appPackage: com.swaglabsmobileapp, appium:deviceName: Pixel_6_pro, appium:platformVersion: 13, automationName: UiAutomator2, chromeDriverPort: 11000, platformName: ANDROID, systemPort: 10000, udid: emulator-5554}}]
Capabilities {appActivity: com.swaglabsmobileapp.Splas..., appPackage: com.swaglabsmobileapp, appium:deviceName: Pixel_6_pro, appium:platformVersion: 13, automationName: UiAutomator2, chromeDriverPort: 11000, platformName: ANDROID, systemPort: 10000, udid: emulator-5554}
at org.openqa.selenium.remote.ProtocolHandshake.createSession(ProtocolHandshake.java:136)
at java.base/jdk.internal.reflect.NativeMethodAccessorImpl.invoke0(Native Method)
at java.base/jdk.internal.reflect.NativeMethodAccessorImpl.invoke(NativeMethodAccessorImpl.java:77)
at java.base/jdk.internal.reflect.DelegatingMethodAccessorImpl.invoke(DelegatingMethodAccessorImpl.java:43)
at java.base/java.lang.reflect.Method.invoke(Method.java:568)
at io.appium.java_client.remote.AppiumProtocolHandshake.createSession(AppiumProtocolHandshake.java:133)
at io.appium.java_client.remote.AppiumProtocolHandshake.createSession(AppiumProtocolHandshake.java:102)
at io.appium.java_client.remote.AppiumCommandExecutor.createSession(AppiumCommandExecutor.java:194)
at io.appium.java_client.remote.AppiumCommandExecutor.execute(AppiumCommandExecutor.java:262)
at org.openqa.selenium.remote.RemoteWebDriver.execute(RemoteWebDriver.java:543)
at io.appium.java_client.AppiumDriver.startSession(AppiumDriver.java:229)
at org.openqa.selenium.remote.RemoteWebDriver.<init>(RemoteWebDriver.java:157)
at io.appium.java_client.AppiumDriver.<init>(AppiumDriver.java:80)
at io.appium.java_client.AppiumDriver.<init>(AppiumDriver.java:92)
at io.appium.java_client.android.AndroidDriver.<init>(AndroidDriver.java:117)
at com.qa.BaseTest.beforeTest(BaseTest.java:262)
at java.base/jdk.internal.reflect.NativeMethodAccessorImpl.invoke0(Native Method)
at java.base/jdk.internal.reflect.NativeMethodAccessorImpl.invoke(NativeMethodAccessorImpl.java:77)
at java.base/jdk.internal.reflect.DelegatingMethodAccessorImpl.invoke(DelegatingMethodAccessorImpl.java:43)
at java.base/java.lang.reflect.Method.invoke(Method.java:568)
at org.testng.internal.invokers.MethodInvocationHelper.invokeMethod(MethodInvocationHelper.java:139)
at org.testng.internal.invokers.MethodInvocationHelper.invokeMethodConsideringTimeout(MethodInvocationHelper.java:69)
at org.testng.internal.invokers.ConfigInvoker.invokeConfigurationMethod(ConfigInvoker.java:361)
at org.testng.internal.invokers.ConfigInvoker.invokeConfigurations(ConfigInvoker.java:296)
at org.testng.TestRunner.invokeTestConfigurations(TestRunner.java:644)
at org.testng.TestRunner.beforeRun(TestRunner.java:633)
at org.testng.TestRunner.run(TestRunner.java:595)
at org.testng.SuiteRunner.runTest(SuiteRunner.java:437)
at org.testng.SuiteRunner$SuiteWorker.run(SuiteRunner.java:475)
at org.testng.internal.thread.ThreadUtil.lambda$execute$0(ThreadUtil.java:58)
at java.base/java.util.concurrent.FutureTask.run(FutureTask.java:264)
at java.base/java.util.concurrent.ThreadPoolExecutor.runWorker(ThreadPoolExecutor.java:1136)
at java.base/java.util.concurrent.ThreadPoolExecutor$Worker.run(ThreadPoolExecutor.java:635)
at java.base/java.lang.Thread.run(Thread.java:833)
]]>
            </full-stacktrace>
          </exception> <!-- org.openqa.selenium.SessionNotCreatedException -->
          <reporter-output>
          </reporter-output>
        </test-method> <!-- beforeTest -->
        <test-method is-config="true" signature="beforeClass()[pri:0, instance:com.qa.tests.ProductTests@5b7a5baa]" started-at="2023-05-01T19:09:23 IST" name="beforeClass" finished-at="2023-05-01T19:09:23 IST" duration-ms="0" status="SKIP">
          <reporter-output>
          </reporter-output>
        </test-method> <!-- beforeClass -->
        <test-method is-config="true" signature="beforeMethod()[pri:0, instance:com.qa.tests.ProductTests@5b7a5baa]" started-at="2023-05-01T19:09:23 IST" name="beforeMethod" finished-at="2023-05-01T19:09:23 IST" duration-ms="0" status="SKIP">
          <reporter-output>
          </reporter-output>
        </test-method> <!-- beforeMethod -->
        <test-method is-config="true" signature="beforeMethod(java.lang.reflect.Method)[pri:0, instance:com.qa.tests.ProductTests@5b7a5baa]" started-at="2023-05-01T19:09:23 IST" name="beforeMethod" finished-at="2023-05-01T19:09:23 IST" duration-ms="0" status="SKIP">
          <reporter-output>
          </reporter-output>
        </test-method> <!-- beforeMethod -->
        <test-method signature="validateProductOnProductsPage()[pri:0, instance:com.qa.tests.ProductTests@5b7a5baa]" started-at="2023-05-01T19:09:23 IST" name="validateProductOnProductsPage" finished-at="2023-05-01T19:09:23 IST" duration-ms="0" status="SKIP">
          <exception class="org.openqa.selenium.SessionNotCreatedException">
            <message>
              <![CDATA[Could not start a new session. Response code 500. Message: An unknown server-side error occurred while processing the command. Original error: Error getting device API level. Original error: Error executing adbExec. Original error: 'Command '/Users/nikhilkumargupta/Library/Android/sdk/platform-tools/adb -P 5037 -s emulator-5554 shell getprop ro.build.version.sdk' timed out after 20000ms'. Try to increase the 20000ms adb execution timeout represented by 'adbExecTimeout' capability 
Host info: host: 'Solvatives-MacBook-Air.local', ip: '2401:4900:1c7b:421f:51b9:11c:710e:d82d%en0'
Build info: version: '4.9.0', revision: 'd7057100a6'
System info: os.name: 'Mac OS X', os.arch: 'aarch64', os.version: '13.3.1', java.version: '17.0.6'
Driver info: io.appium.java_client.android.AndroidDriver
Command: [null, newSession {capabilities=[{appium:appActivity=com.swaglabsmobileapp.SplashActivity, appium:appPackage=com.swaglabsmobileapp, appium:deviceName=Pixel_6_pro, appium:platformVersion=13, appium:automationName=UiAutomator2, appium:chromeDriverPort=11000, platformName=ANDROID, appium:systemPort=10000, appium:udid=emulator-5554}], desiredCapabilities=Capabilities {appActivity: com.swaglabsmobileapp.Splas..., appPackage: com.swaglabsmobileapp, appium:deviceName: Pixel_6_pro, appium:platformVersion: 13, automationName: UiAutomator2, chromeDriverPort: 11000, platformName: ANDROID, systemPort: 10000, udid: emulator-5554}}]
Capabilities {appActivity: com.swaglabsmobileapp.Splas..., appPackage: com.swaglabsmobileapp, appium:deviceName: Pixel_6_pro, appium:platformVersion: 13, automationName: UiAutomator2, chromeDriverPort: 11000, platformName: ANDROID, systemPort: 10000, udid: emulator-5554}]]>
            </message>
            <full-stacktrace>
              <![CDATA[org.openqa.selenium.SessionNotCreatedException: Could not start a new session. Response code 500. Message: An unknown server-side error occurred while processing the command. Original error: Error getting device API level. Original error: Error executing adbExec. Original error: 'Command '/Users/nikhilkumargupta/Library/Android/sdk/platform-tools/adb -P 5037 -s emulator-5554 shell getprop ro.build.version.sdk' timed out after 20000ms'. Try to increase the 20000ms adb execution timeout represented by 'adbExecTimeout' capability 
Host info: host: 'Solvatives-MacBook-Air.local', ip: '2401:4900:1c7b:421f:51b9:11c:710e:d82d%en0'
Build info: version: '4.9.0', revision: 'd7057100a6'
System info: os.name: 'Mac OS X', os.arch: 'aarch64', os.version: '13.3.1', java.version: '17.0.6'
Driver info: io.appium.java_client.android.AndroidDriver
Command: [null, newSession {capabilities=[{appium:appActivity=com.swaglabsmobileapp.SplashActivity, appium:appPackage=com.swaglabsmobileapp, appium:deviceName=Pixel_6_pro, appium:platformVersion=13, appium:automationName=UiAutomator2, appium:chromeDriverPort=11000, platformName=ANDROID, appium:systemPort=10000, appium:udid=emulator-5554}], desiredCapabilities=Capabilities {appActivity: com.swaglabsmobileapp.Splas..., appPackage: com.swaglabsmobileapp, appium:deviceName: Pixel_6_pro, appium:platformVersion: 13, automationName: UiAutomator2, chromeDriverPort: 11000, platformName: ANDROID, systemPort: 10000, udid: emulator-5554}}]
Capabilities {appActivity: com.swaglabsmobileapp.Splas..., appPackage: com.swaglabsmobileapp, appium:deviceName: Pixel_6_pro, appium:platformVersion: 13, automationName: UiAutomator2, chromeDriverPort: 11000, platformName: ANDROID, systemPort: 10000, udid: emulator-5554}
at org.openqa.selenium.remote.ProtocolHandshake.createSession(ProtocolHandshake.java:136)
at java.base/jdk.internal.reflect.NativeMethodAccessorImpl.invoke0(Native Method)
at java.base/jdk.internal.reflect.NativeMethodAccessorImpl.invoke(NativeMethodAccessorImpl.java:77)
at java.base/jdk.internal.reflect.DelegatingMethodAccessorImpl.invoke(DelegatingMethodAccessorImpl.java:43)
at java.base/java.lang.reflect.Method.invoke(Method.java:568)
at io.appium.java_client.remote.AppiumProtocolHandshake.createSession(AppiumProtocolHandshake.java:133)
at io.appium.java_client.remote.AppiumProtocolHandshake.createSession(AppiumProtocolHandshake.java:102)
at io.appium.java_client.remote.AppiumCommandExecutor.createSession(AppiumCommandExecutor.java:194)
at io.appium.java_client.remote.AppiumCommandExecutor.execute(AppiumCommandExecutor.java:262)
at org.openqa.selenium.remote.RemoteWebDriver.execute(RemoteWebDriver.java:543)
at io.appium.java_client.AppiumDriver.startSession(AppiumDriver.java:229)
at org.openqa.selenium.remote.RemoteWebDriver.<init>(RemoteWebDriver.java:157)
at io.appium.java_client.AppiumDriver.<init>(AppiumDriver.java:80)
at io.appium.java_client.AppiumDriver.<init>(AppiumDriver.java:92)
at io.appium.java_client.android.AndroidDriver.<init>(AndroidDriver.java:117)
at com.qa.BaseTest.beforeTest(BaseTest.java:262)
at java.base/jdk.internal.reflect.NativeMethodAccessorImpl.invoke0(Native Method)
at java.base/jdk.internal.reflect.NativeMethodAccessorImpl.invoke(NativeMethodAccessorImpl.java:77)
at java.base/jdk.internal.reflect.DelegatingMethodAccessorImpl.invoke(DelegatingMethodAccessorImpl.java:43)
at java.base/java.lang.reflect.Method.invoke(Method.java:568)
at org.testng.internal.invokers.MethodInvocationHelper.invokeMethod(MethodInvocationHelper.java:139)
at org.testng.internal.invokers.MethodInvocationHelper.invokeMethodConsideringTimeout(MethodInvocationHelper.java:69)
at org.testng.internal.invokers.ConfigInvoker.invokeConfigurationMethod(ConfigInvoker.java:361)
at org.testng.internal.invokers.ConfigInvoker.invokeConfigurations(ConfigInvoker.java:296)
at org.testng.TestRunner.invokeTestConfigurations(TestRunner.java:644)
at org.testng.TestRunner.beforeRun(TestRunner.java:633)
at org.testng.TestRunner.run(TestRunner.java:595)
at org.testng.SuiteRunner.runTest(SuiteRunner.java:437)
at org.testng.SuiteRunner$SuiteWorker.run(SuiteRunner.java:475)
at org.testng.internal.thread.ThreadUtil.lambda$execute$0(ThreadUtil.java:58)
at java.base/java.util.concurrent.FutureTask.run(FutureTask.java:264)
at java.base/java.util.concurrent.ThreadPoolExecutor.runWorker(ThreadPoolExecutor.java:1136)
at java.base/java.util.concurrent.ThreadPoolExecutor$Worker.run(ThreadPoolExecutor.java:635)
at java.base/java.lang.Thread.run(Thread.java:833)
]]>
            </full-stacktrace>
          </exception> <!-- org.openqa.selenium.SessionNotCreatedException -->
          <reporter-output>
          </reporter-output>
        </test-method> <!-- validateProductOnProductsPage -->
        <test-method is-config="true" signature="afterMethod()[pri:0, instance:com.qa.tests.ProductTests@5b7a5baa]" started-at="2023-05-01T19:09:23 IST" name="afterMethod" finished-at="2023-05-01T19:09:23 IST" duration-ms="0" status="SKIP">
          <reporter-output>
          </reporter-output>
        </test-method> <!-- afterMethod -->
        <test-method is-config="true" signature="afterMethod(org.testng.ITestResult)[pri:0, instance:com.qa.tests.ProductTests@5b7a5baa]" started-at="2023-05-01T19:09:23 IST" name="afterMethod" finished-at="2023-05-01T19:09:23 IST" duration-ms="0" status="SKIP">
          <reporter-output>
          </reporter-output>
        </test-method> <!-- afterMethod -->
        <test-method is-config="true" signature="beforeMethod()[pri:0, instance:com.qa.tests.ProductTests@5b7a5baa]" started-at="2023-05-01T19:09:23 IST" name="beforeMethod" finished-at="2023-05-01T19:09:23 IST" duration-ms="0" status="SKIP">
          <reporter-output>
          </reporter-output>
        </test-method> <!-- beforeMethod -->
        <test-method is-config="true" signature="beforeMethod(java.lang.reflect.Method)[pri:0, instance:com.qa.tests.ProductTests@5b7a5baa]" started-at="2023-05-01T19:09:23 IST" name="beforeMethod" finished-at="2023-05-01T19:09:23 IST" duration-ms="0" status="SKIP">
          <reporter-output>
          </reporter-output>
        </test-method> <!-- beforeMethod -->
        <test-method signature="validateProductOnProductsdDetailPage()[pri:0, instance:com.qa.tests.ProductTests@5b7a5baa]" started-at="2023-05-01T19:09:23 IST" name="validateProductOnProductsdDetailPage" finished-at="2023-05-01T19:09:23 IST" duration-ms="0" status="SKIP">
          <exception class="org.openqa.selenium.SessionNotCreatedException">
            <message>
              <![CDATA[Could not start a new session. Response code 500. Message: An unknown server-side error occurred while processing the command. Original error: Error getting device API level. Original error: Error executing adbExec. Original error: 'Command '/Users/nikhilkumargupta/Library/Android/sdk/platform-tools/adb -P 5037 -s emulator-5554 shell getprop ro.build.version.sdk' timed out after 20000ms'. Try to increase the 20000ms adb execution timeout represented by 'adbExecTimeout' capability 
Host info: host: 'Solvatives-MacBook-Air.local', ip: '2401:4900:1c7b:421f:51b9:11c:710e:d82d%en0'
Build info: version: '4.9.0', revision: 'd7057100a6'
System info: os.name: 'Mac OS X', os.arch: 'aarch64', os.version: '13.3.1', java.version: '17.0.6'
Driver info: io.appium.java_client.android.AndroidDriver
Command: [null, newSession {capabilities=[{appium:appActivity=com.swaglabsmobileapp.SplashActivity, appium:appPackage=com.swaglabsmobileapp, appium:deviceName=Pixel_6_pro, appium:platformVersion=13, appium:automationName=UiAutomator2, appium:chromeDriverPort=11000, platformName=ANDROID, appium:systemPort=10000, appium:udid=emulator-5554}], desiredCapabilities=Capabilities {appActivity: com.swaglabsmobileapp.Splas..., appPackage: com.swaglabsmobileapp, appium:deviceName: Pixel_6_pro, appium:platformVersion: 13, automationName: UiAutomator2, chromeDriverPort: 11000, platformName: ANDROID, systemPort: 10000, udid: emulator-5554}}]
Capabilities {appActivity: com.swaglabsmobileapp.Splas..., appPackage: com.swaglabsmobileapp, appium:deviceName: Pixel_6_pro, appium:platformVersion: 13, automationName: UiAutomator2, chromeDriverPort: 11000, platformName: ANDROID, systemPort: 10000, udid: emulator-5554}]]>
            </message>
            <full-stacktrace>
              <![CDATA[org.openqa.selenium.SessionNotCreatedException: Could not start a new session. Response code 500. Message: An unknown server-side error occurred while processing the command. Original error: Error getting device API level. Original error: Error executing adbExec. Original error: 'Command '/Users/nikhilkumargupta/Library/Android/sdk/platform-tools/adb -P 5037 -s emulator-5554 shell getprop ro.build.version.sdk' timed out after 20000ms'. Try to increase the 20000ms adb execution timeout represented by 'adbExecTimeout' capability 
Host info: host: 'Solvatives-MacBook-Air.local', ip: '2401:4900:1c7b:421f:51b9:11c:710e:d82d%en0'
Build info: version: '4.9.0', revision: 'd7057100a6'
System info: os.name: 'Mac OS X', os.arch: 'aarch64', os.version: '13.3.1', java.version: '17.0.6'
Driver info: io.appium.java_client.android.AndroidDriver
Command: [null, newSession {capabilities=[{appium:appActivity=com.swaglabsmobileapp.SplashActivity, appium:appPackage=com.swaglabsmobileapp, appium:deviceName=Pixel_6_pro, appium:platformVersion=13, appium:automationName=UiAutomator2, appium:chromeDriverPort=11000, platformName=ANDROID, appium:systemPort=10000, appium:udid=emulator-5554}], desiredCapabilities=Capabilities {appActivity: com.swaglabsmobileapp.Splas..., appPackage: com.swaglabsmobileapp, appium:deviceName: Pixel_6_pro, appium:platformVersion: 13, automationName: UiAutomator2, chromeDriverPort: 11000, platformName: ANDROID, systemPort: 10000, udid: emulator-5554}}]
Capabilities {appActivity: com.swaglabsmobileapp.Splas..., appPackage: com.swaglabsmobileapp, appium:deviceName: Pixel_6_pro, appium:platformVersion: 13, automationName: UiAutomator2, chromeDriverPort: 11000, platformName: ANDROID, systemPort: 10000, udid: emulator-5554}
at org.openqa.selenium.remote.ProtocolHandshake.createSession(ProtocolHandshake.java:136)
at java.base/jdk.internal.reflect.NativeMethodAccessorImpl.invoke0(Native Method)
at java.base/jdk.internal.reflect.NativeMethodAccessorImpl.invoke(NativeMethodAccessorImpl.java:77)
at java.base/jdk.internal.reflect.DelegatingMethodAccessorImpl.invoke(DelegatingMethodAccessorImpl.java:43)
at java.base/java.lang.reflect.Method.invoke(Method.java:568)
at io.appium.java_client.remote.AppiumProtocolHandshake.createSession(AppiumProtocolHandshake.java:133)
at io.appium.java_client.remote.AppiumProtocolHandshake.createSession(AppiumProtocolHandshake.java:102)
at io.appium.java_client.remote.AppiumCommandExecutor.createSession(AppiumCommandExecutor.java:194)
at io.appium.java_client.remote.AppiumCommandExecutor.execute(AppiumCommandExecutor.java:262)
at org.openqa.selenium.remote.RemoteWebDriver.execute(RemoteWebDriver.java:543)
at io.appium.java_client.AppiumDriver.startSession(AppiumDriver.java:229)
at org.openqa.selenium.remote.RemoteWebDriver.<init>(RemoteWebDriver.java:157)
at io.appium.java_client.AppiumDriver.<init>(AppiumDriver.java:80)
at io.appium.java_client.AppiumDriver.<init>(AppiumDriver.java:92)
at io.appium.java_client.android.AndroidDriver.<init>(AndroidDriver.java:117)
at com.qa.BaseTest.beforeTest(BaseTest.java:262)
at java.base/jdk.internal.reflect.NativeMethodAccessorImpl.invoke0(Native Method)
at java.base/jdk.internal.reflect.NativeMethodAccessorImpl.invoke(NativeMethodAccessorImpl.java:77)
at java.base/jdk.internal.reflect.DelegatingMethodAccessorImpl.invoke(DelegatingMethodAccessorImpl.java:43)
at java.base/java.lang.reflect.Method.invoke(Method.java:568)
at org.testng.internal.invokers.MethodInvocationHelper.invokeMethod(MethodInvocationHelper.java:139)
at org.testng.internal.invokers.MethodInvocationHelper.invokeMethodConsideringTimeout(MethodInvocationHelper.java:69)
at org.testng.internal.invokers.ConfigInvoker.invokeConfigurationMethod(ConfigInvoker.java:361)
at org.testng.internal.invokers.ConfigInvoker.invokeConfigurations(ConfigInvoker.java:296)
at org.testng.TestRunner.invokeTestConfigurations(TestRunner.java:644)
at org.testng.TestRunner.beforeRun(TestRunner.java:633)
at org.testng.TestRunner.run(TestRunner.java:595)
at org.testng.SuiteRunner.runTest(SuiteRunner.java:437)
at org.testng.SuiteRunner$SuiteWorker.run(SuiteRunner.java:475)
at org.testng.internal.thread.ThreadUtil.lambda$execute$0(ThreadUtil.java:58)
at java.base/java.util.concurrent.FutureTask.run(FutureTask.java:264)
at java.base/java.util.concurrent.ThreadPoolExecutor.runWorker(ThreadPoolExecutor.java:1136)
at java.base/java.util.concurrent.ThreadPoolExecutor$Worker.run(ThreadPoolExecutor.java:635)
at java.base/java.lang.Thread.run(Thread.java:833)
]]>
            </full-stacktrace>
          </exception> <!-- org.openqa.selenium.SessionNotCreatedException -->
          <reporter-output>
          </reporter-output>
        </test-method> <!-- validateProductOnProductsdDetailPage -->
        <test-method is-config="true" signature="afterMethod()[pri:0, instance:com.qa.tests.ProductTests@5b7a5baa]" started-at="2023-05-01T19:09:23 IST" name="afterMethod" finished-at="2023-05-01T19:09:23 IST" duration-ms="0" status="SKIP">
          <reporter-output>
          </reporter-output>
        </test-method> <!-- afterMethod -->
        <test-method is-config="true" signature="afterMethod(org.testng.ITestResult)[pri:0, instance:com.qa.tests.ProductTests@5b7a5baa]" started-at="2023-05-01T19:09:23 IST" name="afterMethod" finished-at="2023-05-01T19:09:23 IST" duration-ms="0" status="SKIP">
          <reporter-output>
          </reporter-output>
        </test-method> <!-- afterMethod -->
        <test-method is-config="true" signature="afterClass()[pri:0, instance:com.qa.tests.ProductTests@5b7a5baa]" started-at="2023-05-01T19:09:23 IST" name="afterClass" finished-at="2023-05-01T19:09:23 IST" duration-ms="0" status="SKIP">
          <reporter-output>
          </reporter-output>
        </test-method> <!-- afterClass -->
        <test-method is-config="true" signature="aftertest()[pri:0, instance:com.qa.tests.ProductTests@5b7a5baa]" started-at="2023-05-01T19:09:23 IST" name="aftertest" finished-at="2023-05-01T19:09:23 IST" duration-ms="0" status="SKIP">
          <reporter-output>
          </reporter-output>
        </test-method> <!-- aftertest -->
        <test-method is-config="true" signature="afterSuite()[pri:0, instance:com.qa.tests.ProductTests@5b7a5baa]" started-at="2023-05-01T19:09:47 IST" name="afterSuite" finished-at="2023-05-01T19:09:47 IST" duration-ms="0" status="SKIP">
          <reporter-output>
          </reporter-output>
        </test-method> <!-- afterSuite -->
      </class> <!-- com.qa.tests.ProductTests -->
    </test> <!-- Android_6_pro -->
    <test started-at="2023-05-01T19:08:03 IST" name="iOS_14" finished-at="2023-05-01T19:09:47 IST" duration-ms="104644">
      <class name="com.qa.tests.ProductTests">
        <test-method is-config="true" signature="beforeTest(java.lang.String,java.lang.String,java.lang.String,java.lang.String,java.lang.String,java.lang.String,java.lang.String,java.lang.String)[pri:0, instance:com.qa.tests.ProductTests@38d8f54a]" started-at="2023-05-01T19:08:03 IST" name="beforeTest" finished-at="2023-05-01T19:08:38 IST" duration-ms="35141" status="PASS">
          <params>
            <param index="0">
              <value>
                <![CDATA[iPhone 14]]>
              </value>
            </param>
            <param index="1">
              <value>
                <![CDATA[iOS]]>
              </value>
            </param>
            <param index="2">
              <value>
                <![CDATA[16.1]]>
              </value>
            </param>
            <param index="3">
              <value>
                <![CDATA[82DC5A28-2F0B-4069-9597-C85F2219BBDD]]>
              </value>
            </param>
            <param index="4">
              <value>
                <![CDATA[androidOnly]]>
              </value>
            </param>
            <param index="5">
              <value>
                <![CDATA[androidOnly]]>
              </value>
            </param>
            <param index="6">
              <value>
                <![CDATA[10002]]>
              </value>
            </param>
            <param index="7">
              <value>
                <![CDATA[11002]]>
              </value>
            </param>
          </params>
          <reporter-output>
          </reporter-output>
        </test-method> <!-- beforeTest -->
        <test-method is-config="true" signature="beforeClass()[pri:0, instance:com.qa.tests.ProductTests@38d8f54a]" started-at="2023-05-01T19:08:38 IST" name="beforeClass" finished-at="2023-05-01T19:08:38 IST" duration-ms="4" status="PASS">
          <reporter-output>
          </reporter-output>
        </test-method> <!-- beforeClass -->
        <test-method is-config="true" signature="beforeMethod()[pri:0, instance:com.qa.tests.ProductTests@38d8f54a]" started-at="2023-05-01T19:08:38 IST" name="beforeMethod" finished-at="2023-05-01T19:08:43 IST" duration-ms="5205" status="PASS">
          <reporter-output>
          </reporter-output>
        </test-method> <!-- beforeMethod -->
        <test-method is-config="true" signature="beforeMethod(java.lang.reflect.Method)[pri:0, instance:com.qa.tests.ProductTests@38d8f54a]" started-at="2023-05-01T19:08:43 IST" name="beforeMethod" finished-at="2023-05-01T19:08:52 IST" duration-ms="9225" status="PASS">
          <params>
            <param index="0">
              <value>
                <![CDATA[public void com.qa.tests.ProductTests.validateProductOnProductsPage()]]>
              </value>
            </param>
          </params>
          <reporter-output>
          </reporter-output>
        </test-method> <!-- beforeMethod -->
        <test-method signature="validateProductOnProductsPage()[pri:0, instance:com.qa.tests.ProductTests@38d8f54a]" started-at="2023-05-01T19:08:52 IST" name="validateProductOnProductsPage" finished-at="2023-05-01T19:08:58 IST" duration-ms="5895" status="PASS">
          <reporter-output>
          </reporter-output>
        </test-method> <!-- validateProductOnProductsPage -->
        <test-method is-config="true" signature="afterMethod()[pri:0, instance:com.qa.tests.ProductTests@38d8f54a]" started-at="2023-05-01T19:08:58 IST" name="afterMethod" finished-at="2023-05-01T19:09:15 IST" duration-ms="16696" status="PASS">
          <reporter-output>
          </reporter-output>
        </test-method> <!-- afterMethod -->
        <test-method is-config="true" signature="afterMethod(org.testng.ITestResult)[pri:0, instance:com.qa.tests.ProductTests@38d8f54a]" started-at="2023-05-01T19:09:15 IST" name="afterMethod" finished-at="2023-05-01T19:09:15 IST" duration-ms="3" status="PASS">
          <params>
            <param index="0">
              <value>
                <![CDATA[[TestResult name=validateProductOnProductsPage status=SUCCESS method=ProductTests.validateProductOnProductsPage()[pri:0, instance:com.qa.tests.ProductTests@38d8f54a] output={null}]]]>
              </value>
            </param>
          </params>
          <reporter-output>
          </reporter-output>
        </test-method> <!-- afterMethod -->
        <test-method is-config="true" signature="beforeMethod()[pri:0, instance:com.qa.tests.ProductTests@38d8f54a]" started-at="2023-05-01T19:09:15 IST" name="beforeMethod" finished-at="2023-05-01T19:09:17 IST" duration-ms="2505" status="PASS">
          <reporter-output>
          </reporter-output>
        </test-method> <!-- beforeMethod -->
        <test-method is-config="true" signature="beforeMethod(java.lang.reflect.Method)[pri:0, instance:com.qa.tests.ProductTests@38d8f54a]" started-at="2023-05-01T19:09:17 IST" name="beforeMethod" finished-at="2023-05-01T19:09:29 IST" duration-ms="11302" status="PASS">
          <params>
            <param index="0">
              <value>
                <![CDATA[public void com.qa.tests.ProductTests.validateProductOnProductsdDetailPage()]]>
              </value>
            </param>
          </params>
          <reporter-output>
          </reporter-output>
        </test-method> <!-- beforeMethod -->
        <test-method signature="validateProductOnProductsdDetailPage()[pri:0, instance:com.qa.tests.ProductTests@38d8f54a]" started-at="2023-05-01T19:09:29 IST" name="validateProductOnProductsdDetailPage" finished-at="2023-05-01T19:09:35 IST" duration-ms="6064" status="PASS">
          <reporter-output>
          </reporter-output>
        </test-method> <!-- validateProductOnProductsdDetailPage -->
        <test-method is-config="true" signature="afterMethod()[pri:0, instance:com.qa.tests.ProductTests@38d8f54a]" started-at="2023-05-01T19:09:35 IST" name="afterMethod" finished-at="2023-05-01T19:09:40 IST" duration-ms="5117" status="PASS">
          <reporter-output>
          </reporter-output>
        </test-method> <!-- afterMethod -->
        <test-method is-config="true" signature="afterMethod(org.testng.ITestResult)[pri:0, instance:com.qa.tests.ProductTests@38d8f54a]" started-at="2023-05-01T19:09:40 IST" name="afterMethod" finished-at="2023-05-01T19:09:40 IST" duration-ms="1" status="PASS">
          <params>
            <param index="0">
              <value>
                <![CDATA[[TestResult name=validateProductOnProductsdDetailPage status=SUCCESS method=ProductTests.validateProductOnProductsdDetailPage()[pri:0, instance:com.qa.tests.ProductTests@38d8f54a] output={null}]]]>
              </value>
            </param>
          </params>
          <reporter-output>
          </reporter-output>
        </test-method> <!-- afterMethod -->
        <test-method is-config="true" signature="afterClass()[pri:0, instance:com.qa.tests.ProductTests@38d8f54a]" started-at="2023-05-01T19:09:40 IST" name="afterClass" finished-at="2023-05-01T19:09:43 IST" duration-ms="3413" status="PASS">
          <reporter-output>
          </reporter-output>
        </test-method> <!-- afterClass -->
        <test-method is-config="true" signature="aftertest()[pri:0, instance:com.qa.tests.ProductTests@38d8f54a]" started-at="2023-05-01T19:09:43 IST" name="aftertest" finished-at="2023-05-01T19:09:47 IST" duration-ms="4047" status="PASS">
          <reporter-output>
          </reporter-output>
        </test-method> <!-- aftertest -->
      </class> <!-- com.qa.tests.ProductTests -->
    </test> <!-- iOS_14 -->
  </suite> <!-- Suite -->
</testng-results>
