<?xml version="1.0" encoding="UTF-8"?>
<testsuite xmlns:xsi="http://www.w3.org/2001/XMLSchema-instance" xsi:noNamespaceSchemaLocation="https://maven.apache.org/surefire/maven-surefire-plugin/xsd/surefire-test-report-3.0.xsd" version="3.0" name="TestSuite" time="105.029" tests="17" errors="0" skipped="14" failures="1">
  <properties>
[...]
</properties>
  <testcase name="validateProductOnProductsPage" classname="com.qa.tests.ProductTests" time="5.9">
    <system-out><![CDATA[&amp#27;[35m[Appium]&amp#27;[39m Welcome to Appium v2.0.0-beta.53
&amp#27;[35m[Appium]&amp#27;[39m Non-default server args:
&amp#27;[35m[Appium]&amp#27;[39m { sessionOverride: &amp#27;[33mtrue&amp#27;[39m }
&amp#27;[35m[Appium]&amp#27;[39m Attempting to load driver xcuitest...
[debug] &amp#27;[35m[Appium]&amp#27;[39m Requiring driver at /Users/nikhilkumargupta/.appium/node_modules/appium-xcuitest-driver
[Appium] Attempting to load driver uiautomator2...
[debug] [Appium] Requiring driver at /Users/nikhilkumargupta/.appium/node_modules/appium-uiautomator2-driver
[Appium] Appium REST http interface listener started on 0.0.0.0:4723
[Appium] Available drivers:
[Appium]   - xcuitest@4.16.10 (automationName 'XCUITest')
[Appium]   - uiautomator2@2.12.3 (automationName 'UiAutomator2')
[Appium] No plugins have been installed. Use the "appium plugin" command to install the one(s) you want to use.
&amp#27;[38;5;0m[HTTP]&amp#27;[0m &amp#27;[37m-->&amp#27;[39m &amp#27;[37mGET&amp#27;[39m &amp#27;[37m/status&amp#27;[39m
&amp#27;[38;5;0m[HTTP]&amp#27;[0m {}
[debug] &amp#27;[38;5;16m[AppiumDriver@6a7d]&amp#27;[0m Calling AppiumDriver.getStatus() with args: []
[debug] &amp#27;[38;5;16m[AppiumDriver@6a7d]&amp#27;[0m Responding to client with driver.getStatus() result: {"build":{"version":"2.0.0-beta.53"}}
&amp#27;[38;5;0m[HTTP]&amp#27;[0m <-- GET /status 200 20 ms - 47
&amp#27;[38;5;0m[HTTP]&amp#27;[0m 
&amp#27;[38;5;0m[HTTP]&amp#27;[0m &amp#27;[37m-->&amp#27;[39m &amp#27;[37mGET&amp#27;[39m &amp#27;[37m/status&amp#27;[39m
&amp#27;[38;5;0m[HTTP]&amp#27;[0m {}
[debug] &amp#27;[38;5;16m[AppiumDriver@6a7d]&amp#27;[0m Calling AppiumDriver.getStatus() with args: []
[debug] &amp#27;[38;5;16m[AppiumDriver@6a7d]&amp#27;[0m Responding to client with driver.getStatus() result: {"build":{"version":"2.0.0-beta.53"}}
&amp#27;[38;5;0m[HTTP]&amp#27;[0m <-- GET /status 200 19 ms - 47
&amp#27;[38;5;0m[HTTP]&amp#27;[0m 
&amp#27;[35m[Appium]&amp#27;[39m Welcome to Appium v2.0.0-beta.53
&amp#27;[35m[Appium]&amp#27;[39m Non-default server args:
&amp#27;[35m[Appium]&amp#27;[39m { port: &amp#27;[33m4724&amp#27;[39m, sessionOverride: &amp#27;[33mtrue&amp#27;[39m }
&amp#27;[35m[Appium]&amp#27;[39m Attempting to load driver xcuitest...
[debug] &amp#27;[35m[Appium]&amp#27;[39m Requiring driver at /Users/nikhilkumargupta/.appium/node_modules/appium-xcuitest-driver
[Appium] Attempting to load driver uiautomator2...
[debug] [Appium] Requiring driver at /Users/nikhilkumargupta/.appium/node_modules/appium-uiautomator2-driver
[Appium] Appium REST http interface listener started on 0.0.0.0:4724
[Appium] Available drivers:
[Appium]   - xcuitest@4.16.10 (automationName 'XCUITest')
[Appium]   - uiautomator2@2.12.3 (automationName 'UiAutomator2')
[Appium] No plugins have been installed. Use the "appium plugin" command to install the one(s) you want to use.
&amp#27;[38;5;0m[HTTP]&amp#27;[0m &amp#27;[37m-->&amp#27;[39m &amp#27;[37mGET&amp#27;[39m &amp#27;[37m/status&amp#27;[39m
&amp#27;[38;5;0m[HTTP]&amp#27;[0m {}
[debug] &amp#27;[38;5;16m[AppiumDriver@9f6d]&amp#27;[0m Calling AppiumDriver.getStatus() with args: []
[debug] &amp#27;[38;5;16m[AppiumDriver@9f6d]&amp#27;[0m Responding to client with driver.getStatus() result: {"build":{"version":"2.0.0-beta.53"}}
&amp#27;[38;5;0m[HTTP]&amp#27;[0m <-- GET /status 200 23 ms - 47
&amp#27;[38;5;0m[HTTP]&amp#27;[0m 
2023-05-01-19-19-08
19:Android:Pixel_6_pro:com.qa.BaseTest:===========Android=================
&amp#27;[38;5;0m[HTTP]&amp#27;[0m &amp#27;[37m-->&amp#27;[39m &amp#27;[37mGET&amp#27;[39m &amp#27;[37m/status&amp#27;[39m
&amp#27;[38;5;0m[HTTP]&amp#27;[0m {}
[debug] &amp#27;[38;5;16m[AppiumDriver@9f6d]&amp#27;[0m Calling AppiumDriver.getStatus() with args: []
[debug] &amp#27;[38;5;16m[AppiumDriver@9f6d]&amp#27;[0m Responding to client with driver.getStatus() result: {"build":{"version":"2.0.0-beta.53"}}
2023-05-01-19-19-08
18:iOS:iPhone 14:com.qa.BaseTest:===========iOS=================
&amp#27;[38;5;0m[HTTP]&amp#27;[0m <-- GET /status 200 13 ms - 47
&amp#27;[38;5;0m[HTTP]&amp#27;[0m 
++++++++++++++++++++++++++++{products_page_slb_price=$29.99, product_details_page_slb_price=$29.99, product_details_page_slb_title=Sauce Labs Backpack, products_page_slb_title=Sauce Labs Backpack, invalid_username_or_password=Username and password do not match any user in this service., product_title=PRODUCTS, product_details_page_slb_txt=carry.allTheThings() with the sleek, streamlined Sly Pack that melds uncompromising style with unequaled laptop and tablet protection.}
PRODUCTS
18:iOS:iPhone 14:com.qa.BaseTest:iOS App Url is /Users/nikhilkumargupta/eclipse-workspace/TDDFramework2 copy/src/test/resources/app/iOSSauceLabsMobileSample.app
[INFO ] 2023-05-01 19:08:20.090 com.qa.BaseTest:204 - Test Message For log
++++++++++++++++++++++++++++{products_page_slb_price=$29.99, product_details_page_slb_price=$29.99, product_details_page_slb_title=Sauce Labs Backpack, products_page_slb_title=Sauce Labs Backpack, invalid_username_or_password=Username and password do not match any user in this service., product_title=PRODUCTS, product_details_page_slb_txt=carry.allTheThings() with the sleek, streamlined Sly Pack that melds uncompromising style with unequaled laptop and tablet protection.}
PRODUCTS
19:Android:Pixel_6_pro:com.qa.BaseTest:Android App Url is /Users/nikhilkumargupta/eclipse-workspace/TDDFramework2%20copy/target/test-classes/app/Android.SauceLabs.Mobile.Sample.app.2.7.1.apk
[debug] &amp#27;[38;5;0m[HTTP]&amp#27;[0m Request idempotency key: 9bd33534-2e46-48de-88c6-f68f1b7fc280
[debug] &amp#27;[38;5;0m[HTTP]&amp#27;[0m Request idempotency key: 691f17e5-3ba8-4dc8-8b3a-4ecf44d073ee
&amp#27;[38;5;0m[HTTP]&amp#27;[0m &amp#27;[37m-->&amp#27;[39m &amp#27;[37mPOST&amp#27;[39m &amp#27;[37m/session&amp#27;[39m
&amp#27;[38;5;0m[HTTP]&amp#27;[0m {"capabilities":{"firstMatch":[{}],"alwaysMatch":{"appium:automationName":"XCUITest","appium:bundleId":"com.saucelabs.SwagLabsMobileApp","appium:deviceName":"iPhone 14","appium:platformVersion":"16.1","appium:udid":"82DC5A28-2F0B-4069-9597-C85F2219BBDD","appium:wdaLocalPort":"10002","appium:webkitDebugProxyPort":"11002","platformName":"IOS"}}}
[debug] &amp#27;[38;5;16m[AppiumDriver@9f6d]&amp#27;[0m Calling AppiumDriver.createSession() with args: [null,null,{"firstMatch":[{}],"alwaysMatch":{"appium:automationName":"XCUITest","appium:bundleId":"com.saucelabs.SwagLabsMobileApp","appium:deviceName":"iPhone 14","appium:platformVersion":"16.1","appium:udid":"82DC5A28-2F0B-4069-9597-C85F2219BBDD","appium:wdaLocalPort":"10002","appium:webkitDebugProxyPort":"11002","platformName":"IOS"}}]
[debug] &amp#27;[38;5;16m[AppiumDriver@9f6d]&amp#27;[0m Event 'newSessionRequested' logged at 1682948300450 (19:08:20 GMT+0530 (India Standard Time))
&amp#27;[38;5;0m[HTTP]&amp#27;[0m &amp#27;[37m-->&amp#27;[39m &amp#27;[37mPOST&amp#27;[39m &amp#27;[37m/session&amp#27;[39m
&amp#27;[38;5;0m[HTTP]&amp#27;[0m {"capabilities":{"firstMatch":[{}],"alwaysMatch":{"appium:appActivity":"com.swaglabsmobileapp.SplashActivity","appium:appPackage":"com.swaglabsmobileapp","appium:automationName":"UiAutomator2","appium:chromeDriverPort":"11000","appium:deviceName":"Pixel_6_pro","appium:platformVersion":"13","appium:systemPort":"10000","appium:udid":"emulator-5554","platformName":"ANDROID"}}}
[de[bAupgp]i u&amp#27;m[]3 8A;t5t;1empti6nmg[ tAop pfiiunmDdri vmeart@chin6ga 7ddr]i&amp#27;v[e0rm  fCaolrl ianugt oAmpaptiiuomnDNriavmeer .'cXrCeUaItTeeSsets's iaonn(d)  pwliatthf oarrmgNsa:m e[ n'uIlOlS,'n
u[lAlp,{p"ifuimr]st MTahtec h'"x:cu[i{t}e]s,t"'al wdaryisvMeart cwahs" :i{"nasptpailulemd: aapnpd mAacttcivheidt yc"a:p"sc.o
m[.Aspwpaigulma]b sWmiolbli lreeaqpupi.rSep liatsh Aactt i/vUisteyr"s,/"naipkphiiulmk:uampaprPgaucptkaa/g.ea"p:p"icuomm/.nsowdaeg_lmaobdsumloebsi/laepappipu"m,-"xacpupiiutme:satu-tdormivaetri
o[ndNeabmueg"]: "[AUpipAiuutm]o mRaetqouri2r"i,n"ga pdpriiuvme:rc at h/roUmseeDrrsi/nviekrhPiolrktu"m:a"r1g1u0p0t0a"/,."aappppiiuumm:/noddeev_imcoedNuamlee"s:/"aPpipxel_6_pro","appiumi:upml-axtcfuoirtmeVsetr-sdiroinv"e:r"
1&amp#27;3[",3"a8p;p5i;u1m6:ms[yAsptpeimPuomrDtri"v:e"r1@090f6d0]0&amp#27;"[,0"ma pAppipiuumm: uvd2i.d0".:0"-ebmeutlaat.o5r3- 5c5r5e4a"t,i"npgl antefwo rXmCNUaImTestDriver (ev4".:16.10) ses"sAiNoDnR
O&amp#27;I[D3"8};}5];
1[6dme[bug]A pp&amp#27;i[u3m8D;5r;i1v6emr[@A9pfp6idu]m&amp#27;D[r0imv erC@hec6kai7ndg]&amp#27; [B0ams eEDvrievnetr  'vneerwsSiesosnsi ofnoRre qAupepsituemd 'a nldo gXgCeUdI Taets 168294t8Drive3r
004&amp#27;[538;5;61 6(m1[9A:p0p8i:u2m0D rGiMvTe+r053@09 (fI6ndd]i&amp#27;[0m Appium's BaseDriver version is 9.3.a0 
Standard Time))
&amp#27;[38;5;16m[AppiumDriver@9f6d]&amp#27;[0m XCUITestDriver's BaseDriver version is 9.3.0
[debug] &amp#27;[38;5;16m[AppiumDriver@9f6d]&amp#27;[0m There are no active sessions for cleanup
[Appium] Attempting to find matching driver for automationName 'UiAut[debug] &amp#27;[38;5;32m[XCUITestDriver@e9d5]&amp#27;[0m Creating session with W3C capabilities: {
[debug] &amp#27;[38;5;32m[XCUITestDromator2' and platformName 'ANDROID'
[Appium] The 'uiautomator2' driver was installed and matched caps.
[Appium] Will requirei vietr@ ea9dt5 ]/&amp#27;[U0sme r s /n"iaklhwaysMatch": {
[debug] &amp#27;[38;5;32m[XCUITestDriver@e9d5]&amp#27;[0m     "platformName": "IOS",
[debug] &amp#27;[38;5;32m[XCUITestDriver@e9d5]&amp#27;[0m     "appium:automationName": "XCUITest",
[debug] &amp#27;[38;5;32m[XCUITestDriver@e9d5]&amp#27;[0m     "appium:bundleId": "com.saucelabs.SwagLabsMobileApp",
[debug] &amp#27;[38;5;32m[XCUITestDriver@e9d5]&amp#27;[0m     "appium:deviceName": "iPhone 14",
[debug] &amp#27;[38;5;32m[XCUITestDriver@e9d5]&amp#27;[0m     "appium:platformVersion": "16.1",
[debug] &amp#27;[38;5;32m[XCUITestDriver@e9d5]&amp#27;[0m     "appium:udid": "82DC5A28-2F0B-4069-9597-C85F2219BBDD",
[debug] &amp#27;[38;5;32m[XCUITestDriver@e9d5]&amp#27;[0m     "appium:wdaLocalPort": "10002",
[debug] &amp#27;[38;5;32m[XCUITestDriver@e9d5]&amp#27;[0m     "appium:webkitDebugProxyPort": "11002"
[debug] &amp#27;[38;5;32m[XCUITestDriver@e9d5]&amp#27;[0m   },
[debug] &amp#27;[38;5;32m[XCUITestDriver@e9d5]&amp#27;[0m   "firstMatch": [
[debug] &amp#27;[38;5;32m[XCUITestDriver@e9d5]&amp#27;[0m     {}
[debug] &amp#27;[38;5;32m[XCUITestDriver@e9d5]&amp#27;[0m   ]
[debug] &amp#27;[38;5;32m[XCUITestDriver@e9d5]&amp#27;[0m }
ilkumargupta/.appium/node_modules/appium-uiautomator2-driver
[debug] [Appium] Requiring driver at /Users/nikhilkumargupta/.appium/node_modules/appium-uiautomator2-driver
&amp#27;[38;5;16m[AppiumDriver@6a7d]&amp#27;[0m Appium v2.0.0-beta.53 creating new AndroidUiautomator2Driver (v2.12.3) session
&amp#27;[38;5;16m[AppiumDriver@6a7d]&amp#27;[0m Checking BaseDriver versions for Appium and AndroidUiautomator2Driv&amp#27;[38;5;48m[BaseDriver]&amp#27;[0m Number capability passed in as string. Functionality may be compromised.
er
&amp#27;[38;5;16m[AppiumDriver@6a7d]&amp#27;[0m Appium's BaseDriver version is 9.3.0
&amp#27;[38;5;16m[AppiumDriver@6a7d]&amp#27;[0m AndroidUiautomator2Driver's BaseDriver version is 9.3.0
[debug] &amp#27;[38;5;16m[AppiumDriver@6a7d]&amp#27;[0m There are no active sessions for cleanup
[debug] &amp#27;[38;5;32m[AndroidUiautomator2Driver@ef57]&amp#27;[0m Creating session with W3C capabilities: {
[debug] &amp#27;[38;5;32m[AndroidUiautomator2Driver@ef57]&amp#27;[0m   "alwaysMatch": {
[debug] &amp#27;[38;5;32m[AndroidUiautomator2Driver@ef57]&amp#27;[0m     "platformName": "ANDROID",
[debug] &amp#27;[38;5;32m[AndroidUiautomator2Driver@ef57]&amp#27;[0m     "appium:appActivity": "com.swaglabsmobileapp.SplashActivity",
[debug] &amp#27;[38;5;32m[AndroidUiautomator2Driver@ef5&amp#27;[38;57;32]&amp#27;[0m     "appium:appPackage": "cmom[.XsCwaUglaIbsmobileaTpp",
e[desbugt] &amp#27;[D38r;5i;3v2em[rAn@dreoi9dUidaut5omato]r&amp#27;2Drive[r@0ef5m7] &amp#27;[C0ma   p a "abppiiulm:iatutyom ati'ownNamed":a "LUioAuctaomlatPoro2"r,
t[debu'g]  &amp#27;[38c;5h;32am[nAndgroidUeiadutoma torf2Drriomver@ef57]&amp#27; [0sm  t   "arppiium:cnhrgom eDr(iver'Po1rt"00: "011020'0"),
[ debugt] &amp#27;[o38;5;3 2m[iAndroidUniauttomator2Dreiver@egf57]e&amp#27;[0m  r   "a ppium:d(evic1eName": "0Pixe0l_6_pro"0,
2[debug)]. This  &amp#27;[38m;5;32m[aAndryoidU iautocmator2Draiveru@ef57]&amp#27;s[0m     e" appium:pulnatformeVersxion"p: "13",
e[debcug] t&amp#27;[38;e5;32m[dAnd robidUieauthomatoar2Drivver@ief57o]&amp#27;[0rm    
 "appium:systemPort": "1&amp#27;0000",[
[de3bug]8 &amp#27;[38;;5;325m[An;dro3idUia2umtom[ator2Driver@ef57]&amp#27;[0m     "appXium:udiCd": "UemulaItor-5T554"
e[debusg]t &amp#27;D[38;r5;32im[vAndreoidUiraut@omatore2Drive9r@ef5d7]&amp#27;[05m   ]},
[&amp#27;de[bu0g] &amp#27;[m38;5 ;32mT[AndhroideUiau tomatofr2Drivoer@elf57l]o&amp#27;[w0m  i "firnstMgatch ":c [
[adpebug] a&amp#27;[38b;i5;3l2mi[AntdrioeidsUi autwomaetorre2D ripverr@eof5v7]&amp#27;i[0md   e  d{,}
 [debbugu]t  &amp#27;[a38r;5;e32 m[Anndroot recognized by Appiuimd:
&amp#27;[U3i8;a5u;3to2mm[XaCtUoIrT2DrestDriviveerr@@eef9d575]&amp#27;]&amp#27;[0[0m m   webki  ]t
[deDbuebg]ug Pr&amp#27;[ox38y;5Po;3rt2m
&amp#27;[[3An8;dr5;oi3dU2mia[XutCUIomTaetosr2tDDrriivever@r@e9edf55 7](1&amp#27;[1b0m4e b7}5
)&amp#27;[]38&amp#27;[;50m; 4S8esm[siBaosen Drcriver]e&amp#27;[a0tme d Nwiutmh bseessiron  cida: p11ba4beib75-7c2el-4if2t0-y8 23p1-a88sdcs1ae8d02 3ib1
n as string. Functionality may be compromised.
&amp#27;[38;5;48m[BaseDriver]&amp#27;[0m Number capability passed in as string. Functionality may be compromised.
&amp#27;[38;5;32m[AndroidUiautomator2Driver@ef57]&amp#27;[0m Capability 'systemPort' changed from string ('10000') to integer (10000). This may cause unexpected behavior
&amp#27;[38;5;32m[AndroidUiautomator2Driver@ef57]&amp#27;[0m Capability 'chromeDriverPort' changed from string ('11000') to integer (11000). This may cause unexpected behavior
&amp#27;[38;5;32m[AndroidUiautomator2Driver@ef57 (f9748292)]&amp#27;[0m Session created with session id: f9748292-7022-4aca-bf4f-17be67ba19f6
&amp#27;[38;5;32m[AndroidUiautomator2Driver@ef57 (f9748292)]&amp#27;[0m Starting 'com.swaglabsmobileapp' directly on the device
&amp#27;[38;5;64m[ADB]&amp#27;[0m Found 4 'build-tools' folders under '/Users/nikhilkumargupta/Library/Android/sdk' (newest first):
&amp#27;[38;5;64m[ADB]&amp#27;[0m     /Users/nikhilkumargupta/Library/Android/sdk/build-tools/33.0.1
&amp#27;[38;5;64m[ADB]&amp#27;[0m     /Users/nikhilkumargupta/Library/Android/sdk/build-tools/33.0.0
&amp#27;[38;5;64m[ADB]&amp#27;[0m     /Users/nikhilkumargupta/Library/Android/sdk/build-tools/31.0.0
&amp#27;[38;5;64m[ADB]&amp#27;[0m     /Users/nikhilkumargupta/Library/Android/sdk/build-tools/30.0.3
&amp#27;[38;5;64m[ADB]&amp#27;[0m Using 'adb' from '/Users/nikhilkumargupta/Library/Android/sdk/platform-tools/adb'
[debug] &amp#27;[38;5;64m[ADB]&amp#27;[0m Running '/Users/nikhilkumargupta/Library/Android/sdk/platform-tools/adb -P 5037 start-server'
[debug] &amp#27;[38;5;64m[XCUITest]&amp#27;[0m Current user: 'nikhilkumargupta'
[debug] &amp#27;[38;5;32m[XCUITestDriver@e9d5 (11b4eb75)]&amp#27;[0m Available devices: 
[debug] &amp#27;[38;5;32m[XCUITestDriver@e9d5 (11b4eb75)]&amp#27;[0m No real device with udid '82DC5A28-2F0B-4069-9597-C85F2219BBDD'. Looking for simulator
&amp#27;[38;5;80m[AndroidDriver]&amp#27;[0m Retrieving device list
[debug] &amp#27;[38;5;64m[ADB]&amp#27;[0m Trying to find a connected android device
[debug] &amp#27;[38;5;64m[ADB]&amp#27;[0m Getting connected devices
[debug] &amp#27;[38;5;64m[ADB]&amp#27;[0m Connected devices: [{"udid":"emulator-5554","state":"device"}]
&amp#27;[38;5;80m[AndroidDriver]&amp#27;[0m Using device: emulator-5554
&amp#27;[38;5;64m[ADB]&amp#27;[0m Using 'adb' from '/Users/nikhilkumargupta/Library/Android/sdk/platform-tools/adb'
[debug] &amp#27;[38;5;64m[ADB]&amp#27;[0m Running '/Users/nikhilkumargupta/Library/Android/sdk/platform-tools/adb -P 5037 start-server'
[debug] &amp#27;[38;5;64m[ADB]&amp#27;[0m Setting device id to emulator-5554
[debug] &amp#27;[38;5;64m[ADB]&amp#27;[0m Running '/Users/nikhilkumargupta/Library/Android/sdk/platform-tools/adb -P 5037 -s emulator-5554 shell getprop ro.build.version.sdk'
&amp#27;[38;5;80m[iOSSim]&amp#27;[0m Constructing iOS simulator for Xcode version 14.1 with udid '82DC5A28-2F0B-4069-9597-C85F2219BBDD'
&amp#27;[38;5;32m[XCUITestDriver@e9d5 (11b4eb75)]&amp#27;[0m Determining device to run tests on: udid: '82DC5A28-2F0B-4069-9597-C85F2219BBDD', real device: false
[debug] &amp#27;[38;5;32m[XCUITestDriver@e9d5 (11b4eb75)]&amp#27;[0m Event 'xcodeDetailsRetrieved' logged at 1682948301464 (19:08:21 GMT+0530 (India Standard Time))
[debug] &amp#27;[38;5;32m[XCUITestDriver@e9d5 (11b4eb75)]&amp#27;[0m Event 'appConfigured' logged at 1682948301465 (19:08:21 GMT+0530 (India Standard Time))
[debug] &amp#27;[38;5;32m[XCUITestDriver@e9d5 (11b4eb75)]&amp#27;[0m Event 'resetStarted' logged at 1682948301465 (19:08:21 GMT+0530 (India Standard Time))
&amp#27;[38;5;80m[iOSSim]&amp#27;[0m Found 0 com.saucelabs.SwagLabsMobileApp app files to scrub
[debug] &amp#27;[38;5;32m[XCUITestDriver@e9d5 (11b4eb75)]&amp#27;[0m Event 'resetComplete' logged at 1682948302466 (19:08:22 GMT+0530 (India Standard Time))
&amp#27;[38;5;32m[XCUITestDriver@e9d5 (11b4eb75)]&amp#27;[0m Using WDA path: '/Users/nikhilkumargupta/.appium/node_modules/appium-xcuitest-driver/node_modules/appium-webdriveragent'
&amp#27;[38;5;32m[XCUITestDriver@e9d5 (11b4eb75)]&amp#27;[0m Using WDA agent: '/Users/nikhilkumargupta/.appium/node_modules/appium-xcuitest-driver/node_modules/appium-webdriveragent/WebDriverAgent.xcodeproj'
[debug] &amp#27;[38;5;96m[IOSSimulatorLog]&amp#27;[0m Starting log capture for iOS Simulator with udid '82DC5A28-2F0B-4069-9597-C85F2219BBDD' using simctl
[debug] &amp#27;[38;5;32m[XCUITestDriver@e9d5 (11b4eb75)]&amp#27;[0m Event 'logCaptureStarted' logged at 1682948303057 (19:08:23 GMT+0530 (India Standard Time))
&amp#27;[38;5;32m[XCUITestDriver@e9d5 (11b4eb75)]&amp#27;[0m Setting up simulator
[debug] &amp#27;[38;5;80m[iOSSim]&amp#27;[0m Setting preferences of 82DC5A28-2F0B-4069-9597-C85F2219BBDD Simulator to {"ConnectHardwareKeyboard":false}
[debug] &amp#27;[38;5;80m[iOSSim]&amp#27;[0m Setting common Simulator preferences to {"RotateWindowWhenSignaledByGuest":true,"StartLastDeviceOnLaunch":false,"DetachOnWindowClose":false,"AttachBootedOnStart":true,"ConnectHardwareKeyboard":false,"PasteboardAutomaticSync":false}
[debug] &amp#27;[38;5;80m[iOSSim]&amp#27;[0m Updated 82DC5A28-2F0B-4069-9597-C85F2219BBDD Simulator preferences at '/Users/nikhilkumargupta/Library/Preferences/com.apple.iphonesimulator.plist' with {"RotateWindowWhenSignaledByGuest":true,"StartLastDeviceOnLaunch":false,"DetachOnWindowClose":false,"AttachBootedOnStart":true,"ConnectHardwareKeyboard":false,"PasteboardAutomaticSync":false,"DevicePreferences":{"82DC5A28-2F0B-4069-9597-C85F2219BBDD":{"ConnectHardwareKeyboard":false,"SimulatorExternalDisplay":2114,"ChromeTint":"","SimulatorWindowGeometry":{"974E164C-3481-4B05-A5F1-0A2F957411A4":{"WindowCenter":"{865.5, 388}","WindowScale":0.6599099099099099}},"SimulatorWindowRotationAngle":0,"SimulatorWindowOrientation":"Portrait"}}}
[debug] &amp#27;[38;5;80m[iOSSim]&amp#27;[0m Got Simulator UI client PID: 20123
&amp#27;[38;5;80m[iOSSim]&amp#27;[0m Both Simulator with UDID '82DC5A28-2F0B-4069-9597-C85F2219BBDD' and the UI client are currently running
[debug] &amp#27;[38;5;32m[XCUITestDriver@e9d5 (11b4eb75)]&amp#27;[0m Event 'simStarted' logged at 1682948303930 (19:08:23 GMT+0530 (India Standard Time))
[debug] &amp#27;[38;5;32m[XCUITestDriver@e9d5 (11b4eb75)]&amp#27;[0m No obsolete cached processes from previous WDA sessions listening on port 10002 have been found
&amp#27;[38;5;112m[DevCon Factory]&amp#27;[0m Requesting connection for device 82DC5A28-2F0B-4069-9597-C85F2219BBDD on local port 10002
[debug] &amp#27;[38;5;112m[DevCon Factory]&amp#27;[0m Cached connections count: 0
&amp#27;[38;5;112m[DevCon Factory]&amp#27;[0m Successfully requested the connection for 82DC5A28-2F0B-4069-9597-C85F2219BBDD:10002
[debug] &amp#27;[38;5;32m[XCUITestDriver@e9d5 (11b4eb75)]&amp#27;[0m Parsed BUILD_DIR configuration value: '/Users/nikhilkumargupta/Library/Developer/Xcode/DerivedData/WebDriverAgent-dsnktxbjphhbgecvpslsnatznadg/Build/Products'
[debug] &amp#27;[38;5;32m[XCUITestDriver@e9d5 (11b4eb75)]&amp#27;[0m Got derived data root: '/Users/nikhilkumargupta/Library/Developer/Xcode/DerivedData/WebDriverAgent-dsnktxbjphhbgecvpslsnatznadg'
[debug] &amp#27;[38;5;32m[XCUITestDriver@e9d5 (11b4eb75)]&amp#27;[0m Starting WebDriverAgent initialization with the synchronization key '/Users/nikhilkumargupta/Library/Developer/Xcode/DerivedData/WebDriverAgent-dsnktxbjphhbgecvpslsnatznadg'
[debug] &amp#27;[38;5;128m[WD Proxy]&amp#27;[0m Matched '/status' to command name 'getStatus'
[debug] &amp#27;[38;5;128m[WD Proxy]&amp#27;[0m Proxying [GET /status] to [GET http://127.0.0.1:10002/status] with no body
[debug] &amp#27;[38;5;128m[WD Proxy]&amp#27;[0m Got response with status 200: {"value":{"message":"WebDriverAgent is ready to accept commands","state":"success","os":{"testmanagerdVersion":28,"name":"iOS","sdkVersion":"16.1","version":"16.1"},"ios":{"simulatorVersion":"16.1","ip":"192.168.1.2"},"ready":true,"build":{"upgradedAt":"1675333916643","time":"Mar 25 2023 11:14:35","productBundleIdentifier":"com.facebook.WebDriverAgentRunner"}},"sessionId":"1E1CEDD5-4F9C-4C57-8AB2-E824D9BB4C29"}
[debug] &amp#27;[38;5;32m[XCUITestDriver@e9d5 (11b4eb75)]&amp#27;[0m Upgrade timestamp of the currently bundled WDA: 1675333916643
[debug] &amp#27;[38;5;32m[XCUITestDriver@e9d5 (11b4eb75)]&amp#27;[0m Upgrade timestamp of the WDA on the device: 1675333916643
&amp#27;[38;5;32m[XCUITestDriver@e9d5 (11b4eb75)]&amp#27;[0m Will reuse previously cached WDA instance at 'http://127.0.0.1:10002/' with 'com.facebook.WebDriverAgentRunner'. Set the wdaLocalPort capability to a value different from 10002 if this is an undesired behavior.
[debug] &amp#27;[38;5;32m[XCUITestDriver@e9d5 (11b4eb75)]&amp#27;[0m Trying to start WebDriverAgent 2 times with 10000ms interval
[debug] &amp#27;[38;5;32m[XCUITestDriver@e9d5 (11b4eb75)]&amp#27;[0m These values can be customized by changing wdaStartupRetries/wdaStartupRetryInterval capabilities
[debug] &amp#27;[38;5;32m[XCUITestDriver@e9d5 (11b4eb75)]&amp#27;[0m Event 'wdaStartAttempted' logged at 1682948316181 (19:08:36 GMT+0530 (India Standard Time))
&amp#27;[38;5;32m[XCUITestDriver@e9d5 (11b4eb75)]&amp#27;[0m Using provided WebdriverAgent at 'http://127.0.0.1:10002/'
[debug] &amp#27;[38;5;128m[WD Proxy]&amp#27;[0m Matched '/status' to command name 'getStatus'
[debug] &amp#27;[38;5;128m[WD Proxy]&amp#27;[0m Proxying [GET /status] to [GET http://127.0.0.1:10002/status] with no body
[debug] &amp#27;[38;5;128m[WD Proxy]&amp#27;[0m Got response with status 200: {"value":{"message":"WebDriverAgent is ready to accept commands","state":"success","os":{"testmanagerdVersion":28,"name":"iOS","sdkVersion":"16.1","version":"16.1"},"ios":{"simulatorVersion":"16.1","ip":"192.168.1.2"},"ready":true,"build":{"upgradedAt":"1675333916643","time":"Mar 25 2023 11:14:35","productBundleIdentifier":"com.facebook.WebDriverAgentRunner"}},"sessionId":"1E1CEDD5-4F9C-4C57-8AB2-E824D9BB4C29"}
[debug] &amp#27;[38;5;32m[XCUITestDriver@e9d5 (11b4eb75)]&amp#27;[0m Event 'wdaSessionAttempted' logged at 1682948316197 (19:08:36 GMT+0530 (India Standard Time))
[debug] &amp#27;[38;5;32m[XCUITestDriver@e9d5 (11b4eb75)]&amp#27;[0m Sending createSession command to WDA
[debug] &amp#27;[38;5;32m[XCUITestDriver@e9d5 (11b4eb75)]&amp#27;[0m Matched '/session' to command name 'createSession'
[debug] &amp#27;[38;5;32m[XCUITestDriver@e9d5 (11b4eb75)]&amp#27;[0m Proxying [POST /session] to [POST http://127.0.0.1:10002/session] with body: {"capabilities":{"firstMatch":[{"bundleId":"com.saucelabs.SwagLabsMobileApp","arguments":[],"environment":{},"eventloopIdleDelaySec":0,"shouldWaitForQuiescence":true,"shouldUseTestManagerForVisibilityDetection":false,"maxTypingFrequency":60,"shouldUseSingletonTestManager":true,"shouldTerminateApp":true,"forceAppLaunch":true,"useNativeCachingStrategy":true,"forceSimulatorSoftwareKeyboardPresence":true}],"alwaysMatch":{}}}
[debug] &amp#27;[38;5;32m[XCUITestDriver@e9d5 (11b4eb75)]&amp#27;[0m Got response with status 200: {"value":{"sessionId":"411EDCDE-CB44-4EC0-BD9D-A883C7F745E5","capabilities":{"device":"iphone","browserName":"SwagLabsMobileApp","sdkVersion":"16.1","CFBundleIdentifier":"com.saucelabs.SwagLabsMobileApp"}},"sessionId":"411EDCDE-CB44-4EC0-BD9D-A883C7F745E5"}
&amp#27;[38;5;32m[XCUITestDriver@e9d5 (11b4eb75)]&amp#27;[0m Determined the downstream protocol as 'W3C'
[debug] &amp#27;[38;5;32m[XCUITestDriver@e9d5 (11b4eb75)]&amp#27;[0m Event 'wdaSessionStarted' logged at 1682948318204 (19:08:38 GMT+0530 (India Standard Time))
[debug] &amp#27;[38;5;32m[XCUITestDriver@e9d5 (11b4eb75)]&amp#27;[0m Event 'wdaStarted' logged at 1682948318205 (19:08:38 GMT+0530 (India Standard Time))
[debug] &amp#27;[38;5;48m[BaseDriver]&amp#27;[0m The value of 'elementResponseAttributes' setting did not change. Skipping the update for it
[debug] &amp#27;[38;5;48m[BaseDriver]&amp#27;[0m The value of 'shouldUseCompactResponses' setting did not change. Skipping the update for it
&amp#27;[38;5;16m[AppiumDriver@9f6d]&amp#27;[0m New XCUITestDriver session created successfully, session 11b4eb75-7c2e-4f20-8231-88dc1a8023b1 added to master session list
[debug] &amp#27;[38;5;16m[AppiumDriver@9f6d]&amp#27;[0m Event 'newSessionStarted' logged at 1682948318216 (19:08:38 GMT+0530 (India Standard Time))
[debug] &amp#27;[38;5;32m[XCUITestDriver@e9d5 (11b4eb75)]&amp#27;[0m Cached the protocol value 'W3C' for the new session 11b4eb75-7c2e-4f20-8231-88dc1a8023b1
[debug] &amp#27;[38;5;32m[XCUITestDriver@e9d5 (11b4eb75)]&amp#27;[0m Responding to client with driver.createSession() result: {"capabilities":{"webStorageEnabled":false,"locationContextEnabled":false,"browserName":"","platform":"MAC","javascriptEnabled":true,"databaseEnabled":false,"takesScreenshot":true,"networkConnectionEnabled":false,"platformName":"IOS","automationName":"XCUITest","bundleId":"com.saucelabs.SwagLabsMobileApp","deviceName":"iPhone 14","platformVersion":"16.1","udid":"82DC5A28-2F0B-4069-9597-C85F2219BBDD","wdaLocalPort":10002,"webkitDebugProxyPort":"11002"}}
&amp#27;[38;5;0m[HTTP]&amp#27;[0m <-- POST /session 200 17778 ms - 517
&amp#27;[38;5;0m[HTTP]&amp#27;[0m 
18:iOS:iPhone 14:com.qa.BaseTest:Super Before Method
&amp#27;[38;5;0m[HTTP]&amp#27;[0m &amp#27;[37m-->&amp#27;[39m &amp#27;[37mPOST&amp#27;[39m &amp#27;[37m/session/11b4eb75-7c2e-4f20-8231-88dc1a8023b1/appium/stop_recording_screen&amp#27;[39m
&amp#27;[38;5;0m[HTTP]&amp#27;[0m {}
[debug] &amp#27;[38;5;32m[XCUITestDriver@e9d5 (11b4eb75)]&amp#27;[0m Calling AppiumDriver.stopRecordingScreen() with args: [null,"11b4eb75-7c2e-4f20-8231-88dc1a8023b1"]
[debug] &amp#27;[38;5;32m[XCUITestDriver@e9d5 (11b4eb75)]&amp#27;[0m Executing command 'stopRecordingScreen'
&amp#27;[38;5;32m[XCUITestDriver@e9d5 (11b4eb75)]&amp#27;[0m Screen recording is not running. There is nothing to stop.
[debug] &amp#27;[38;5;32m[XCUITestDriver@e9d5 (11b4eb75)]&amp#27;[0m Responding to client with driver.stopRecordingScreen() result: ""
&amp#27;[38;5;0m[HTTP]&amp#27;[0m <-- POST /session/11b4eb75-7c2e-4f20-8231-88dc1a8023b1/appium/stop_recording_screen 200 12 ms - 12
&amp#27;[38;5;0m[HTTP]&amp#27;[0m 
&amp#27;[38;5;0m[HTTP]&amp#27;[0m &amp#27;[37m-->&amp#27;[39m &amp#27;[37mPOST&amp#27;[39m &amp#27;[37m/session/11b4eb75-7c2e-4f20-8231-88dc1a8023b1/appium/start_recording_screen&amp#27;[39m
&amp#27;[38;5;0m[HTTP]&amp#27;[0m {}
[debug] &amp#27;[38;5;32m[XCUITestDriver@e9d5 (11b4eb75)]&amp#27;[0m Calling AppiumDriver.startRecordingScreen() with args: [null,"11b4eb75-7c2e-4f20-8231-88dc1a8023b1"]
[debug] &amp#27;[38;5;32m[XCUITestDriver@e9d5 (11b4eb75)]&amp#27;[0m Executing command 'startRecordingScreen'
&amp#27;[38;5;32m[XCUITestDriver@e9d5 (11b4eb75)]&amp#27;[0m Checking if there is/was a previous screen recording. Set 'forceRestart' option to 'true' if you'd like to skip this step.
&amp#27;[38;5;32m[XCUITestDriver@e9d5 (11b4eb75)]&amp#27;[0m Screen recording is not running. There is nothing to stop.
&amp#27;[38;5;112m[DevCon Factory]&amp#27;[0m Releasing connections for 82DC5A28-2F0B-4069-9597-C85F2219BBDD device on 9100 port number
&amp#27;[38;5;112m[DevCon Factory]&amp#27;[0m No cached connections have been found
[debug] &amp#27;[38;5;32m[XCUITestDriver@e9d5 (11b4eb75)]&amp#27;[0m Matched '/appium/settings' to command name 'getSettings'
[debug] &amp#27;[38;5;32m[XCUITestDriver@e9d5 (11b4eb75)]&amp#27;[0m Proxying [GET /appium/settings] to [GET http://127.0.0.1:10002/session/411EDCDE-CB44-4EC0-BD9D-A883C7F745E5/appium/settings] with no body
[debug] &amp#27;[38;5;32m[XCUITestDriver@e9d5 (11b4eb75)]&amp#27;[0m Got response with status 200: {"value":{"boundElementsByIndex":false,"mjpegServerFramerate":10,"screenshotOrientation":"auto","reduceMotion":false,"elementResponseAttributes":"type,label","screenshotQuality":1,"mjpegScalingFactor":100,"keyboardPrediction":0,"defaultActiveApplication":"auto","mjpegServerScreenshotQuality":25,"defaultAlertAction":"","keyboardAutocorrection":0,"useFirstMatch":false,"shouldUseCompactResponses":true,"customSnapshotTimeout":15,"dismissAlertButtonSelector":"","activeAppDetectionPoint":"64.00,64.00","snapshotMaxDepth":50,"waitForIdleTimeout":10,"includeNonModalElements":false,"acceptAlertButtonSelector":"","animationCoolOffTimeout":2},"sessionId":"411EDCDE-CB44-4EC0-BD9D-A883C7F745E5"}
&amp#27;[38;5;112m[DevCon Factory]&amp#27;[0m Requesting connection for device 82DC5A28-2F0B-4069-9597-C85F2219BBDD on local port 9100, device port 9100
[debug] &amp#27;[38;5;112m[DevCon Factory]&amp#27;[0m Cached connections count: 1
&amp#27;[38;5;112m[DevCon Factory]&amp#27;[0m Successfully requested the connection for 82DC5A28-2F0B-4069-9597-C85F2219BBDD:9100
[debug] &amp#27;[38;5;32m[AndroidUiautomator2Driver@ef57 (f9748292)]&amp#27;[0m Deleting UiAutomator2 session
[debug] &amp#27;[38;5;64m[ADB]&amp#27;[0m Running '/Users/nikhilkumargupta/Library/Android/sdk/platform-tools/adb -P 5037 -s emulator-5554 shell getprop ro.build.version.sdk'
[debug] &amp#27;[38;5;64m[ADB]&amp#27;[0m Running '/Users/nikhilkumargupta/Library/Android/sdk/platform-tools/adb -P 5037 -s emulator-5554 shell am force-stop com.swaglabsmobileapp'
&amp#27;[38;5;32m[XCUITestDriver@e9d5 (11b4eb75)]&amp#27;[0m Screen capture process did not start within 5000ms. Continuing anyway
&amp#27;[38;5;32m[XCUITestDriver@e9d5 (11b4eb75)]&amp#27;[0m Starting screen capture on the device '82DC5A28-2F0B-4069-9597-C85F2219BBDD' with command: 'ffmpeg -f mjpeg -reconnect 1 -reconnect_at_eof 1 -reconnect_streamed 1 -reconnect_delay_max 181 -i http://127.0.0.1:9100 -vcodec mjpeg -y /var/folders/5m/dpmm6c5d64jddlh2r5tn7_nh0000gp/T/202341-36413-150c8j8.7inj/appium_02b645.mp4'. Will timeout in 180000ms
[debug] &amp#27;[38;5;32m[XCUITestDriver@e9d5 (11b4eb75)]&amp#27;[0m Responding to client with driver.startRecordingScreen() result: ""
&amp#27;[38;5;0m[HTTP]&amp#27;[0m <-- POST /session/11b4eb75-7c2e-4f20-8231-88dc1a8023b1/appium/start_recording_screen 200 5168 ms - 12
&amp#27;[38;5;0m[HTTP]&amp#27;[0m 
productpage Before Method
validateProductOnProductsPage
&amp#27;[38;5;0m[HTTP]&amp#27;[0m &amp#27;[37m-->&amp#27;[39m &amp#27;[37mGET&amp#27;[39m &amp#27;[37m/session/11b4eb75-7c2e-4f20-8231-88dc1a8023b1/context&amp#27;[39m
&amp#27;[38;5;0m[HTTP]&amp#27;[0m {}
[debug] &amp#27;[38;5;32m[XCUITestDriver@e9d5 (11b4eb75)]&amp#27;[0m Calling AppiumDriver.getCurrentContext() with args: ["11b4eb75-7c2e-4f20-8231-88dc1a8023b1"]
[debug] &amp#27;[38;5;32m[XCUITestDriver@e9d5 (11b4eb75)]&amp#27;[0m Executing command 'getCurrentContext'
[debug] &amp#27;[38;5;32m[XCUITestDriver@e9d5 (11b4eb75)]&amp#27;[0m Responding to client with driver.getCurrentContext() result: "NATIVE_APP"
&amp#27;[38;5;0m[HTTP]&amp#27;[0m <-- GET /session/11b4eb75-7c2e-4f20-8231-88dc1a8023b1/context 200 14 ms - 22
&amp#27;[38;5;0m[HTTP]&amp#27;[0m 
&amp#27;[38;5;0m[HTTP]&amp#27;[0m &amp#27;[37m-->&amp#27;[39m &amp#27;[37mPOST&amp#27;[39m &amp#27;[37m/session/11b4eb75-7c2e-4f20-8231-88dc1a8023b1/element&amp#27;[39m
&amp#27;[38;5;0m[HTTP]&amp#27;[0m {"using":"accessibility id","value":"test-Username"}
[debug] &amp#27;[38;5;32m[XCUITestDriver@e9d5 (11b4eb75)]&amp#27;[0m Calling AppiumDriver.findElement() with args: ["accessibility id","test-Username","11b4eb75-7c2e-4f20-8231-88dc1a8023b1"]
[debug] &amp#27;[38;5;32m[XCUITestDriver@e9d5 (11b4eb75)]&amp#27;[0m Executing command 'findElement'
[debug] &amp#27;[38;5;32m[XCUITestDriver@e9d5 (11b4eb75)]&amp#27;[0m Valid locator strategies for this request: xpath, id, name, class name, -ios predicate string, -ios class chain, accessibility id, css selector
[debug] &amp#27;[38;5;32m[XCUITestDriver@e9d5 (11b4eb75)]&amp#27;[0m Waiting up to 0 ms for condition
[debug] &amp#27;[38;5;32m[XCUITestDriver@e9d5 (11b4eb75)]&amp#27;[0m Matched '/element' to command name 'findElement'
[debug] &amp#27;[38;5;32m[XCUITestDriver@e9d5 (11b4eb75)]&amp#27;[0m Proxying [POST /element] to [POST http://127.0.0.1:10002/session/411EDCDE-CB44-4EC0-BD9D-A883C7F745E5/element] with body: {"using":"accessibility id","value":"test-Username"}
[debug] &amp#27;[38;5;32m[XCUITestDriver@e9d5 (11b4eb75)]&amp#27;[0m Got response with status 200: {"value":{"ELEMENT":"47000000-0000-0000-B18E-000000000000","element-6066-11e4-a52e-4f735466cecf":"47000000-0000-0000-B18E-000000000000"},"sessionId":"411EDCDE-CB44-4EC0-BD9D-A883C7F745E5"}
[debug] &amp#27;[38;5;32m[XCUITestDriver@e9d5 (11b4eb75)]&amp#27;[0m Responding to client with driver.findElement() result: {"element-6066-11e4-a52e-4f735466cecf":"47000000-0000-0000-B18E-000000000000","ELEMENT":"47000000-0000-0000-B18E-000000000000"}
&amp#27;[38;5;0m[HTTP]&amp#27;[0m <-- POST /session/11b4eb75-7c2e-4f20-8231-88dc1a8023b1/element 200 214 ms - 137
&amp#27;[38;5;0m[HTTP]&amp#27;[0m 
&amp#27;[38;5;0m[HTTP]&amp#27;[0m &amp#27;[37m-->&amp#27;[39m &amp#27;[37mGET&amp#27;[39m &amp#27;[37m/session/11b4eb75-7c2e-4f20-8231-88dc1a8023b1/element/47000000-0000-0000-B18E-000000000000/displayed&amp#27;[39m
&amp#27;[38;5;0m[HTTP]&amp#27;[0m {}
&amp#27;[38;5;32m[XCUITestDriver@e9d5 (11b4eb75)]&amp#27;[0m Driver proxy active, passing request on via HTTP proxy
[debug] &amp#27;[38;5;32m[XCUITestDriver@e9d5 (11b4eb75)]&amp#27;[0m Executing command 'proxyReqRes'
[debug] &amp#27;[38;5;32m[XCUITestDriver@e9d5 (11b4eb75)]&amp#27;[0m Matched '/session/11b4eb75-7c2e-4f20-8231-88dc1a8023b1/element/47000000-0000-0000-B18E-000000000000/displayed' to command name 'elementDisplayed'
[debug] &amp#27;[38;5;32m[XCUITestDriver@e9d5 (11b4eb75)]&amp#27;[0m Proxying [GET /session/11b4eb75-7c2e-4f20-8231-88dc1a8023b1/element/47000000-0000-0000-B18E-000000000000/displayed] to [GET http://127.0.0.1:10002/session/411EDCDE-CB44-4EC0-BD9D-A883C7F745E5/element/47000000-0000-0000-B18E-000000000000/displayed] with no body
[debug] &amp#27;[38;5;32m[XCUITestDriver@e9d5 (11b4eb75)]&amp#27;[0m Got response with status 200: {"value":true,"sessionId":"411EDCDE-CB44-4EC0-BD9D-A883C7F745E5"}
&amp#27;[38;5;32m[XCUITestDriver@e9d5 (11b4eb75)]&amp#27;[0m Replacing sessionId 411EDCDE-CB44-4EC0-BD9D-A883C7F745E5 with 11b4eb75-7c2e-4f20-8231-88dc1a8023b1
&amp#27;[38;5;0m[HTTP]&amp#27;[0m <-- GET /session/11b4eb75-7c2e-4f20-8231-88dc1a8023b1/element/47000000-0000-0000-B18E-000000000000/displayed 200 109 ms - 65
&amp#27;[38;5;0m[HTTP]&amp#27;[0m 
&amp#27;[38;5;0m[HTTP]&amp#27;[0m &amp#27;[37m-->&amp#27;[39m &amp#27;[37mGET&amp#27;[39m &amp#27;[37m/session/11b4eb75-7c2e-4f20-8231-88dc1a8023b1/context&amp#27;[39m
&amp#27;[38;5;0m[HTTP]&amp#27;[0m {}
[debug] &amp#27;[38;5;32m[XCUITestDriver@e9d5 (11b4eb75)]&amp#27;[0m Calling AppiumDriver.getCurrentContext() with args: ["11b4eb75-7c2e-4f20-8231-88dc1a8023b1"]
[debug] &amp#27;[38;5;32m[XCUITestDriver@e9d5 (11b4eb75)]&amp#27;[0m Executing command 'getCurrentContext'
[debug] &amp#27;[38;5;32m[XCUITestDriver@e9d5 (11b4eb75)]&amp#27;[0m Responding to client with driver.getCurrentContext() result: "NATIVE_APP"
&amp#27;[38;5;0m[HTTP]&amp#27;[0m <-- GET /session/11b4eb75-7c2e-4f20-8231-88dc1a8023b1/context 200 4 ms - 22
&amp#27;[38;5;0m[HTTP]&amp#27;[0m 
&amp#27;[38;5;0m[HTTP]&amp#27;[0m &amp#27;[37m-->&amp#27;[39m &amp#27;[37mPOST&amp#27;[39m &amp#27;[37m/session/11b4eb75-7c2e-4f20-8231-88dc1a8023b1/element&amp#27;[39m
&amp#27;[38;5;0m[HTTP]&amp#27;[0m {"using":"accessibility id","value":"test-Username"}
[debug] &amp#27;[38;5;32m[XCUITestDriver@e9d5 (11b4eb75)]&amp#27;[0m Calling AppiumDriver.findElement() with args: ["accessibility id","test-Username","11b4eb75-7c2e-4f20-8231-88dc1a8023b1"]
[debug] &amp#27;[38;5;32m[XCUITestDriver@e9d5 (11b4eb75)]&amp#27;[0m Executing command 'findElement'
[debug] &amp#27;[38;5;32m[XCUITestDriver@e9d5 (11b4eb75)]&amp#27;[0m Valid locator strategies for this request: xpath, id, name, class name, -ios predicate string, -ios class chain, accessibility id, css selector
[debug] &amp#27;[38;5;32m[XCUITestDriver@e9d5 (11b4eb75)]&amp#27;[0m Waiting up to 0 ms for condition
[debug] &amp#27;[38;5;32m[XCUITestDriver@e9d5 (11b4eb75)]&amp#27;[0m Matched '/element' to command name 'findElement'
[debug] &amp#27;[38;5;32m[XCUITestDriver@e9d5 (11b4eb75)]&amp#27;[0m Proxying [POST /element] to [POST http://127.0.0.1:10002/session/411EDCDE-CB44-4EC0-BD9D-A883C7F745E5/element] with body: {"using":"accessibility id","value":"test-Username"}
[debug] &amp#27;[38;5;32m[XCUITestDriver@e9d5 (11b4eb75)]&amp#27;[0m Got response with status 200: {"value":{"ELEMENT":"47000000-0000-0000-B18E-000000000000","element-6066-11e4-a52e-4f735466cecf":"47000000-0000-0000-B18E-000000000000"},"sessionId":"411EDCDE-CB44-4EC0-BD9D-A883C7F745E5"}
[debug] &amp#27;[38;5;32m[XCUITestDriver@e9d5 (11b4eb75)]&amp#27;[0m Responding to client with driver.findElement() result: {"element-6066-11e4-a52e-4f735466cecf":"47000000-0000-0000-B18E-000000000000","ELEMENT":"47000000-0000-0000-B18E-000000000000"}
&amp#27;[38;5;0m[HTTP]&amp#27;[0m <-- POST /session/11b4eb75-7c2e-4f20-8231-88dc1a8023b1/element 200 186 ms - 137
&amp#27;[38;5;0m[HTTP]&amp#27;[0m 
&amp#27;[38;5;0m[HTTP]&amp#27;[0m &amp#27;[37m-->&amp#27;[39m &amp#27;[37mPOST&amp#27;[39m &amp#27;[37m/session/11b4eb75-7c2e-4f20-8231-88dc1a8023b1/element/47000000-0000-0000-B18E-000000000000/clear&amp#27;[39m
&amp#27;[38;5;0m[HTTP]&amp#27;[0m {"id":"47000000-0000-0000-B18E-000000000000"}
[debug] &amp#27;[38;5;32m[XCUITestDriver@e9d5 (11b4eb75)]&amp#27;[0m Calling AppiumDriver.clear() with args: ["47000000-0000-0000-B18E-000000000000","11b4eb75-7c2e-4f20-8231-88dc1a8023b1"]
[debug] &amp#27;[38;5;32m[XCUITestDriver@e9d5 (11b4eb75)]&amp#27;[0m Executing command 'clear'
[debug] &amp#27;[38;5;32m[XCUITestDriver@e9d5 (11b4eb75)]&amp#27;[0m Matched '/element/47000000-0000-0000-B18E-000000000000/clear' to command name 'clear'
[debug] &amp#27;[38;5;32m[XCUITestDriver@e9d5 (11b4eb75)]&amp#27;[0m Proxying [POST /element/47000000-0000-0000-B18E-000000000000/clear] to [POST http://127.0.0.1:10002/session/411EDCDE-CB44-4EC0-BD9D-A883C7F745E5/element/47000000-0000-0000-B18E-000000000000/clear] with no body
[debug] &amp#27;[38;5;32m[XCUITestDriver@e9d5 (11b4eb75)]&amp#27;[0m Got response with status 200: {"value":null,"sessionId":"411EDCDE-CB44-4EC0-BD9D-A883C7F745E5"}
[debug] &amp#27;[38;5;32m[XCUITestDriver@e9d5 (11b4eb75)]&amp#27;[0m Responding to client with driver.clear() result: null
&amp#27;[38;5;0m[HTTP]&amp#27;[0m <-- POST /session/11b4eb75-7c2e-4f20-8231-88dc1a8023b1/element/47000000-0000-0000-B18E-000000000000/clear 200 1546 ms - 14
&amp#27;[38;5;0m[HTTP]&amp#27;[0m 
&amp#27;[38;5;0m[HTTP]&amp#27;[0m &amp#27;[37m-->&amp#27;[39m &amp#27;[37mGET&amp#27;[39m &amp#27;[37m/session/11b4eb75-7c2e-4f20-8231-88dc1a8023b1/context&amp#27;[39m
&amp#27;[38;5;0m[HTTP]&amp#27;[0m {}
[debug] &amp#27;[38;5;32m[XCUITestDriver@e9d5 (11b4eb75)]&amp#27;[0m Calling AppiumDriver.getCurrentContext() with args: ["11b4eb75-7c2e-4f20-8231-88dc1a8023b1"]
[debug] &amp#27;[38;5;32m[XCUITestDriver@e9d5 (11b4eb75)]&amp#27;[0m Executing command 'getCurrentContext'
[debug] &amp#27;[38;5;32m[XCUITestDriver@e9d5 (11b4eb75)]&amp#27;[0m Responding to client with driver.getCurrentContext() result: "NATIVE_APP"
&amp#27;[38;5;0m[HTTP]&amp#27;[0m <-- GET /session/11b4eb75-7c2e-4f20-8231-88dc1a8023b1/context 200 10 ms - 22
&amp#27;[38;5;0m[HTTP]&amp#27;[0m 
&amp#27;[38;5;0m[HTTP]&amp#27;[0m &amp#27;[37m-->&amp#27;[39m &amp#27;[37mPOST&amp#27;[39m &amp#27;[37m/session/11b4eb75-7c2e-4f20-8231-88dc1a8023b1/element&amp#27;[39m
&amp#27;[38;5;0m[HTTP]&amp#27;[0m {"using":"accessibility id","value":"test-Username"}
[debug] &amp#27;[38;5;32m[XCUITestDriver@e9d5 (11b4eb75)]&amp#27;[0m Calling AppiumDriver.findElement() with args: ["accessibility id","test-Username","11b4eb75-7c2e-4f20-8231-88dc1a8023b1"]
[debug] &amp#27;[38;5;32m[XCUITestDriver@e9d5 (11b4eb75)]&amp#27;[0m Executing command 'findElement'
[debug] &amp#27;[38;5;32m[XCUITestDriver@e9d5 (11b4eb75)]&amp#27;[0m Valid locator strategies for this request: xpath, id, name, class name, -ios predicate string, -ios class chain, accessibility id, css selector
[debug] &amp#27;[38;5;32m[XCUITestDriver@e9d5 (11b4eb75)]&amp#27;[0m Waiting up to 0 ms for condition
[debug] &amp#27;[38;5;32m[XCUITestDriver@e9d5 (11b4eb75)]&amp#27;[0m Matched '/element' to command name 'findElement'
[debug] &amp#27;[38;5;32m[XCUITestDriver@e9d5 (11b4eb75)]&amp#27;[0m Proxying [POST /element] to [POST http://127.0.0.1:10002/session/411EDCDE-CB44-4EC0-BD9D-A883C7F745E5/element] with body: {"using":"accessibility id","value":"test-Username"}
&amp#27;[38;5;144m[ffmpeg]&amp#27;[0m ffmpeg version 5.1.2 Copyright (c) 2000-2022 the FFmpeg developers
&amp#27;[38;5;144m[ffmpeg]&amp#27;[0m   built with Apple clang version 14.0.0 (clang-1400.0.29.202)
&amp#27;[38;5;144m[ffmpeg]&amp#27;[0m   configuration: --prefix=/usr/local/Cellar/ffmpeg/5.1.2_6 --enable-shared --enable-pthreads --enable-version3 --cc=clang --host-cflags= --host-ldflags= --enable-ffplay --enable-gnutls --enable-gpl --enable-libaom --enable-libaribb24 --enable-libbluray --enable-libdav1d --enable-libmp3lame --enable-libopus --enable-librav1e --enable-librist --enable-librubberband --enable-libsnappy --enable-libsrt --enable-libsvtav1 --enable-libtesseract --enable-libtheora --enable-libvidstab --enable-libvmaf --enable-libvorbis --enable-libvpx --enable-libwebp --enable-libx264 --enable-libx265 --enable-libxml2 --enable-libxvid --enable-lzma --enable-libfontconfig --enable-libfreetype --enable-frei0r --enable-libass --enable-libopencore-amrnb --enable-libopencore-amrwb --enable-libopenjpeg --enable-libspeex --enable-libsoxr --enable-libzmq --enable-libzimg --disable-libjack --disable-indev=jack --enable-videotoolbox
&amp#27;[38;5;144m[ffmpeg]&amp#27;[0m 
&amp#27;[38;5;144m[ffmpeg]&amp#27;[0m   libavutil      57. 28.100 / 57. 28.100
&amp#27;[38;5;144m[ffmpeg]&amp#27;[0m   libavcodec     59. 37.100 / 59. 37.100
&amp#27;[38;5;144m[ffmpeg]&amp#27;[0m   libavformat    59. 27.100 / 59. 27.100
&amp#27;[38;5;144m[ffmpeg]&amp#27;[0m   libavdevice    59.  7.100 / 59.  7.100
&amp#27;[38;5;144m[ffmpeg]&amp#27;[0m   libavfilter     8. 44.100 /  8. 44.100
&amp#27;[38;5;144m[ffmpeg]&amp#27;[0m   libswscale      6.  7.100 /  6.  7.100
&amp#27;[38;5;144m[ffmpeg]&amp#27;[0m   libswresample   4.  7.100 /  4.  7.100
&amp#27;[38;5;144m[ffmpeg]&amp#27;[0m   libpostproc    56.  6.100 / 56.  6.100
&amp#27;[38;5;144m[ffmpeg]&amp#27;[0m 
[debug] &amp#27;[38;5;32m[XCUITestDriver@e9d5 (11b4eb75)]&amp#27;[0m Got response with status 200: {"value":{"ELEMENT":"47000000-0000-0000-B18E-000000000000","element-6066-11e4-a52e-4f735466cecf":"47000000-0000-0000-B18E-000000000000"},"sessionId":"411EDCDE-CB44-4EC0-BD9D-A883C7F745E5"}
[debug] &amp#27;[38;5;32m[XCUITestDriver@e9d5 (11b4eb75)]&amp#27;[0m Responding to client with driver.findElement() result: {"element-6066-11e4-a52e-4f735466cecf":"47000000-0000-0000-B18E-000000000000","ELEMENT":"47000000-0000-0000-B18E-000000000000"}
&amp#27;[38;5;0m[HTTP]&amp#27;[0m <-- POST /session/11b4eb75-7c2e-4f20-8231-88dc1a8023b1/element 200 381 ms - 137
&amp#27;[38;5;0m[HTTP]&amp#27;[0m 
&amp#27;[38;5;0m[HTTP]&amp#27;[0m &amp#27;[37m-->&amp#27;[39m &amp#27;[37mGET&amp#27;[39m &amp#27;[37m/session/11b4eb75-7c2e-4f20-8231-88dc1a8023b1/element/47000000-0000-0000-B18E-000000000000/displayed&amp#27;[39m
&amp#27;[38;5;0m[HTTP]&amp#27;[0m {}
&amp#27;[38;5;32m[XCUITestDriver@e9d5 (11b4eb75)]&amp#27;[0m Driver proxy active, passing request on via HTTP proxy
[debug] &amp#27;[38;5;32m[XCUITestDriver@e9d5 (11b4eb75)]&amp#27;[0m Executing command 'proxyReqRes'
[debug] &amp#27;[38;5;32m[XCUITestDriver@e9d5 (11b4eb75)]&amp#27;[0m Matched '/session/11b4eb75-7c2e-4f20-8231-88dc1a8023b1/element/47000000-0000-0000-B18E-000000000000/displayed' to command name 'elementDisplayed'
[debug] &amp#27;[38;5;32m[XCUITestDriver@e9d5 (11b4eb75)]&amp#27;[0m Proxying [GET /session/11b4eb75-7c2e-4f20-8231-88dc1a8023b1/element/47000000-0000-0000-B18E-000000000000/displayed] to [GET http://127.0.0.1:10002/session/411EDCDE-CB44-4EC0-BD9D-A883C7F745E5/element/47000000-0000-0000-B18E-000000000000/displayed] with no body
&amp#27;[38;5;144m[ffmpeg]&amp#27;[0m Input #0, mjpeg, from 'http://127.0.0.1:9100':
&amp#27;[38;5;144m[ffmpeg]&amp#27;[0m   Duration: N/A, bitrate: N/A
&amp#27;[38;5;144m[ffmpeg]&amp#27;[0m 
&amp#27;[38;5;144m[ffmpeg]&amp#27;[0m   Stream #0:0: Video: mjpeg (Baseline), yuvj420p(pc, bt470bg/unknown/unknown), 1170x2532 [SAR 72:72 DAR 195:422], 25 tbr, 1200k tbn
&amp#27;[38;5;144m[ffmpeg]&amp#27;[0m 
&amp#27;[38;5;144m[ffmpeg]&amp#27;[0m Stream mapping:
&amp#27;[38;5;144m[ffmpeg]&amp#27;[0m 
&amp#27;[38;5;144m[ffmpeg]&amp#27;[0m   Stream #0:0 -> #0:0 (mjpeg (native) -> mjpeg (native))
&amp#27;[38;5;144m[ffmpeg]&amp#27;[0m Press [q] to stop, [?] for help
&amp#27;[38;5;144m[ffmpeg]&amp#27;[0m 
[debug] &amp#27;[38;5;32m[XCUITestDriver@e9d5 (11b4eb75)]&amp#27;[0m Got response with status 200: {"value":true,"sessionId":"411EDCDE-CB44-4EC0-BD9D-A883C7F745E5"}
&amp#27;[38;5;32m[XCUITestDriver@e9d5 (11b4eb75)]&amp#27;[0m Replacing sessionId 411EDCDE-CB44-4EC0-BD9D-A883C7F745E5 with 11b4eb75-7c2e-4f20-8231-88dc1a8023b1
&amp#27;[38;5;0m[HTTP]&amp#27;[0m <-- GET /session/11b4eb75-7c2e-4f20-8231-88dc1a8023b1/element/47000000-0000-0000-B18E-000000000000/displayed 200 207 ms - 65
&amp#27;[38;5;0m[HTTP]&amp#27;[0m 
&amp#27;[38;5;144m[ffmpeg]&amp#27;[0m Output #0, mp4, to '/var/folders/5m/dpmm6c5d64jddlh2r5tn7_nh0000gp/T/202341-36413-150c8j8.7inj/appium_02b645.mp4':
&amp#27;[38;5;144m[ffmpeg]&amp#27;[0m   Metadata:
&amp#27;[38;5;144m[ffmpeg]&amp#27;[0m     encoder         : Lavf59.27.100
&amp#27;[38;5;144m[ffmpeg]&amp#27;[0m   Stream #0:0: Video: mjpeg (mp4v / 0x7634706D), yuvj420p(pc, bt470bg/unknown/unknown, progressive), 1170x2532 [SAR 72:72 DAR 195:422], q=2-31, 200 kb/s, 25 fps, 12800 tbn
&amp#27;[38;5;144m[ffmpeg]&amp#27;[0m     Metadata:
&amp#27;[38;5;144m[ffmpeg]&amp#27;[0m       encoder         : Lavc59.37.100 mjpeg
&amp#27;[38;5;144m[ffmpeg]&amp#27;[0m     Side data:
&amp#27;[38;5;144m[ffmpeg]&amp#27;[0m       cpb: bitrate max/min/avg: 0/0/200000 buffer size: 0 vbv_delay: N/A
&amp#27;[38;5;144m[ffmpeg]&amp#27;[0m 
&amp#27;[38;5;0m[HTTP]&amp#27;[0m &amp#27;[37m-->&amp#27;[39m &amp#27;[37mGET&amp#27;[39m &amp#27;[37m/session/11b4eb75-7c2e-4f20-8231-88dc1a8023b1/context&amp#27;[39m
&amp#27;[38;5;0m[HTTP]&amp#27;[0m {}
[debug] &amp#27;[38;5;32m[XCUITestDriver@e9d5 (11b4eb75)]&amp#27;[0m Calling AppiumDriver.getCurrentContext() with args: ["11b4eb75-7c2e-4f20-8231-88dc1a8023b1"]
[debug] &amp#27;[38;5;32m[XCUITestDriver@e9d5 (11b4eb75)]&amp#27;[0m Executing command 'getCurrentContext'
[debug] &amp#27;[38;5;32m[XCUITestDriver@e9d5 (11b4eb75)]&amp#27;[0m Responding to client with driver.getCurrentContext() result: "NATIVE_APP"
&amp#27;[38;5;0m[HTTP]&amp#27;[0m <-- GET /session/11b4eb75-7c2e-4f20-8231-88dc1a8023b1/context 200 10 ms - 22
&amp#27;[38;5;0m[HTTP]&amp#27;[0m 
&amp#27;[38;5;0m[HTTP]&amp#27;[0m &amp#27;[37m-->&amp#27;[39m &amp#27;[37mPOST&amp#27;[39m &amp#27;[37m/session/11b4eb75-7c2e-4f20-8231-88dc1a8023b1/element&amp#27;[39m
&amp#27;[38;5;0m[HTTP]&amp#27;[0m {"using":"accessibility id","value":"test-Username"}
[debug] &amp#27;[38;5;32m[XCUITestDriver@e9d5 (11b4eb75)]&amp#27;[0m Calling AppiumDriver.findElement() with args: ["accessibility id","test-Username","11b4eb75-7c2e-4f20-8231-88dc1a8023b1"]
[debug] &amp#27;[38;5;32m[XCUITestDriver@e9d5 (11b4eb75)]&amp#27;[0m Executing command 'findElement'
[debug] &amp#27;[38;5;32m[XCUITestDriver@e9d5 (11b4eb75)]&amp#27;[0m Valid locator strategies for this request: xpath, id, name, class name, -ios predicate string, -ios class chain, accessibility id, css selector
[debug] &amp#27;[38;5;32m[XCUITestDriver@e9d5 (11b4eb75)]&amp#27;[0m Waiting up to 0 ms for condition
[debug] &amp#27;[38;5;32m[XCUITestDriver@e9d5 (11b4eb75)]&amp#27;[0m Matched '/element' to command name 'findElement'
[debug] &amp#27;[38;5;32m[XCUITestDriver@e9d5 (11b4eb75)]&amp#27;[0m Proxying [POST /element] to [POST http://127.0.0.1:10002/session/411EDCDE-CB44-4EC0-BD9D-A883C7F745E5/element] with body: {"using":"accessibility id","value":"test-Username"}
[debug] &amp#27;[38;5;32m[XCUITestDriver@e9d5 (11b4eb75)]&amp#27;[0m Got response with status 200: {"value":{"ELEMENT":"47000000-0000-0000-B18E-000000000000","element-6066-11e4-a52e-4f735466cecf":"47000000-0000-0000-B18E-000000000000"},"sessionId":"411EDCDE-CB44-4EC0-BD9D-A883C7F745E5"}
[debug] &amp#27;[38;5;32m[XCUITestDriver@e9d5 (11b4eb75)]&amp#27;[0m Responding to client with driver.findElement() result: {"element-6066-11e4-a52e-4f735466cecf":"47000000-0000-0000-B18E-000000000000","ELEMENT":"47000000-0000-0000-B18E-000000000000"}
&amp#27;[38;5;0m[HTTP]&amp#27;[0m <-- POST /session/11b4eb75-7c2e-4f20-8231-88dc1a8023b1/element 200 275 ms - 137
&amp#27;[38;5;0m[HTTP]&amp#27;[0m 
&amp#27;[38;5;0m[HTTP]&amp#27;[0m &amp#27;[37m-->&amp#27;[39m &amp#27;[37mPOST&amp#27;[39m &amp#27;[37m/session/11b4eb75-7c2e-4f20-8231-88dc1a8023b1/element/47000000-0000-0000-B18E-000000000000/value&amp#27;[39m
&amp#27;[38;5;0m[HTTP]&amp#27;[0m {"id":"47000000-0000-0000-B18E-000000000000","text":"standard_user","value":["s","t","a","n","d","a","r","d","_","u","s","e","r"]}
[debug] &amp#27;[38;5;32m[XCUITestDriver@e9d5 (11b4eb75)]&amp#27;[0m Calling AppiumDriver.setValue() with args: [["s","t","a","n","d","a","r","d","_","u","s","e","r"],"47000000-0000-0000-B18E-000000000000","11b4eb75-7c2e-4f20-8231-88dc1a8023b1"]
[debug] &amp#27;[38;5;32m[XCUITestDriver@e9d5 (11b4eb75)]&amp#27;[0m Executing command 'setValue'
[debug] &amp#27;[38;5;32m[XCUITestDriver@e9d5 (11b4eb75)]&amp#27;[0m Matched '/element/47000000-0000-0000-B18E-000000000000/value' to command name 'setValue'
[debug] &amp#27;[38;5;32m[XCUITestDriver@e9d5 (11b4eb75)]&amp#27;[0m Added 'text' property "standard_user" to 'setValue' request body
[debug] &amp#27;[38;5;32m[XCUITestDriver@e9d5 (11b4eb75)]&amp#27;[0m Proxying [POST /element/47000000-0000-0000-B18E-000000000000/value] to [POST http://127.0.0.1:10002/session/411EDCDE-CB44-4EC0-BD9D-A883C7F745E5/element/47000000-0000-0000-B18E-000000000000/value] with body: {"value":["s","t","a","n","d","a","r","d","_","u","s","e","r"],"text":"standard_user"}
[debug] &amp#27;[38;5;32m[XCUITestDriver@e9d5 (11b4eb75)]&amp#27;[0m Got response with status 200: {"value":null,"sessionId":"411EDCDE-CB44-4EC0-BD9D-A883C7F745E5"}
[debug] &amp#27;[38;5;32m[XCUITestDriver@e9d5 (11b4eb75)]&amp#27;[0m Responding to client with driver.setValue() result: null
&amp#27;[38;5;0m[HTTP]&amp#27;[0m <-- POST /session/11b4eb75-7c2e-4f20-8231-88dc1a8023b1/element/47000000-0000-0000-B18E-000000000000/value 200 638 ms - 14
&amp#27;[38;5;0m[HTTP]&amp#27;[0m 
&amp#27;[38;5;0m[HTTP]&amp#27;[0m &amp#27;[37m-->&amp#27;[39m &amp#27;[37mGET&amp#27;[39m &amp#27;[37m/session/11b4eb75-7c2e-4f20-8231-88dc1a8023b1/context&amp#27;[39m
&amp#27;[38;5;0m[HTTP]&amp#27;[0m {}
[debug] &amp#27;[38;5;32m[XCUITestDriver@e9d5 (11b4eb75)]&amp#27;[0m Calling AppiumDriver.getCurrentContext() with args: ["11b4eb75-7c2e-4f20-8231-88dc1a8023b1"]
[debug] &amp#27;[38;5;32m[XCUITestDriver@e9d5 (11b4eb75)]&amp#27;[0m Executing command 'getCurrentContext'
[debug] &amp#27;[38;5;32m[XCUITestDriver@e9d5 (11b4eb75)]&amp#27;[0m Responding to client with driver.getCurrentContext() result: "NATIVE_APP"
&amp#27;[38;5;0m[HTTP]&amp#27;[0m <-- GET /session/11b4eb75-7c2e-4f20-8231-88dc1a8023b1/context 200 2 ms - 22
&amp#27;[38;5;0m[HTTP]&amp#27;[0m 
&amp#27;[38;5;0m[HTTP]&amp#27;[0m &amp#27;[37m-->&amp#27;[39m &amp#27;[37mPOST&amp#27;[39m &amp#27;[37m/session/11b4eb75-7c2e-4f20-8231-88dc1a8023b1/element&amp#27;[39m
&amp#27;[38;5;0m[HTTP]&amp#27;[0m {"using":"accessibility id","value":"test-Password"}
[debug] &amp#27;[38;5;32m[XCUITestDriver@e9d5 (11b4eb75)]&amp#27;[0m Calling AppiumDriver.findElement() with args: ["accessibility id","test-Password","11b4eb75-7c2e-4f20-8231-88dc1a8023b1"]
[debug] &amp#27;[38;5;32m[XCUITestDriver@e9d5 (11b4eb75)]&amp#27;[0m Executing command 'findElement'
[debug] &amp#27;[38;5;32m[XCUITestDriver@e9d5 (11b4eb75)]&amp#27;[0m Valid locator strategies for this request: xpath, id, name, class name, -ios predicate string, -ios class chain, accessibility id, css selector
[debug] &amp#27;[38;5;32m[XCUITestDriver@e9d5 (11b4eb75)]&amp#27;[0m Waiting up to 0 ms for condition
[debug] &amp#27;[38;5;32m[XCUITestDriver@e9d5 (11b4eb75)]&amp#27;[0m Matched '/element' to command name 'findElement'
[debug] &amp#27;[38;5;32m[XCUITestDriver@e9d5 (11b4eb75)]&amp#27;[0m Proxying [POST /element] to [POST http://127.0.0.1:10002/session/411EDCDE-CB44-4EC0-BD9D-A883C7F745E5/element] with body: {"using":"accessibility id","value":"test-Password"}
[debug] &amp#27;[38;5;32m[XCUITestDriver@e9d5 (11b4eb75)]&amp#27;[0m Got response with status 200: {"value":{"ELEMENT":"48000000-0000-0000-B18E-000000000000","element-6066-11e4-a52e-4f735466cecf":"48000000-0000-0000-B18E-000000000000"},"sessionId":"411EDCDE-CB44-4EC0-BD9D-A883C7F745E5"}
[debug] &amp#27;[38;5;32m[XCUITestDriver@e9d5 (11b4eb75)]&amp#27;[0m Responding to client with driver.findElement() result: {"element-6066-11e4-a52e-4f735466cecf":"48000000-0000-0000-B18E-000000000000","ELEMENT":"48000000-0000-0000-B18E-000000000000"}
&amp#27;[38;5;0m[HTTP]&amp#27;[0m <-- POST /session/11b4eb75-7c2e-4f20-8231-88dc1a8023b1/element 200 228 ms - 137
&amp#27;[38;5;0m[HTTP]&amp#27;[0m 
&amp#27;[38;5;0m[HTTP]&amp#27;[0m &amp#27;[37m-->&amp#27;[39m &amp#27;[37mGET&amp#27;[39m &amp#27;[37m/session/11b4eb75-7c2e-4f20-8231-88dc1a8023b1/element/48000000-0000-0000-B18E-000000000000/displayed&amp#27;[39m
&amp#27;[38;5;0m[HTTP]&amp#27;[0m {}
&amp#27;[38;5;32m[XCUITestDriver@e9d5 (11b4eb75)]&amp#27;[0m Driver proxy active, passing request on via HTTP proxy
[debug] &amp#27;[38;5;32m[XCUITestDriver@e9d5 (11b4eb75)]&amp#27;[0m Executing command 'proxyReqRes'
[debug] &amp#27;[38;5;32m[XCUITestDriver@e9d5 (11b4eb75)]&amp#27;[0m Matched '/session/11b4eb75-7c2e-4f20-8231-88dc1a8023b1/element/48000000-0000-0000-B18E-000000000000/displayed' to command name 'elementDisplayed'
[debug] &amp#27;[38;5;32m[XCUITestDriver@e9d5 (11b4eb75)]&amp#27;[0m Proxying [GET /session/11b4eb75-7c2e-4f20-8231-88dc1a8023b1/element/48000000-0000-0000-B18E-000000000000/displayed] to [GET http://127.0.0.1:10002/session/411EDCDE-CB44-4EC0-BD9D-A883C7F745E5/element/48000000-0000-0000-B18E-000000000000/displayed] with no body
[debug] &amp#27;[38;5;32m[XCUITestDriver@e9d5 (11b4eb75)]&amp#27;[0m Got response with status 200: {"value":true,"sessionId":"411EDCDE-CB44-4EC0-BD9D-A883C7F745E5"}
&amp#27;[38;5;32m[XCUITestDriver@e9d5 (11b4eb75)]&amp#27;[0m Replacing sessionId 411EDCDE-CB44-4EC0-BD9D-A883C7F745E5 with 11b4eb75-7c2e-4f20-8231-88dc1a8023b1
&amp#27;[38;5;0m[HTTP]&amp#27;[0m <-- GET /session/11b4eb75-7c2e-4f20-8231-88dc1a8023b1/element/48000000-0000-0000-B18E-000000000000/displayed 200 124 ms - 65
&amp#27;[38;5;0m[HTTP]&amp#27;[0m 
&amp#27;[38;5;0m[HTTP]&amp#27;[0m &amp#27;[37m-->&amp#27;[39m &amp#27;[37mGET&amp#27;[39m &amp#27;[37m/session/11b4eb75-7c2e-4f20-8231-88dc1a8023b1/context&amp#27;[39m
&amp#27;[38;5;0m[HTTP]&amp#27;[0m {}
[debug] &amp#27;[38;5;32m[XCUITestDriver@e9d5 (11b4eb75)]&amp#27;[0m Calling AppiumDriver.getCurrentContext() with args: ["11b4eb75-7c2e-4f20-8231-88dc1a8023b1"]
[debug] &amp#27;[38;5;32m[XCUITestDriver@e9d5 (11b4eb75)]&amp#27;[0m Executing command 'getCurrentContext'
[debug] &amp#27;[38;5;32m[XCUITestDriver@e9d5 (11b4eb75)]&amp#27;[0m Responding to client with driver.getCurrentContext() result: "NATIVE_APP"
&amp#27;[38;5;0m[HTTP]&amp#27;[0m <-- GET /session/11b4eb75-7c2e-4f20-8231-88dc1a8023b1/context 200 2 ms - 22
&amp#27;[38;5;0m[HTTP]&amp#27;[0m 
&amp#27;[38;5;0m[HTTP]&amp#27;[0m &amp#27;[37m-->&amp#27;[39m &amp#27;[37mPOST&amp#27;[39m &amp#27;[37m/session/11b4eb75-7c2e-4f20-8231-88dc1a8023b1/element&amp#27;[39m
&amp#27;[38;5;0m[HTTP]&amp#27;[0m {"using":"accessibility id","value":"test-Password"}
[debug] &amp#27;[38;5;32m[XCUITestDriver@e9d5 (11b4eb75)]&amp#27;[0m Calling AppiumDriver.findElement() with args: ["accessibility id","test-Password","11b4eb75-7c2e-4f20-8231-88dc1a8023b1"]
[debug] &amp#27;[38;5;32m[XCUITestDriver@e9d5 (11b4eb75)]&amp#27;[0m Executing command 'findElement'
[debug] &amp#27;[38;5;32m[XCUITestDriver@e9d5 (11b4eb75)]&amp#27;[0m Valid locator strategies for this request: xpath, id, name, class name, -ios predicate string, -ios class chain, accessibility id, css selector
[debug] &amp#27;[38;5;32m[XCUITestDriver@e9d5 (11b4eb75)]&amp#27;[0m Waiting up to 0 ms for condition
[debug] &amp#27;[38;5;32m[XCUITestDriver@e9d5 (11b4eb75)]&amp#27;[0m Matched '/element' to command name 'findElement'
[debug] &amp#27;[38;5;32m[XCUITestDriver@e9d5 (11b4eb75)]&amp#27;[0m Proxying [POST /element] to [POST http://127.0.0.1:10002/session/411EDCDE-CB44-4EC0-BD9D-A883C7F745E5/element] with body: {"using":"accessibility id","value":"test-Password"}
[debug] &amp#27;[38;5;32m[XCUITestDriver@e9d5 (11b4eb75)]&amp#27;[0m Got response with status 200: {"value":{"ELEMENT":"48000000-0000-0000-B18E-000000000000","element-6066-11e4-a52e-4f735466cecf":"48000000-0000-0000-B18E-000000000000"},"sessionId":"411EDCDE-CB44-4EC0-BD9D-A883C7F745E5"}
[debug] &amp#27;[38;5;32m[XCUITestDriver@e9d5 (11b4eb75)]&amp#27;[0m Responding to client with driver.findElement() result: {"element-6066-11e4-a52e-4f735466cecf":"48000000-0000-0000-B18E-000000000000","ELEMENT":"48000000-0000-0000-B18E-000000000000"}
&amp#27;[38;5;0m[HTTP]&amp#27;[0m <-- POST /session/11b4eb75-7c2e-4f20-8231-88dc1a8023b1/element 200 345 ms - 137
&amp#27;[38;5;0m[HTTP]&amp#27;[0m 
&amp#27;[38;5;0m[HTTP]&amp#27;[0m &amp#27;[37m-->&amp#27;[39m &amp#27;[37mPOST&amp#27;[39m &amp#27;[37m/session/11b4eb75-7c2e-4f20-8231-88dc1a8023b1/element/48000000-0000-0000-B18E-000000000000/clear&amp#27;[39m
&amp#27;[38;5;0m[HTTP]&amp#27;[0m {"id":"48000000-0000-0000-B18E-000000000000"}
[debug] &amp#27;[38;5;32m[XCUITestDriver@e9d5 (11b4eb75)]&amp#27;[0m Calling AppiumDriver.clear() with args: ["48000000-0000-0000-B18E-000000000000","11b4eb75-7c2e-4f20-8231-88dc1a8023b1"]
[debug] &amp#27;[38;5;32m[XCUITestDriver@e9d5 (11b4eb75)]&amp#27;[0m Executing command 'clear'
[debug] &amp#27;[38;5;32m[XCUITestDriver@e9d5 (11b4eb75)]&amp#27;[0m Matched '/element/48000000-0000-0000-B18E-000000000000/clear' to command name 'clear'
[debug] &amp#27;[38;5;32m[XCUITestDriver@e9d5 (11b4eb75)]&amp#27;[0m Proxying [POST /element/48000000-0000-0000-B18E-000000000000/clear] to [POST http://127.0.0.1:10002/session/411EDCDE-CB44-4EC0-BD9D-A883C7F745E5/element/48000000-0000-0000-B18E-000000000000/clear] with no body
&amp#27;[38;5;144m[ffmpeg]&amp#27;[0m av_interleaved_write_frame(): No space left on device
&amp#27;[38;5;144m[ffmpeg]&amp#27;[0m 
&amp#27;[38;5;144m[ffmpeg]&amp#27;[0m Error writing trailer of /var/folders/5m/dpmm6c5d64jddlh2r5tn7_nh0000gp/T/202341-36413-150c8j8.7inj/appium_02b645.mp4: No space left on device
&amp#27;[38;5;144m[ffmpeg]&amp#27;[0m frame=   19 fps=9.5 q=24.8 Lsize=    1024kB time=00:00:00.72 bitrate=11650.1kbits/s speed=0.361x    
&amp#27;[38;5;144m[ffmpeg]&amp#27;[0m video:1322kB audio:0kB subtitle:0kB other streams:0kB global headers:0kB muxing overhead: unknown
&amp#27;[38;5;144m[ffmpeg]&amp#27;[0m Error closing file /var/folders/5m/dpmm6c5d64jddlh2r5tn7_nh0000gp/T/202341-36413-150c8j8.7inj/appium_02b645.mp4: No space left on device
&amp#27;[38;5;144m[ffmpeg]&amp#27;[0m 
&amp#27;[38;5;144m[ffmpeg]&amp#27;[0m Conversion failed!
&amp#27;[38;5;144m[ffmpeg]&amp#27;[0m 
[debug] &amp#27;[38;5;32m[XCUITestDriver@e9d5 (11b4eb75)]&amp#27;[0m Got response with status 200: {"value":null,"sessionId":"411EDCDE-CB44-4EC0-BD9D-A883C7F745E5"}
[debug] &amp#27;[38;5;32m[XCUITestDriver@e9d5 (11b4eb75)]&amp#27;[0m Responding to client with driver.clear() result: null
&amp#27;[38;5;0m[HTTP]&amp#27;[0m <-- POST /session/11b4eb75-7c2e-4f20-8231-88dc1a8023b1/element/48000000-0000-0000-B18E-000000000000/clear 200 1609 ms - 14
&amp#27;[38;5;0m[HTTP]&amp#27;[0m 
&amp#27;[38;5;0m[HTTP]&amp#27;[0m &amp#27;[37m-->&amp#27;[39m &amp#27;[37mGET&amp#27;[39m &amp#27;[37m/session/11b4eb75-7c2e-4f20-8231-88dc1a8023b1/context&amp#27;[39m
&amp#27;[38;5;0m[HTTP]&amp#27;[0m {}
[debug] &amp#27;[38;5;32m[XCUITestDriver@e9d5 (11b4eb75)]&amp#27;[0m Calling AppiumDriver.getCurrentContext() with args: ["11b4eb75-7c2e-4f20-8231-88dc1a8023b1"]
[debug] &amp#27;[38;5;32m[XCUITestDriver@e9d5 (11b4eb75)]&amp#27;[0m Executing command 'getCurrentContext'
[debug] &amp#27;[38;5;32m[XCUITestDriver@e9d5 (11b4eb75)]&amp#27;[0m Responding to client with driver.getCurrentContext() result: "NATIVE_APP"
&amp#27;[38;5;0m[HTTP]&amp#27;[0m <-- GET /session/11b4eb75-7c2e-4f20-8231-88dc1a8023b1/context 200 46 ms - 22
&amp#27;[38;5;0m[HTTP]&amp#27;[0m 
&amp#27;[38;5;0m[HTTP]&amp#27;[0m &amp#27;[37m-->&amp#27;[39m &amp#27;[37mPOST&amp#27;[39m &amp#27;[37m/session/11b4eb75-7c2e-4f20-8231-88dc1a8023b1/element&amp#27;[39m
&amp#27;[38;5;0m[HTTP]&amp#27;[0m {"using":"accessibility id","value":"test-Password"}
[debug] &amp#27;[38;5;32m[XCUITestDriver@e9d5 (11b4eb75)]&amp#27;[0m Calling AppiumDriver.findElement() with args: ["accessibility id","test-Password","11b4eb75-7c2e-4f20-8231-88dc1a8023b1"]
[debug] &amp#27;[38;5;32m[XCUITestDriver@e9d5 (11b4eb75)]&amp#27;[0m Executing command 'findElement'
[debug] &amp#27;[38;5;32m[XCUITestDriver@e9d5 (11b4eb75)]&amp#27;[0m Valid locator strategies for this request: xpath, id, name, class name, -ios predicate string, -ios class chain, accessibility id, css selector
[debug] &amp#27;[38;5;32m[XCUITestDriver@e9d5 (11b4eb75)]&amp#27;[0m Waiting up to 0 ms for condition
[debug] &amp#27;[38;5;32m[XCUITestDriver@e9d5 (11b4eb75)]&amp#27;[0m Matched '/element' to command name 'findElement'
[debug] &amp#27;[38;5;32m[XCUITestDriver@e9d5 (11b4eb75)]&amp#27;[0m Proxying [POST /element] to [POST http://127.0.0.1:10002/session/411EDCDE-CB44-4EC0-BD9D-A883C7F745E5/element] with body: {"using":"accessibility id","value":"test-Password"}
[debug] &amp#27;[38;5;32m[XCUITestDriver@e9d5 (11b4eb75)]&amp#27;[0m Got response with status 200: {"value":{"ELEMENT":"48000000-0000-0000-B18E-000000000000","element-6066-11e4-a52e-4f735466cecf":"48000000-0000-0000-B18E-000000000000"},"sessionId":"411EDCDE-CB44-4EC0-BD9D-A883C7F745E5"}
[debug] &amp#27;[38;5;32m[XCUITestDriver@e9d5 (11b4eb75)]&amp#27;[0m Responding to client with driver.findElement() result: {"element-6066-11e4-a52e-4f735466cecf":"48000000-0000-0000-B18E-000000000000","ELEMENT":"48000000-0000-0000-B18E-000000000000"}
&amp#27;[38;5;0m[HTTP]&amp#27;[0m <-- POST /session/11b4eb75-7c2e-4f20-8231-88dc1a8023b1/element 200 422 ms - 137
&amp#27;[38;5;0m[HTTP]&amp#27;[0m 
&amp#27;[38;5;0m[HTTP]&amp#27;[0m &amp#27;[37m-->&amp#27;[39m &amp#27;[37mGET&amp#27;[39m &amp#27;[37m/session/11b4eb75-7c2e-4f20-8231-88dc1a8023b1/element/48000000-0000-0000-B18E-000000000000/displayed&amp#27;[39m
&amp#27;[38;5;0m[HTTP]&amp#27;[0m {}
&amp#27;[38;5;32m[XCUITestDriver@e9d5 (11b4eb75)]&amp#27;[0m Driver proxy active, passing request on via HTTP proxy
[debug] &amp#27;[38;5;32m[XCUITestDriver@e9d5 (11b4eb75)]&amp#27;[0m Executing command 'proxyReqRes'
[debug] &amp#27;[38;5;32m[XCUITestDriver@e9d5 (11b4eb75)]&amp#27;[0m Matched '/session/11b4eb75-7c2e-4f20-8231-88dc1a8023b1/element/48000000-0000-0000-B18E-000000000000/displayed' to command name 'elementDisplayed'
[debug] &amp#27;[38;5;32m[XCUITestDriver@e9d5 (11b4eb75)]&amp#27;[0m Proxying [GET /session/11b4eb75-7c2e-4f20-8231-88dc1a8023b1/element/48000000-0000-0000-B18E-000000000000/displayed] to [GET http://127.0.0.1:10002/session/411EDCDE-CB44-4EC0-BD9D-A883C7F745E5/element/48000000-0000-0000-B18E-000000000000/displayed] with no body
[debug] &amp#27;[38;5;32m[XCUITestDriver@e9d5 (11b4eb75)]&amp#27;[0m Got response with status 200: {"value":true,"sessionId":"411EDCDE-CB44-4EC0-BD9D-A883C7F745E5"}
&amp#27;[38;5;32m[XCUITestDriver@e9d5 (11b4eb75)]&amp#27;[0m Replacing sessionId 411EDCDE-CB44-4EC0-BD9D-A883C7F745E5 with 11b4eb75-7c2e-4f20-8231-88dc1a8023b1
&amp#27;[38;5;0m[HTTP]&amp#27;[0m <-- GET /session/11b4eb75-7c2e-4f20-8231-88dc1a8023b1/element/48000000-0000-0000-B18E-000000000000/displayed 200 138 ms - 65
&amp#27;[38;5;0m[HTTP]&amp#27;[0m 
&amp#27;[38;5;0m[HTTP]&amp#27;[0m &amp#27;[37m-->&amp#27;[39m &amp#27;[37mGET&amp#27;[39m &amp#27;[37m/session/11b4eb75-7c2e-4f20-8231-88dc1a8023b1/context&amp#27;[39m
&amp#27;[38;5;0m[HTTP]&amp#27;[0m {}
[debug] &amp#27;[38;5;32m[XCUITestDriver@e9d5 (11b4eb75)]&amp#27;[0m Calling AppiumDriver.getCurrentContext() with args: ["11b4eb75-7c2e-4f20-8231-88dc1a8023b1"]
[debug] &amp#27;[38;5;32m[XCUITestDriver@e9d5 (11b4eb75)]&amp#27;[0m Executing command 'getCurrentContext'
[debug] &amp#27;[38;5;32m[XCUITestDriver@e9d5 (11b4eb75)]&amp#27;[0m Responding to client with driver.getCurrentContext() result: "NATIVE_APP"
&amp#27;[38;5;0m[HTTP]&amp#27;[0m <-- GET /session/11b4eb75-7c2e-4f20-8231-88dc1a8023b1/context 200 5 ms - 22
&amp#27;[38;5;0m[HTTP]&amp#27;[0m 
&amp#27;[38;5;0m[HTTP]&amp#27;[0m &amp#27;[37m-->&amp#27;[39m &amp#27;[37mPOST&amp#27;[39m &amp#27;[37m/session/11b4eb75-7c2e-4f20-8231-88dc1a8023b1/element&amp#27;[39m
&amp#27;[38;5;0m[HTTP]&amp#27;[0m {"using":"accessibility id","value":"test-Password"}
[debug] &amp#27;[38;5;32m[XCUITestDriver@e9d5 (11b4eb75)]&amp#27;[0m Calling AppiumDriver.findElement() with args: ["accessibility id","test-Password","11b4eb75-7c2e-4f20-8231-88dc1a8023b1"]
[debug] &amp#27;[38;5;32m[XCUITestDriver@e9d5 (11b4eb75)]&amp#27;[0m Executing command 'findElement'
[debug] &amp#27;[38;5;32m[XCUITestDriver@e9d5 (11b4eb75)]&amp#27;[0m Valid locator strategies for this request: xpath, id, name, class name, -ios predicate string, -ios class chain, accessibility id, css selector
[debug] &amp#27;[38;5;32m[XCUITestDriver@e9d5 (11b4eb75)]&amp#27;[0m Waiting up to 0 ms for condition
[debug] &amp#27;[38;5;32m[XCUITestDriver@e9d5 (11b4eb75)]&amp#27;[0m Matched '/element' to command name 'findElement'
[debug] &amp#27;[38;5;32m[XCUITestDriver@e9d5 (11b4eb75)]&amp#27;[0m Proxying [POST /element] to [POST http://127.0.0.1:10002/session/411EDCDE-CB44-4EC0-BD9D-A883C7F745E5/element] with body: {"using":"accessibility id","value":"test-Password"}
[debug] &amp#27;[38;5;32m[XCUITestDriver@e9d5 (11b4eb75)]&amp#27;[0m Got response with status 200: {"value":{"ELEMENT":"48000000-0000-0000-B18E-000000000000","element-6066-11e4-a52e-4f735466cecf":"48000000-0000-0000-B18E-000000000000"},"sessionId":"411EDCDE-CB44-4EC0-BD9D-A883C7F745E5"}
[debug] &amp#27;[38;5;32m[XCUITestDriver@e9d5 (11b4eb75)]&amp#27;[0m Responding to client with driver.findElement() result: {"element-6066-11e4-a52e-4f735466cecf":"48000000-0000-0000-B18E-000000000000","ELEMENT":"48000000-0000-0000-B18E-000000000000"}
&amp#27;[38;5;0m[HTTP]&amp#27;[0m <-- POST /session/11b4eb75-7c2e-4f20-8231-88dc1a8023b1/element 200 217 ms - 137
&amp#27;[38;5;0m[HTTP]&amp#27;[0m 
&amp#27;[38;5;0m[HTTP]&amp#27;[0m &amp#27;[37m-->&amp#27;[39m &amp#27;[37mPOST&amp#27;[39m &amp#27;[37m/session/11b4eb75-7c2e-4f20-8231-88dc1a8023b1/element/48000000-0000-0000-B18E-000000000000/value&amp#27;[39m
&amp#27;[38;5;0m[HTTP]&amp#27;[0m {"id":"48000000-0000-0000-B18E-000000000000","text":"secret_sauce","value":["s","e","c","r","e","t","_","s","a","u","c","e"]}
[debug] &amp#27;[38;5;32m[XCUITestDriver@e9d5 (11b4eb75)]&amp#27;[0m Calling AppiumDriver.setValue() with args: [["s","e","c","r","e","t","_","s","a","u","c","e"],"48000000-0000-0000-B18E-000000000000","11b4eb75-7c2e-4f20-8231-88dc1a8023b1"]
[debug] &amp#27;[38;5;32m[XCUITestDriver@e9d5 (11b4eb75)]&amp#27;[0m Executing command 'setValue'
[debug] &amp#27;[38;5;32m[XCUITestDriver@e9d5 (11b4eb75)]&amp#27;[0m Matched '/element/48000000-0000-0000-B18E-000000000000/value' to command name 'setValue'
[debug] &amp#27;[38;5;32m[XCUITestDriver@e9d5 (11b4eb75)]&amp#27;[0m Added 'text' property "secret_sauce" to 'setValue' request body
[debug] &amp#27;[38;5;32m[XCUITestDriver@e9d5 (11b4eb75)]&amp#27;[0m Proxying [POST /element/48000000-0000-0000-B18E-000000000000/value] to [POST http://127.0.0.1:10002/session/411EDCDE-CB44-4EC0-BD9D-A883C7F745E5/element/48000000-0000-0000-B18E-000000000000/value] with body: {"value":["s","e","c","r","e","t","_","s","a","u","c","e"],"text":"secret_sauce"}
[debug] &amp#27;[38;5;32m[XCUITestDriver@e9d5 (11b4eb75)]&amp#27;[0m Got response with status 200: {"value":null,"sessionId":"411EDCDE-CB44-4EC0-BD9D-A883C7F745E5"}
[debug] &amp#27;[38;5;32m[XCUITestDriver@e9d5 (11b4eb75)]&amp#27;[0m Responding to client with driver.setValue() result: null
&amp#27;[38;5;0m[HTTP]&amp#27;[0m <-- POST /session/11b4eb75-7c2e-4f20-8231-88dc1a8023b1/element/48000000-0000-0000-B18E-000000000000/value 200 572 ms - 14
&amp#27;[38;5;0m[HTTP]&amp#27;[0m 
&amp#27;[38;5;0m[HTTP]&amp#27;[0m &amp#27;[37m-->&amp#27;[39m &amp#27;[37mGET&amp#27;[39m &amp#27;[37m/session/11b4eb75-7c2e-4f20-8231-88dc1a8023b1/context&amp#27;[39m
&amp#27;[38;5;0m[HTTP]&amp#27;[0m {}
[debug] &amp#27;[38;5;32m[XCUITestDriver@e9d5 (11b4eb75)]&amp#27;[0m Calling AppiumDriver.getCurrentContext() with args: ["11b4eb75-7c2e-4f20-8231-88dc1a8023b1"]
[debug] &amp#27;[38;5;32m[XCUITestDriver@e9d5 (11b4eb75)]&amp#27;[0m Executing command 'getCurrentContext'
[debug] &amp#27;[38;5;32m[XCUITestDriver@e9d5 (11b4eb75)]&amp#27;[0m Responding to client with driver.getCurrentContext() result: "NATIVE_APP"
&amp#27;[38;5;0m[HTTP]&amp#27;[0m <-- GET /session/11b4eb75-7c2e-4f20-8231-88dc1a8023b1/context 200 16 ms - 22
&amp#27;[38;5;0m[HTTP]&amp#27;[0m 
&amp#27;[38;5;0m[HTTP]&amp#27;[0m &amp#27;[37m-->&amp#27;[39m &amp#27;[37mPOST&amp#27;[39m &amp#27;[37m/session/11b4eb75-7c2e-4f20-8231-88dc1a8023b1/element&amp#27;[39m
&amp#27;[38;5;0m[HTTP]&amp#27;[0m {"using":"accessibility id","value":"test-LOGIN"}
[debug] &amp#27;[38;5;32m[XCUITestDriver@e9d5 (11b4eb75)]&amp#27;[0m Calling AppiumDriver.findElement() with args: ["accessibility id","test-LOGIN","11b4eb75-7c2e-4f20-8231-88dc1a8023b1"]
[debug] &amp#27;[38;5;32m[XCUITestDriver@e9d5 (11b4eb75)]&amp#27;[0m Executing command 'findElement'
[debug] &amp#27;[38;5;32m[XCUITestDriver@e9d5 (11b4eb75)]&amp#27;[0m Valid locator strategies for this request: xpath, id, name, class name, -ios predicate string, -ios class chain, accessibility id, css selector
[debug] &amp#27;[38;5;32m[XCUITestDriver@e9d5 (11b4eb75)]&amp#27;[0m Waiting up to 0 ms for condition
[debug] &amp#27;[38;5;32m[XCUITestDriver@e9d5 (11b4eb75)]&amp#27;[0m Matched '/element' to command name 'findElement'
[debug] &amp#27;[38;5;32m[XCUITestDriver@e9d5 (11b4eb75)]&amp#27;[0m Proxying [POST /element] to [POST http://127.0.0.1:10002/session/411EDCDE-CB44-4EC0-BD9D-A883C7F745E5/element] with body: {"using":"accessibility id","value":"test-LOGIN"}
[debug] &amp#27;[38;5;32m[XCUITestDriver@e9d5 (11b4eb75)]&amp#27;[0m Got response with status 200: {"value":{"ELEMENT":"3D000000-0000-0000-B18E-000000000000","element-6066-11e4-a52e-4f735466cecf":"3D000000-0000-0000-B18E-000000000000"},"sessionId":"411EDCDE-CB44-4EC0-BD9D-A883C7F745E5"}
[debug] &amp#27;[38;5;32m[XCUITestDriver@e9d5 (11b4eb75)]&amp#27;[0m Responding to client with driver.findElement() result: {"element-6066-11e4-a52e-4f735466cecf":"3D000000-0000-0000-B18E-000000000000","ELEMENT":"3D000000-0000-0000-B18E-000000000000"}
&amp#27;[38;5;0m[HTTP]&amp#27;[0m <-- POST /session/11b4eb75-7c2e-4f20-8231-88dc1a8023b1/element 200 237 ms - 137
&amp#27;[38;5;0m[HTTP]&amp#27;[0m 
&amp#27;[38;5;0m[HTTP]&amp#27;[0m &amp#27;[37m-->&amp#27;[39m &amp#27;[37mGET&amp#27;[39m &amp#27;[37m/session/11b4eb75-7c2e-4f20-8231-88dc1a8023b1/element/3D000000-0000-0000-B18E-000000000000/displayed&amp#27;[39m
&amp#27;[38;5;0m[HTTP]&amp#27;[0m {}
&amp#27;[38;5;32m[XCUITestDriver@e9d5 (11b4eb75)]&amp#27;[0m Driver proxy active, passing request on via HTTP proxy
[debug] &amp#27;[38;5;32m[XCUITestDriver@e9d5 (11b4eb75)]&amp#27;[0m Executing command 'proxyReqRes'
[debug] &amp#27;[38;5;32m[XCUITestDriver@e9d5 (11b4eb75)]&amp#27;[0m Matched '/session/11b4eb75-7c2e-4f20-8231-88dc1a8023b1/element/3D000000-0000-0000-B18E-000000000000/displayed' to command name 'elementDisplayed'
[debug] &amp#27;[38;5;32m[XCUITestDriver@e9d5 (11b4eb75)]&amp#27;[0m Proxying [GET /session/11b4eb75-7c2e-4f20-8231-88dc1a8023b1/element/3D000000-0000-0000-B18E-000000000000/displayed] to [GET http://127.0.0.1:10002/session/411EDCDE-CB44-4EC0-BD9D-A883C7F745E5/element/3D000000-0000-0000-B18E-000000000000/displayed] with no body
[debug] &amp#27;[38;5;32m[XCUITestDriver@e9d5 (11b4eb75)]&amp#27;[0m Got response with status 200: {"value":true,"sessionId":"411EDCDE-CB44-4EC0-BD9D-A883C7F745E5"}
&amp#27;[38;5;32m[XCUITestDriver@e9d5 (11b4eb75)]&amp#27;[0m Replacing sessionId 411EDCDE-CB44-4EC0-BD9D-A883C7F745E5 with 11b4eb75-7c2e-4f20-8231-88dc1a8023b1
&amp#27;[38;5;0m[HTTP]&amp#27;[0m <-- GET /session/11b4eb75-7c2e-4f20-8231-88dc1a8023b1/element/3D000000-0000-0000-B18E-000000000000/displayed 200 116 ms - 65
&amp#27;[38;5;0m[HTTP]&amp#27;[0m 
&amp#27;[38;5;0m[HTTP]&amp#27;[0m &amp#27;[37m-->&amp#27;[39m &amp#27;[37mGET&amp#27;[39m &amp#27;[37m/session/11b4eb75-7c2e-4f20-8231-88dc1a8023b1/context&amp#27;[39m
&amp#27;[38;5;0m[HTTP]&amp#27;[0m {}
[debug] &amp#27;[38;5;32m[XCUITestDriver@e9d5 (11b4eb75)]&amp#27;[0m Calling AppiumDriver.getCurrentContext() with args: ["11b4eb75-7c2e-4f20-8231-88dc1a8023b1"]
[debug] &amp#27;[38;5;32m[XCUITestDriver@e9d5 (11b4eb75)]&amp#27;[0m Executing command 'getCurrentContext'
[debug] &amp#27;[38;5;32m[XCUITestDriver@e9d5 (11b4eb75)]&amp#27;[0m Responding to client with driver.getCurrentContext() result: "NATIVE_APP"
&amp#27;[38;5;0m[HTTP]&amp#27;[0m <-- GET /session/11b4eb75-7c2e-4f20-8231-88dc1a8023b1/context 200 6 ms - 22
&amp#27;[38;5;0m[HTTP]&amp#27;[0m 
&amp#27;[38;5;0m[HTTP]&amp#27;[0m &amp#27;[37m-->&amp#27;[39m &amp#27;[37mPOST&amp#27;[39m &amp#27;[37m/session/11b4eb75-7c2e-4f20-8231-88dc1a8023b1/element&amp#27;[39m
&amp#27;[38;5;0m[HTTP]&amp#27;[0m {"using":"accessibility id","value":"test-LOGIN"}
[debug] &amp#27;[38;5;32m[XCUITestDriver@e9d5 (11b4eb75)]&amp#27;[0m Calling AppiumDriver.findElement() with args: ["accessibility id","test-LOGIN","11b4eb75-7c2e-4f20-8231-88dc1a8023b1"]
[debug] &amp#27;[38;5;32m[XCUITestDriver@e9d5 (11b4eb75)]&amp#27;[0m Executing command 'findElement'
[debug] &amp#27;[38;5;32m[XCUITestDriver@e9d5 (11b4eb75)]&amp#27;[0m Valid locator strategies for this request: xpath, id, name, class name, -ios predicate string, -ios class chain, accessibility id, css selector
[debug] &amp#27;[38;5;32m[XCUITestDriver@e9d5 (11b4eb75)]&amp#27;[0m Waiting up to 0 ms for condition
[debug] &amp#27;[38;5;32m[XCUITestDriver@e9d5 (11b4eb75)]&amp#27;[0m Matched '/element' to command name 'findElement'
[debug] &amp#27;[38;5;32m[XCUITestDriver@e9d5 (11b4eb75)]&amp#27;[0m Proxying [POST /element] to [POST http://127.0.0.1:10002/session/411EDCDE-CB44-4EC0-BD9D-A883C7F745E5/element] with body: {"using":"accessibility id","value":"test-LOGIN"}
[debug] &amp#27;[38;5;32m[XCUITestDriver@e9d5 (11b4eb75)]&amp#27;[0m Got response with status 200: {"value":{"ELEMENT":"3D000000-0000-0000-B18E-000000000000","element-6066-11e4-a52e-4f735466cecf":"3D000000-0000-0000-B18E-000000000000"},"sessionId":"411EDCDE-CB44-4EC0-BD9D-A883C7F745E5"}
[debug] &amp#27;[38;5;32m[XCUITestDriver@e9d5 (11b4eb75)]&amp#27;[0m Responding to client with driver.findElement() result: {"element-6066-11e4-a52e-4f735466cecf":"3D000000-0000-0000-B18E-000000000000","ELEMENT":"3D000000-0000-0000-B18E-000000000000"}
&amp#27;[38;5;0m[HTTP]&amp#27;[0m <-- POST /session/11b4eb75-7c2e-4f20-8231-88dc1a8023b1/element 200 196 ms - 137
&amp#27;[38;5;0m[HTTP]&amp#27;[0m 
&amp#27;[38;5;0m[HTTP]&amp#27;[0m &amp#27;[37m-->&amp#27;[39m &amp#27;[37mPOST&amp#27;[39m &amp#27;[37m/session/11b4eb75-7c2e-4f20-8231-88dc1a8023b1/element/3D000000-0000-0000-B18E-000000000000/click&amp#27;[39m
&amp#27;[38;5;0m[HTTP]&amp#27;[0m {"id":"3D000000-0000-0000-B18E-000000000000"}
&amp#27;[38;5;32m[XCUITestDriver@e9d5 (11b4eb75)]&amp#27;[0m Driver proxy active, passing request on via HTTP proxy
[debug] &amp#27;[38;5;32m[XCUITestDriver@e9d5 (11b4eb75)]&amp#27;[0m Executing command 'proxyReqRes'
[debug] &amp#27;[38;5;32m[XCUITestDriver@e9d5 (11b4eb75)]&amp#27;[0m Matched '/session/11b4eb75-7c2e-4f20-8231-88dc1a8023b1/element/3D000000-0000-0000-B18E-000000000000/click' to command name 'click'
[debug] &amp#27;[38;5;32m[XCUITestDriver@e9d5 (11b4eb75)]&amp#27;[0m Proxying [POST /session/11b4eb75-7c2e-4f20-8231-88dc1a8023b1/element/3D000000-0000-0000-B18E-000000000000/click] to [POST http://127.0.0.1:10002/session/411EDCDE-CB44-4EC0-BD9D-A883C7F745E5/element/3D000000-0000-0000-B18E-000000000000/click] with body: {"id":"3D000000-0000-0000-B18E-000000000000"}
[debug] &amp#27;[38;5;32m[XCUITestDriver@e9d5 (11b4eb75)]&amp#27;[0m Got response with status 200: {"value":null,"sessionId":"411EDCDE-CB44-4EC0-BD9D-A883C7F745E5"}
&amp#27;[38;5;32m[XCUITestDriver@e9d5 (11b4eb75)]&amp#27;[0m Replacing sessionId 411EDCDE-CB44-4EC0-BD9D-A883C7F745E5 with 11b4eb75-7c2e-4f20-8231-88dc1a8023b1
&amp#27;[38;5;0m[HTTP]&amp#27;[0m <-- POST /session/11b4eb75-7c2e-4f20-8231-88dc1a8023b1/element/3D000000-0000-0000-B18E-000000000000/click 200 974 ms - 65
&amp#27;[38;5;0m[HTTP]&amp#27;[0m 
&amp#27;[38;5;0m[HTTP]&amp#27;[0m &amp#27;[37m-->&amp#27;[39m &amp#27;[37mGET&amp#27;[39m &amp#27;[37m/session/11b4eb75-7c2e-4f20-8231-88dc1a8023b1/context&amp#27;[39m
&amp#27;[38;5;0m[HTTP]&amp#27;[0m {}
[debug] &amp#27;[38;5;32m[XCUITestDriver@e9d5 (11b4eb75)]&amp#27;[0m Calling AppiumDriver.getCurrentContext() with args: ["11b4eb75-7c2e-4f20-8231-88dc1a8023b1"]
[debug] &amp#27;[38;5;32m[XCUITestDriver@e9d5 (11b4eb75)]&amp#27;[0m Executing command 'getCurrentContext'
[debug] &amp#27;[38;5;32m[XCUITestDriver@e9d5 (11b4eb75)]&amp#27;[0m Responding to client with driver.getCurrentContext() result: "NATIVE_APP"
&amp#27;[38;5;0m[HTTP]&amp#27;[0m <-- GET /session/11b4eb75-7c2e-4f20-8231-88dc1a8023b1/context 200 13 ms - 22
&amp#27;[38;5;0m[HTTP]&amp#27;[0m 
&amp#27;[38;5;0m[HTTP]&amp#27;[0m &amp#27;[37m-->&amp#27;[39m &amp#27;[37mPOST&amp#27;[39m &amp#27;[37m/session/11b4eb75-7c2e-4f20-8231-88dc1a8023b1/element&amp#27;[39m
&amp#27;[38;5;0m[HTTP]&amp#27;[0m {"using":"xpath","value":"(//XCUIElementTypeStaticText[@name=\"test-Item title\"])[1]"}
[debug] &amp#27;[38;5;32m[XCUITestDriver@e9d5 (11b4eb75)]&amp#27;[0m Calling AppiumDriver.findElement() with args: ["xpath","(//XCUIElementTypeStaticText[@name=\"test-Item title\"])[1]","11b4eb75-7c2e-4f20-8231-88dc1a8023b1"]
[debug] &amp#27;[38;5;32m[XCUITestDriver@e9d5 (11b4eb75)]&amp#27;[0m Executing command 'findElement'
[...]
&amp#27;[38;5;0m[HTTP]&amp#27;[0m 
]]></system-out>
    <system-err><![CDATA[SLF4J: No SLF4J providers were found.
SLF4J: Defaulting to no-operation (NOP) logger implementation
SLF4J: See https://www.slf4j.org/codes.html#noProviders for further details.
]]></system-err>
  </testcase>
  <testcase name="validateProductOnProductsPage" classname="com.qa.tests.ProductTests" time="0">
    <skipped message="Could not start a new session. Response code 500. Message: An unknown server-side error occurred while processing the command. Original error: Error getting device API level. Original error: Error executing adbExec. Original error: &apos;Command &apos;/Users/nikhilkumargupta/Library/Android/sdk/platform-tools/adb -P 5037 -s emulator-5554 shell getprop ro.build.version.sdk&apos; timed out after 20000ms&apos;. Try to increase the 20000ms adb execution timeout represented by &apos;adbExecTimeout&apos; capability &#10;Host info: host: &apos;Solvatives-MacBook-Air.local&apos;, ip: &apos;2401:4900:1c7b:421f:51b9:11c:710e:d82d%en0&apos;&#10;Build info: version: &apos;4.9.0&apos;, revision: &apos;d7057100a6&apos;&#10;System info: os.name: &apos;Mac OS X&apos;, os.arch: &apos;aarch64&apos;, os.version: &apos;13.3.1&apos;, java.version: &apos;17.0.6&apos;&#10;Driver info: io.appium.java_client.android.AndroidDriver&#10;Command: [null, newSession {capabilities=[{appium:appActivity=com.swaglabsmobileapp.SplashActivity, appium:appPackage=com.swaglabsmobileapp, appium:deviceName=Pixel_6_pro, appium:platformVersion=13, appium:automationName=UiAutomator2, appium:chromeDriverPort=11000, platformName=ANDROID, appium:systemPort=10000, appium:udid=emulator-5554}], desiredCapabilities=Capabilities {appActivity: com.swaglabsmobileapp.Splas..., appPackage: com.swaglabsmobileapp, appium:deviceName: Pixel_6_pro, appium:platformVersion: 13, automationName: UiAutomator2, chromeDriverPort: 11000, platformName: ANDROID, systemPort: 10000, udid: emulator-5554}}]&#10;Capabilities {appActivity: com.swaglabsmobileapp.Splas..., appPackage: com.swaglabsmobileapp, appium:deviceName: Pixel_6_pro, appium:platformVersion: 13, automationName: UiAutomator2, chromeDriverPort: 11000, platformName: ANDROID, systemPort: 10000, udid: emulator-5554}"/>
  </testcase>
  <testcase name="beforeTest[Pixel_6_pro, Android, 13, emulator-5554, 10000, 11000, iOSOnly, iOSOnly](0)" classname="com.qa.tests.ProductTests" time="30.899">
    <failure message="Could not start a new session. Response code 500. Message: An unknown server-side error occurred while processing the command. Original error: Error getting device API level. Original error: Error executing adbExec. Original error: &apos;Command &apos;/Users/nikhilkumargupta/Library/Android/sdk/platform-tools/adb -P 5037 -s emulator-5554 shell getprop ro.build.version.sdk&apos; timed out after 20000ms&apos;. Try to increase the 20000ms adb execution timeout represented by &apos;adbExecTimeout&apos; capability &#10;Host info: host: &apos;Solvatives-MacBook-Air.local&apos;, ip: &apos;2401:4900:1c7b:421f:51b9:11c:710e:d82d%en0&apos;&#10;Build info: version: &apos;4.9.0&apos;, revision: &apos;d7057100a6&apos;&#10;System info: os.name: &apos;Mac OS X&apos;, os.arch: &apos;aarch64&apos;, os.version: &apos;13.3.1&apos;, java.version: &apos;17.0.6&apos;&#10;Driver info: io.appium.java_client.android.AndroidDriver&#10;Command: [null, newSession {capabilities=[{appium:appActivity=com.swaglabsmobileapp.SplashActivity, appium:appPackage=com.swaglabsmobileapp, appium:deviceName=Pixel_6_pro, appium:platformVersion=13, appium:automationName=UiAutomator2, appium:chromeDriverPort=11000, platformName=ANDROID, appium:systemPort=10000, appium:udid=emulator-5554}], desiredCapabilities=Capabilities {appActivity: com.swaglabsmobileapp.Splas..., appPackage: com.swaglabsmobileapp, appium:deviceName: Pixel_6_pro, appium:platformVersion: 13, automationName: UiAutomator2, chromeDriverPort: 11000, platformName: ANDROID, systemPort: 10000, udid: emulator-5554}}]&#10;Capabilities {appActivity: com.swaglabsmobileapp.Splas..., appPackage: com.swaglabsmobileapp, appium:deviceName: Pixel_6_pro, appium:platformVersion: 13, automationName: UiAutomator2, chromeDriverPort: 11000, platformName: ANDROID, systemPort: 10000, udid: emulator-5554}" type="org.openqa.selenium.SessionNotCreatedException"><![CDATA[org.openqa.selenium.SessionNotCreatedException: 
Could not start a new session. Response code 500. Message: An unknown server-side error occurred while processing the command. Original error: Error getting device API level. Original error: Error executing adbExec. Original error: 'Command '/Users/nikhilkumargupta/Library/Android/sdk/platform-tools/adb -P 5037 -s emulator-5554 shell getprop ro.build.version.sdk' timed out after 20000ms'. Try to increase the 20000ms adb execution timeout represented by 'adbExecTimeout' capability 
Host info: host: 'Solvatives-MacBook-Air.local', ip: '2401:4900:1c7b:421f:51b9:11c:710e:d82d%en0'
Build info: version: '4.9.0', revision: 'd7057100a6'
System info: os.name: 'Mac OS X', os.arch: 'aarch64', os.version: '13.3.1', java.version: '17.0.6'
Driver info: io.appium.java_client.android.AndroidDriver
Command: [null, newSession {capabilities=[{appium:appActivity=com.swaglabsmobileapp.SplashActivity, appium:appPackage=com.swaglabsmobileapp, appium:deviceName=Pixel_6_pro, appium:platformVersion=13, appium:automationName=UiAutomator2, appium:chromeDriverPort=11000, platformName=ANDROID, appium:systemPort=10000, appium:udid=emulator-5554}], desiredCapabilities=Capabilities {appActivity: com.swaglabsmobileapp.Splas..., appPackage: com.swaglabsmobileapp, appium:deviceName: Pixel_6_pro, appium:platformVersion: 13, automationName: UiAutomator2, chromeDriverPort: 11000, platformName: ANDROID, systemPort: 10000, udid: emulator-5554}}]
Capabilities {appActivity: com.swaglabsmobileapp.Splas..., appPackage: com.swaglabsmobileapp, appium:deviceName: Pixel_6_pro, appium:platformVersion: 13, automationName: UiAutomator2, chromeDriverPort: 11000, platformName: ANDROID, systemPort: 10000, udid: emulator-5554}
]]></failure>
    <system-out><![CDATA[productpage  After Method
&amp#27;[38;5;0m[HTTP]&amp#27;[0m &amp#27;[37m-->&amp#27;[39m &amp#27;[37mGET&amp#27;[39m &amp#27;[37m/session/11b4eb75-7c2e-4f20-8231-88dc1a8023b1/context&amp#27;[39m
&amp#27;[38;5;0m[HTTP]&amp#27;[0m {}
[debug] &amp#27;[38;5;32m[XCUITestDriver@e9d5 (11b4eb75)]&amp#27;[0m Calling AppiumDriver.getCurrentContext() with args: ["11b4eb75-7c2e-4f20-8231-88dc1a8023b1"]
[debug] &amp#27;[38;5;32m[XCUITestDriver@e9d5 (11b4eb75)]&amp#27;[0m Executing command 'getCurrentContext'
[debug] &amp#27;[38;5;32m[XCUITestDriver@e9d5 (11b4eb75)]&amp#27;[0m Responding to client with driver.getCurrentContext() result: "NATIVE_APP"
&amp#27;[38;5;0m[HTTP]&amp#27;[0m <-- GET /session/11b4eb75-7c2e-4f20-8231-88dc1a8023b1/context 200 3 ms - 22
&amp#27;[38;5;0m[HTTP]&amp#27;[0m 
&amp#27;[38;5;0m[HTTP]&amp#27;[0m &amp#27;[37m-->&amp#27;[39m &amp#27;[37mPOST&amp#27;[39m &amp#27;[37m/session/11b4eb75-7c2e-4f20-8231-88dc1a8023b1/element&amp#27;[39m
&amp#27;[38;5;0m[HTTP]&amp#27;[0m {"using":"xpath","value":"//XCUIElementTypeOther[@name=\"test-Menu\"]"}
[debug] &amp#27;[38;5;32m[XCUITestDriver@e9d5 (11b4eb75)]&amp#27;[0m Calling AppiumDriver.findElement() with args: ["xpath","//XCUIElementTypeOther[@name=\"test-Menu\"]","11b4eb75-7c2e-4f20-8231-88dc1a8023b1"]
[debug] &amp#27;[38;5;32m[XCUITestDriver@e9d5 (11b4eb75)]&amp#27;[0m Executing command 'findElement'
[debug] &amp#27;[38;5;32m[XCUITestDriver@e9d5 (11b4eb75)]&amp#27;[0m Valid locator strategies for this request: xpath, id, name, class name, -ios predicate string, -ios class chain, accessibility id, css selector
[debug] &amp#27;[38;5;32m[XCUITestDriver@e9d5 (11b4eb75)]&amp#27;[0m Waiting up to 0 ms for condition
[debug] &amp#27;[38;5;32m[XCUITestDriver@e9d5 (11b4eb75)]&amp#27;[0m Matched '/element' to command name 'findElement'
[debug] &amp#27;[38;5;32m[XCUITestDriver@e9d5 (11b4eb75)]&amp#27;[0m Proxying [POST /element] to [POST http://127.0.0.1:10002/session/411EDCDE-CB44-4EC0-BD9D-A883C7F745E5/element] with body: {"using":"xpath","value":"//XCUIElementTypeOther[@name=\"test-Menu\"]"}
&amp#27;[38;5;32m[AndroidUiautomator2Driver@ef57 (f9748292)]&amp#27;[0m Unable to force stop app: Error executing adbExec. Original er[derbougr:]  '&amp#27;[Co38mm;5;32andm[ '/UXseCUrsI/nTeikstDrivheril@eku9dma5rg (up11tab4/Lebi75br)]a&amp#27;ry[0/Am ndGorot idre/sspondsk/e plwiatthfo srmta-ttuools s/20ad0b : -P{" 5va03lu7e" -:{s "emELulEMatENor-T":"55875400 0sh00el0-l 00am00 f-000o0-B18E-000000000000","element-6066-11e4-a52e-4f735466cecf":"87000000-0000-0000-B18E-000000000000"},"sessionId":"411EDCDE-CB44-4EC0-BD9D-A883C7F745E5"}
rce-stop com.swaglabsmobileapp' timed out after 20000ms'. Try to increase the 20000ms adb execution timeout represented by 'adbExecTimeout' capability
[debug] &amp#27;[38;5;32m[XCUITestDriver@e9d5[debug] &amp#27;[38;5;6 (11b4eb75)]&amp#27;[0m Responding to4m[ADB]&amp#27;[0m Re moclievingnt f worith driwarver.findElemeded ntp(o)rt r seocket connectiosunlt: : 10{"00el0 
ement-6066-11e4-a52e-4f735466cecf":"87000000-0000-0000-B18E-000000000000","ELEMENT":"87000000-0000-0000-B18E-000000000000"}
[debug] &amp#27;[38;5;64m[ADB]&amp#27;[0m Running '/Users/nikhilkumargupta/Library/Android/sdk/platform-tools/adb -P 5037 -s emulator-5554 forward --remove tcp:10000'
&amp#27;[38;5;0m[HTTP]&amp#27;[0m <-- POST /session/11b4eb75-7c2e-4f20-8231-88dc1a8023b1/element 200 2569 ms - 137
&amp#27;[38;5;0m[HTTP]&amp#27;[0m 
&amp#27;[38;5;0m[HTTP]&amp#27;[0m &amp#27;[37m-->&amp#27;[39m &amp#27;[37mGET&amp#27;[39m &amp#27;[37m/session/11b4eb75-7c2e-4f20-8231-88dc1a8023b1/element/87000000-0000-0000-B18E-000000000000/displayed&amp#27;[39m
&amp#27;[38;5;0m[HTTP]&amp#27;[0m {}
&amp#27;[38;5;32m[XCUITestDriver@e9d5 (11b4eb75)]&amp#27;[0m Driver proxy active, passing request on via HTTP proxy
[debug] &amp#27;[38;5;32m[XCUITestDriver@e9d5 (11b4eb75)]&amp#27;[0m Executing command 'proxyReqRes'
[debug] &amp#27;[38;5;64m[ADB]&amp#27;[0m Running '/Users/nikhilkumargupta/Library/Android/sdk/platform-tools/adb -P 5037 -s emulator-5554 shell getprop ro.build.version.sdk'
18:iOS:iPhone 14:com.qa.BaseTest:Super After  Method
18:iOS:iPhone 14:com.qa.BaseTest:Super Before Method
productpage Before Method
validateProductOnProductsdDetailPage
[debug] &amp#27;[38;5;16m[AppiumDriver@6a7d]&amp#27;[0m Event 'newSessionStarted' logged at 1682948363343 (19:09:23 GMT+0530 (India Standard Time))
[debug] &amp#27;[38;5;16m[AppiumDriver@6a7d]&amp#27;[0m Encountered internal error running command: Error: Error getting device API level. Original error: Error executing adbExec. Original error: 'Command '/Users/nikhilkumargupta/Library/Android/sdk/platform-tools/adb -P 5037 -s emulator-5554 shell getprop ro.build.version.sdk' timed out after 20000ms'. Try to increase the 20000ms adb execution timeout represented by 'adbExecTimeout' capability
[debug] &amp#27;[38;5;16m[AppiumDriver@6a7d]&amp#27;[0m     at ADB.getApiLevel (/Users/nikhilkumargupta/.appium/node_modules/appium-uiautomator2-driver/node_modules/appium-adb/lib/tools/adb-commands.js:159:13)
[debug] &amp#27;[38;5;16m[AppiumDriver@6a7d]&amp#27;[0m     at AndroidUiautomator2Driver.deleteSession (/Users/nikhilkumargupta/.appium/node_modules/appium-uiautomator2-driver/lib/driver.js:709:11)
[debug] &amp#27;[38;5;16m[AppiumDriver@6a7d]&amp#27;[0m     at AndroidUiautomator2Driver.createSession (/Users/nikhilkumargupta/.appium/node_modules/appium-uiautomator2-driver/lib/driver.js:250:7)
[debug] &amp#27;[38;5;16m[AppiumDriver@6a7d]&amp#27;[0m     at AppiumDriver.createSession (/usr/local/lib/node_modules/appium/lib/appium.js:337:35)
&amp#27;[38;5;0m[HTTP]&amp#27;[0m <-- POST /session 500 63103 ms - 1182
&amp#27;[38;5;0m[HTTP]&amp#27;[0m 
]]></system-out>
    <system-err><![CDATA[org.openqa.selenium.SessionNotCreatedException: Could not start a new session. Response code 500. Message: An unknown server-side error occurred while processing the command. Original error: Error getting device API level. Original error: Error executing adbExec. Original error: 'Command '/Users/nikhilkumargupta/Library/Android/sdk/platform-tools/adb -P 5037 -s emulator-5554 shell getprop ro.build.version.sdk' timed out after 20000ms'. Try to increase the 20000ms adb execution timeout represented by 'adbExecTimeout' capability 
Host info: host: 'Solvatives-MacBook-Air.local', ip: '2401:4900:1c7b:421f:51b9:11c:710e:d82d%en0'
Build info: version: '4.9.0', revision: 'd7057100a6'
System info: os.name: 'Mac OS X', os.arch: 'aarch64', os.version: '13.3.1', java.version: '17.0.6'
Driver info: io.appium.java_client.android.AndroidDriver
Command: [null, newSession {capabilities=[{appium:appActivity=com.swaglabsmobileapp.SplashActivity, appium:appPackage=com.swaglabsmobileapp, appium:deviceName=Pixel_6_pro, appium:platformVersion=13, appium:automationName=UiAutomator2, appium:chromeDriverPort=11000, platformName=ANDROID, appium:systemPort=10000, appium:udid=emulator-5554}], desiredCapabilities=Capabilities {appActivity: com.swaglabsmobileapp.Splas..., appPackage: com.swaglabsmobileapp, appium:deviceName: Pixel_6_pro, appium:platformVersion: 13, automationName: UiAutomator2, chromeDriverPort: 11000, platformName: ANDROID, systemPort: 10000, udid: emulator-5554}}]
Capabilities {appActivity: com.swaglabsmobileapp.Splas..., appPackage: com.swaglabsmobileapp, appium:deviceName: Pixel_6_pro, appium:platformVersion: 13, automationName: UiAutomator2, chromeDriverPort: 11000, platformName: ANDROID, systemPort: 10000, udid: emulator-5554}
	at org.openqa.selenium.remote.ProtocolHandshake.createSession(ProtocolHandshake.java:136)
	at java.base/jdk.internal.reflect.NativeMethodAccessorImpl.invoke0(Native Method)
	at java.base/jdk.internal.reflect.NativeMethodAccessorImpl.invoke(NativeMethodAccessorImpl.java:77)
	at java.base/jdk.internal.reflect.DelegatingMethodAccessorImpl.invoke(DelegatingMethodAccessorImpl.java:43)
	at java.base/java.lang.reflect.Method.invoke(Method.java:568)
	at io.appium.java_client.remote.AppiumProtocolHandshake.createSession(AppiumProtocolHandshake.java:133)
	at io.appium.java_client.remote.AppiumProtocolHandshake.createSession(AppiumProtocolHandshake.java:102)
	at io.appium.java_client.remote.AppiumCommandExecutor.createSession(AppiumCommandExecutor.java:194)
	at io.appium.java_client.remote.AppiumCommandExecutor.execute(AppiumCommandExecutor.java:262)
	at org.openqa.selenium.remote.RemoteWebDriver.execute(RemoteWebDriver.java:543)
	at io.appium.java_client.AppiumDriver.startSession(AppiumDriver.java:229)
	at org.openqa.selenium.remote.RemoteWebDriver.<init>(RemoteWebDriver.java:157)
	at io.appium.java_client.AppiumDriver.<init>(AppiumDriver.java:80)
	at io.appium.java_client.AppiumDriver.<init>(AppiumDriver.java:92)
	at io.appium.java_client.android.AndroidDriver.<init>(AndroidDriver.java:117)
	at com.qa.BaseTest.beforeTest(BaseTest.java:262)
	at java.base/jdk.internal.reflect.NativeMethodAccessorImpl.invoke0(Native Method)
	at java.base/jdk.internal.reflect.NativeMethodAccessorImpl.invoke(NativeMethodAccessorImpl.java:77)
	at java.base/jdk.internal.reflect.DelegatingMethodAccessorImpl.invoke(DelegatingMethodAccessorImpl.java:43)
	at java.base/java.lang.reflect.Method.invoke(Method.java:568)
	at org.testng.internal.invokers.MethodInvocationHelper.invokeMethod(MethodInvocationHelper.java:139)
	at org.testng.internal.invokers.MethodInvocationHelper.invokeMethodConsideringTimeout(MethodInvocationHelper.java:69)
	at org.testng.internal.invokers.ConfigInvoker.invokeConfigurationMethod(ConfigInvoker.java:361)
	at org.testng.internal.invokers.ConfigInvoker.invokeConfigurations(ConfigInvoker.java:296)
	at org.testng.TestRunner.invokeTestConfigurations(TestRunner.java:644)
	at org.testng.TestRunner.beforeRun(TestRunner.java:633)
	at org.testng.TestRunner.run(TestRunner.java:595)
	at org.testng.SuiteRunner.runTest(SuiteRunner.java:437)
	at org.testng.SuiteRunner$SuiteWorker.run(SuiteRunner.java:475)
	at org.testng.internal.thread.ThreadUtil.lambda$execute$0(ThreadUtil.java:58)
	at java.base/java.util.concurrent.FutureTask.run(FutureTask.java:264)
	at java.base/java.util.concurrent.ThreadPoolExecutor.runWorker(ThreadPoolExecutor.java:1136)
	at java.base/java.util.concurrent.ThreadPoolExecutor$Worker.run(ThreadPoolExecutor.java:635)
	at java.base/java.lang.Thread.run(Thread.java:833)
]]></system-err>
  </testcase>
  <testcase name="beforeClass" classname="com.qa.tests.ProductTests" time="0">
    <skipped/>
  </testcase>
  <testcase name="beforeMethod" classname="com.qa.tests.ProductTests" time="0">
    <skipped/>
  </testcase>
  <testcase name="beforeMethod" classname="com.qa.tests.ProductTests" time="0">
    <skipped/>
  </testcase>
  <testcase name="beforeMethod" classname="com.qa.tests.ProductTests" time="0">
    <skipped/>
  </testcase>
  <testcase name="beforeMethod" classname="com.qa.tests.ProductTests" time="0">
    <skipped/>
  </testcase>
  <testcase name="afterMethod" classname="com.qa.tests.ProductTests" time="0">
    <skipped/>
  </testcase>
  <testcase name="afterMethod" classname="com.qa.tests.ProductTests" time="0">
    <skipped/>
  </testcase>
  <testcase name="afterMethod" classname="com.qa.tests.ProductTests" time="0">
    <skipped/>
  </testcase>
  <testcase name="afterMethod" classname="com.qa.tests.ProductTests" time="0">
    <skipped/>
  </testcase>
  <testcase name="validateProductOnProductsdDetailPage" classname="com.qa.tests.ProductTests" time="0">
    <skipped message="Could not start a new session. Response code 500. Message: An unknown server-side error occurred while processing the command. Original error: Error getting device API level. Original error: Error executing adbExec. Original error: &apos;Command &apos;/Users/nikhilkumargupta/Library/Android/sdk/platform-tools/adb -P 5037 -s emulator-5554 shell getprop ro.build.version.sdk&apos; timed out after 20000ms&apos;. Try to increase the 20000ms adb execution timeout represented by &apos;adbExecTimeout&apos; capability &#10;Host info: host: &apos;Solvatives-MacBook-Air.local&apos;, ip: &apos;2401:4900:1c7b:421f:51b9:11c:710e:d82d%en0&apos;&#10;Build info: version: &apos;4.9.0&apos;, revision: &apos;d7057100a6&apos;&#10;System info: os.name: &apos;Mac OS X&apos;, os.arch: &apos;aarch64&apos;, os.version: &apos;13.3.1&apos;, java.version: &apos;17.0.6&apos;&#10;Driver info: io.appium.java_client.android.AndroidDriver&#10;Command: [null, newSession {capabilities=[{appium:appActivity=com.swaglabsmobileapp.SplashActivity, appium:appPackage=com.swaglabsmobileapp, appium:deviceName=Pixel_6_pro, appium:platformVersion=13, appium:automationName=UiAutomator2, appium:chromeDriverPort=11000, platformName=ANDROID, appium:systemPort=10000, appium:udid=emulator-5554}], desiredCapabilities=Capabilities {appActivity: com.swaglabsmobileapp.Splas..., appPackage: com.swaglabsmobileapp, appium:deviceName: Pixel_6_pro, appium:platformVersion: 13, automationName: UiAutomator2, chromeDriverPort: 11000, platformName: ANDROID, systemPort: 10000, udid: emulator-5554}}]&#10;Capabilities {appActivity: com.swaglabsmobileapp.Splas..., appPackage: com.swaglabsmobileapp, appium:deviceName: Pixel_6_pro, appium:platformVersion: 13, automationName: UiAutomator2, chromeDriverPort: 11000, platformName: ANDROID, systemPort: 10000, udid: emulator-5554}"/>
  </testcase>
  <testcase name="validateProductOnProductsdDetailPage" classname="com.qa.tests.ProductTests" time="6.063"/>
  <testcase name="afterClass" classname="com.qa.tests.ProductTests" time="0">
    <skipped/>
  </testcase>
  <testcase name="aftertest" classname="com.qa.tests.ProductTests" time="0">
    <skipped/>
  </testcase>
  <testcase name="afterSuite" classname="com.qa.tests.ProductTests" time="0">
    <skipped/>
    <system-out><![CDATA[productpage  After Method
18:iOS:iPhone 14:com.qa.BaseTest:Super After  Method
]]></system-out>
  </testcase>
</testsuite>