<?xml version="1.0" encoding="UTF-8"?>
<testng-results ignored="0" total="4" passed="4" failed="0" skipped="0">
  <reporter-output>
  </reporter-output>
  <suite started-at="2023-04-22T17:40:24 IST" name="Suite" finished-at="2023-04-22T17:42:17 IST" duration-ms="113302">
    <groups>
    </groups>
    <test started-at="2023-04-22T17:40:24 IST" name="Android_6" finished-at="2023-04-22T17:41:30 IST" duration-ms="66286">
      <class name="com.qa.tests.ProductTests">
        <test-method is-config="true" signature="beforeSuite()[pri:0, instance:com.qa.tests.ProductTests@20bd8be5]" started-at="2023-04-22T17:40:24 IST" name="beforeSuite" finished-at="2023-04-22T17:40:24 IST" duration-ms="13" status="PASS">
          <reporter-output>
          </reporter-output>
        </test-method> <!-- beforeSuite -->
        <test-method is-config="true" signature="beforeTest(java.lang.String,java.lang.String,java.lang.String,java.lang.String,java.lang.String,java.lang.String,java.lang.String,java.lang.String)[pri:0, instance:com.qa.tests.ProductTests@20bd8be5]" started-at="2023-04-22T17:40:24 IST" name="beforeTest" finished-at="2023-04-22T17:41:02 IST" duration-ms="37957" status="PASS">
          <params>
            <param index="0">
              <value>
                <![CDATA[Pixel_6_pro]]>
              </value>
            </param>
            <param index="1">
              <value>
                <![CDATA[Android]]>
              </value>
            </param>
            <param index="2">
              <value>
                <![CDATA[13]]>
              </value>
            </param>
            <param index="3">
              <value>
                <![CDATA[emulator-5554]]>
              </value>
            </param>
            <param index="4">
              <value>
                <![CDATA[10000]]>
              </value>
            </param>
            <param index="5">
              <value>
                <![CDATA[11000]]>
              </value>
            </param>
            <param index="6">
              <value>
                <![CDATA[iOSOnly]]>
              </value>
            </param>
            <param index="7">
              <value>
                <![CDATA[iOSOnly]]>
              </value>
            </param>
          </params>
          <reporter-output>
          </reporter-output>
        </test-method> <!-- beforeTest -->
        <test-method is-config="true" signature="beforeClass()[pri:0, instance:com.qa.tests.ProductTests@20bd8be5]" started-at="2023-04-22T17:41:02 IST" name="beforeClass" finished-at="2023-04-22T17:41:02 IST" duration-ms="27" status="PASS">
          <reporter-output>
          </reporter-output>
        </test-method> <!-- beforeClass -->
        <test-method is-config="true" signature="beforeMethod()[pri:0, instance:com.qa.tests.ProductTests@20bd8be5]" started-at="2023-04-22T17:41:02 IST" name="beforeMethod" finished-at="2023-04-22T17:41:03 IST" duration-ms="1438" status="PASS">
          <reporter-output>
          </reporter-output>
        </test-method> <!-- beforeMethod -->
        <test-method is-config="true" signature="beforeMethod(java.lang.reflect.Method)[pri:0, instance:com.qa.tests.ProductTests@20bd8be5]" started-at="2023-04-22T17:41:03 IST" name="beforeMethod" finished-at="2023-04-22T17:41:08 IST" duration-ms="5168" status="PASS">
          <params>
            <param index="0">
              <value>
                <![CDATA[public void com.qa.tests.ProductTests.validateProductOnProductsPage()]]>
              </value>
            </param>
          </params>
          <reporter-output>
          </reporter-output>
        </test-method> <!-- beforeMethod -->
        <test-method signature="validateProductOnProductsPage()[pri:0, instance:com.qa.tests.ProductTests@20bd8be5]" started-at="2023-04-22T17:41:08 IST" name="validateProductOnProductsPage" finished-at="2023-04-22T17:41:10 IST" duration-ms="1549" status="PASS">
          <reporter-output>
          </reporter-output>
        </test-method> <!-- validateProductOnProductsPage -->
        <test-method is-config="true" signature="afterMethod()[pri:0, instance:com.qa.tests.ProductTests@20bd8be5]" started-at="2023-04-22T17:41:10 IST" name="afterMethod" finished-at="2023-04-22T17:41:12 IST" duration-ms="2655" status="PASS">
          <reporter-output>
          </reporter-output>
        </test-method> <!-- afterMethod -->
        <test-method is-config="true" signature="afterMethod(org.testng.ITestResult)[pri:0, instance:com.qa.tests.ProductTests@20bd8be5]" started-at="2023-04-22T17:41:12 IST" name="afterMethod" finished-at="2023-04-22T17:41:13 IST" duration-ms="17" status="PASS">
          <params>
            <param index="0">
              <value>
                <![CDATA[[TestResult name=validateProductOnProductsPage status=SUCCESS method=ProductTests.validateProductOnProductsPage()[pri:0, instance:com.qa.tests.ProductTests@20bd8be5] output={null}]]]>
              </value>
            </param>
          </params>
          <reporter-output>
          </reporter-output>
        </test-method> <!-- afterMethod -->
        <test-method is-config="true" signature="beforeMethod()[pri:0, instance:com.qa.tests.ProductTests@20bd8be5]" started-at="2023-04-22T17:41:13 IST" name="beforeMethod" finished-at="2023-04-22T17:41:17 IST" duration-ms="4567" status="PASS">
          <reporter-output>
          </reporter-output>
        </test-method> <!-- beforeMethod -->
        <test-method is-config="true" signature="beforeMethod(java.lang.reflect.Method)[pri:0, instance:com.qa.tests.ProductTests@20bd8be5]" started-at="2023-04-22T17:41:17 IST" name="beforeMethod" finished-at="2023-04-22T17:41:22 IST" duration-ms="4499" status="PASS">
          <params>
            <param index="0">
              <value>
                <![CDATA[public void com.qa.tests.ProductTests.validateProductOnProductsdDetailPage()]]>
              </value>
            </param>
          </params>
          <reporter-output>
          </reporter-output>
        </test-method> <!-- beforeMethod -->
        <test-method signature="validateProductOnProductsdDetailPage()[pri:0, instance:com.qa.tests.ProductTests@20bd8be5]" started-at="2023-04-22T17:41:22 IST" name="validateProductOnProductsdDetailPage" finished-at="2023-04-22T17:41:28 IST" duration-ms="6493" status="PASS">
          <reporter-output>
          </reporter-output>
        </test-method> <!-- validateProductOnProductsdDetailPage -->
        <test-method is-config="true" signature="afterMethod()[pri:0, instance:com.qa.tests.ProductTests@20bd8be5]" started-at="2023-04-22T17:41:28 IST" name="afterMethod" finished-at="2023-04-22T17:41:30 IST" duration-ms="1399" status="FAIL">
          <exception class="org.openqa.selenium.StaleElementReferenceException">
            <message>
              <![CDATA[The element 'By.xpath: //android.view.ViewGroup[@content-desc="test-Menu"]/android.view.ViewGroup/android.widget.ImageView' is not linked to the same object in DOM anymore
For documentation on this error, please visit: https://selenium.dev/exceptions/#stale_element_reference
Build info: version: '4.9.0', revision: 'd7057100a6'
System info: os.name: 'Mac OS X', os.arch: 'x86_64', os.version: '13.0.1', java.version: '17.0.5'
Driver info: io.appium.java_client.android.AndroidDriver
Command: [f773ddbf-567b-4c3e-a334-2dc3b1376cde, isElementDisplayed {id=00000000-0000-0077-ffff-ffff000000e9}]
Capabilities {appium:appActivity: com.swaglabsmobileapp.Splas..., appium:appPackage: com.swaglabsmobileapp, appium:automationName: UiAutomator2, appium:chromeDriverPort: 11000, appium:databaseEnabled: false, appium:desired: {appActivity: com.swaglabsmobileapp.Splas..., appPackage: com.swaglabsmobileapp, automationName: UiAutomator2, chromeDriverPort: 11000, deviceName: Pixel_6_pro, platformName: ANDROID, platformVersion: 13, systemPort: 10000, udid: emulator-5554}, appium:deviceApiLevel: 33, appium:deviceManufacturer: Google, appium:deviceModel: sdk_gphone64_arm64, appium:deviceName: emulator-5554, appium:deviceScreenDensity: 560, appium:deviceScreenSize: 1440x3120, appium:deviceUDID: emulator-5554, appium:javascriptEnabled: true, appium:locationContextEnabled: false, appium:networkConnectionEnabled: true, appium:pixelRatio: 3.5, appium:platformVersion: 13, appium:statBarHeight: 84, appium:systemPort: 10000, appium:takesScreenshot: true, appium:udid: emulator-5554, appium:viewportRect: {height: 2952, left: 0, top: 84, width: 1440}, appium:warnings: {}, appium:webStorageEnabled: false, platformName: ANDROID}
Element: [[AndroidDriver:  on ANDROID (f773ddbf-567b-4c3e-a334-2dc3b1376cde)] -> xpath: //android.view.ViewGroup[@content-desc="test-Menu"]/android.view.ViewGroup/android.widget.ImageView]
Session ID: f773ddbf-567b-4c3e-a334-2dc3b1376cde]]>
            </message>
            <full-stacktrace>
              <![CDATA[org.openqa.selenium.StaleElementReferenceException: The element 'By.xpath: //android.view.ViewGroup[@content-desc="test-Menu"]/android.view.ViewGroup/android.widget.ImageView' is not linked to the same object in DOM anymore
For documentation on this error, please visit: https://selenium.dev/exceptions/#stale_element_reference
Build info: version: '4.9.0', revision: 'd7057100a6'
System info: os.name: 'Mac OS X', os.arch: 'x86_64', os.version: '13.0.1', java.version: '17.0.5'
Driver info: io.appium.java_client.android.AndroidDriver
Command: [f773ddbf-567b-4c3e-a334-2dc3b1376cde, isElementDisplayed {id=00000000-0000-0077-ffff-ffff000000e9}]
Capabilities {appium:appActivity: com.swaglabsmobileapp.Splas..., appium:appPackage: com.swaglabsmobileapp, appium:automationName: UiAutomator2, appium:chromeDriverPort: 11000, appium:databaseEnabled: false, appium:desired: {appActivity: com.swaglabsmobileapp.Splas..., appPackage: com.swaglabsmobileapp, automationName: UiAutomator2, chromeDriverPort: 11000, deviceName: Pixel_6_pro, platformName: ANDROID, platformVersion: 13, systemPort: 10000, udid: emulator-5554}, appium:deviceApiLevel: 33, appium:deviceManufacturer: Google, appium:deviceModel: sdk_gphone64_arm64, appium:deviceName: emulator-5554, appium:deviceScreenDensity: 560, appium:deviceScreenSize: 1440x3120, appium:deviceUDID: emulator-5554, appium:javascriptEnabled: true, appium:locationContextEnabled: false, appium:networkConnectionEnabled: true, appium:pixelRatio: 3.5, appium:platformVersion: 13, appium:statBarHeight: 84, appium:systemPort: 10000, appium:takesScreenshot: true, appium:udid: emulator-5554, appium:viewportRect: {height: 2952, left: 0, top: 84, width: 1440}, appium:warnings: {}, appium:webStorageEnabled: false, platformName: ANDROID}
Element: [[AndroidDriver:  on ANDROID (f773ddbf-567b-4c3e-a334-2dc3b1376cde)] -> xpath: //android.view.ViewGroup[@content-desc="test-Menu"]/android.view.ViewGroup/android.widget.ImageView]
Session ID: f773ddbf-567b-4c3e-a334-2dc3b1376cde
at java.base/jdk.internal.reflect.NativeConstructorAccessorImpl.newInstance0(Native Method)
at java.base/jdk.internal.reflect.NativeConstructorAccessorImpl.newInstance(NativeConstructorAccessorImpl.java:77)
at java.base/jdk.internal.reflect.DelegatingConstructorAccessorImpl.newInstance(DelegatingConstructorAccessorImpl.java:45)
at java.base/java.lang.reflect.Constructor.newInstanceWithCaller(Constructor.java:499)
at java.base/java.lang.reflect.Constructor.newInstance(Constructor.java:480)
at org.openqa.selenium.remote.codec.w3c.W3CHttpResponseCodec.createException(W3CHttpResponseCodec.java:200)
at org.openqa.selenium.remote.codec.w3c.W3CHttpResponseCodec.decode(W3CHttpResponseCodec.java:133)
at org.openqa.selenium.remote.codec.w3c.W3CHttpResponseCodec.decode(W3CHttpResponseCodec.java:53)
at org.openqa.selenium.remote.HttpCommandExecutor.execute(HttpCommandExecutor.java:193)
at io.appium.java_client.remote.AppiumCommandExecutor.execute(AppiumCommandExecutor.java:262)
at org.openqa.selenium.remote.RemoteWebDriver.execute(RemoteWebDriver.java:543)
at org.openqa.selenium.remote.RemoteWebElement.execute(RemoteWebElement.java:257)
at org.openqa.selenium.remote.RemoteWebElement.isDisplayed(RemoteWebElement.java:313)
at jdk.internal.reflect.GeneratedMethodAccessor6.invoke(Unknown Source)
at java.base/jdk.internal.reflect.DelegatingMethodAccessorImpl.invoke(DelegatingMethodAccessorImpl.java:43)
at java.base/java.lang.reflect.Method.invoke(Method.java:568)
at io.appium.java_client.pagefactory.ElementInterceptor.getObject(ElementInterceptor.java:40)
at io.appium.java_client.pagefactory.interceptors.InterceptorOfASingleElement.intercept(InterceptorOfASingleElement.java:60)
at org.openqa.selenium.remote.RemoteWebElement$$EnhancerByCGLIB$$d27c0df4.isDisplayed(<generated>)
at org.openqa.selenium.support.ui.ExpectedConditions.elementIfVisible(ExpectedConditions.java:307)
at org.openqa.selenium.support.ui.ExpectedConditions.access$000(ExpectedConditions.java:40)
at org.openqa.selenium.support.ui.ExpectedConditions$10.apply(ExpectedConditions.java:293)
at org.openqa.selenium.support.ui.ExpectedConditions$10.apply(ExpectedConditions.java:290)
at org.openqa.selenium.support.ui.FluentWait.until(FluentWait.java:208)
at com.qa.BaseTest.waitForVisibility(BaseTest.java:312)
at com.qa.BaseTest.click(BaseTest.java:319)
at com.qa.MenuPage.pressSettingBtn(MenuPage.java:23)
at com.qa.tests.ProductTests.afterMethod(ProductTests.java:107)
at java.base/jdk.internal.reflect.NativeMethodAccessorImpl.invoke0(Native Method)
at java.base/jdk.internal.reflect.NativeMethodAccessorImpl.invoke(NativeMethodAccessorImpl.java:77)
at java.base/jdk.internal.reflect.DelegatingMethodAccessorImpl.invoke(DelegatingMethodAccessorImpl.java:43)
at java.base/java.lang.reflect.Method.invoke(Method.java:568)
at org.testng.internal.invokers.MethodInvocationHelper.invokeMethod(MethodInvocationHelper.java:139)
at org.testng.internal.invokers.MethodInvocationHelper.invokeMethodConsideringTimeout(MethodInvocationHelper.java:69)
at org.testng.internal.invokers.ConfigInvoker.invokeConfigurationMethod(ConfigInvoker.java:361)
at org.testng.internal.invokers.ConfigInvoker.invokeConfigurations(ConfigInvoker.java:296)
at org.testng.internal.invokers.TestInvoker.runConfigMethods(TestInvoker.java:823)
at org.testng.internal.invokers.TestInvoker.runAfterConfigurations(TestInvoker.java:792)
at org.testng.internal.invokers.TestInvoker.invokeMethod(TestInvoker.java:768)
at org.testng.internal.invokers.TestInvoker.invokeTestMethod(TestInvoker.java:221)
at org.testng.internal.invokers.MethodRunner.runInSequence(MethodRunner.java:50)
at org.testng.internal.invokers.TestInvoker$MethodInvocationAgent.invoke(TestInvoker.java:969)
at org.testng.internal.invokers.TestInvoker.invokeTestMethods(TestInvoker.java:194)
at org.testng.internal.invokers.TestMethodWorker.invokeTestMethods(TestMethodWorker.java:148)
at org.testng.internal.invokers.TestMethodWorker.run(TestMethodWorker.java:128)
at java.base/java.util.ArrayList.forEach(ArrayList.java:1511)
at org.testng.TestRunner.privateRun(TestRunner.java:829)
at org.testng.TestRunner.run(TestRunner.java:602)
at org.testng.SuiteRunner.runTest(SuiteRunner.java:437)
at org.testng.SuiteRunner$SuiteWorker.run(SuiteRunner.java:475)
at org.testng.internal.thread.ThreadUtil.lambda$execute$0(ThreadUtil.java:58)
at java.base/java.util.concurrent.FutureTask.run(FutureTask.java:264)
at java.base/java.util.concurrent.ThreadPoolExecutor.runWorker(ThreadPoolExecutor.java:1136)
at java.base/java.util.concurrent.ThreadPoolExecutor$Worker.run(ThreadPoolExecutor.java:635)
at java.base/java.lang.Thread.run(Thread.java:833)
]]>
            </full-stacktrace>
          </exception> <!-- org.openqa.selenium.StaleElementReferenceException -->
          <reporter-output>
          </reporter-output>
        </test-method> <!-- afterMethod -->
        <test-method is-config="true" signature="afterMethod(org.testng.ITestResult)[pri:0, instance:com.qa.tests.ProductTests@20bd8be5]" started-at="2023-04-22T17:41:30 IST" name="afterMethod" finished-at="2023-04-22T17:41:30 IST" duration-ms="0" status="SKIP">
          <reporter-output>
          </reporter-output>
        </test-method> <!-- afterMethod -->
        <test-method is-config="true" signature="afterClass()[pri:0, instance:com.qa.tests.ProductTests@20bd8be5]" started-at="2023-04-22T17:41:30 IST" name="afterClass" finished-at="2023-04-22T17:41:30 IST" duration-ms="0" status="SKIP">
          <reporter-output>
          </reporter-output>
        </test-method> <!-- afterClass -->
        <test-method is-config="true" signature="aftertest()[pri:0, instance:com.qa.tests.ProductTests@20bd8be5]" started-at="2023-04-22T17:41:30 IST" name="aftertest" finished-at="2023-04-22T17:41:30 IST" duration-ms="0" status="SKIP">
          <reporter-output>
          </reporter-output>
        </test-method> <!-- aftertest -->
        <test-method is-config="true" signature="afterSuite()[pri:0, instance:com.qa.tests.ProductTests@20bd8be5]" started-at="2023-04-22T17:42:17 IST" name="afterSuite" finished-at="2023-04-22T17:42:17 IST" duration-ms="0" status="SKIP">
          <reporter-output>
          </reporter-output>
        </test-method> <!-- afterSuite -->
      </class> <!-- com.qa.tests.ProductTests -->
    </test> <!-- Android_6 -->
    <test started-at="2023-04-22T17:40:24 IST" name="iOS_14" finished-at="2023-04-22T17:42:17 IST" duration-ms="113302">
      <class name="com.qa.tests.ProductTests">
        <test-method is-config="true" signature="beforeTest(java.lang.String,java.lang.String,java.lang.String,java.lang.String,java.lang.String,java.lang.String,java.lang.String,java.lang.String)[pri:0, instance:com.qa.tests.ProductTests@28cda624]" started-at="2023-04-22T17:40:24 IST" name="beforeTest" finished-at="2023-04-22T17:41:05 IST" duration-ms="41255" status="PASS">
          <params>
            <param index="0">
              <value>
                <![CDATA[iPhone 14]]>
              </value>
            </param>
            <param index="1">
              <value>
                <![CDATA[iOS]]>
              </value>
            </param>
            <param index="2">
              <value>
                <![CDATA[16.1]]>
              </value>
            </param>
            <param index="3">
              <value>
                <![CDATA[82DC5A28-2F0B-4069-9597-C85F2219BBDD]]>
              </value>
            </param>
            <param index="4">
              <value>
                <![CDATA[androidOnly]]>
              </value>
            </param>
            <param index="5">
              <value>
                <![CDATA[androidOnly]]>
              </value>
            </param>
            <param index="6">
              <value>
                <![CDATA[10002]]>
              </value>
            </param>
            <param index="7">
              <value>
                <![CDATA[11002]]>
              </value>
            </param>
          </params>
          <reporter-output>
          </reporter-output>
        </test-method> <!-- beforeTest -->
        <test-method is-config="true" signature="beforeClass()[pri:0, instance:com.qa.tests.ProductTests@28cda624]" started-at="2023-04-22T17:41:05 IST" name="beforeClass" finished-at="2023-04-22T17:41:05 IST" duration-ms="3" status="PASS">
          <reporter-output>
          </reporter-output>
        </test-method> <!-- beforeClass -->
        <test-method is-config="true" signature="beforeMethod()[pri:0, instance:com.qa.tests.ProductTests@28cda624]" started-at="2023-04-22T17:41:05 IST" name="beforeMethod" finished-at="2023-04-22T17:41:10 IST" duration-ms="5213" status="PASS">
          <reporter-output>
          </reporter-output>
        </test-method> <!-- beforeMethod -->
        <test-method is-config="true" signature="beforeMethod(java.lang.reflect.Method)[pri:0, instance:com.qa.tests.ProductTests@28cda624]" started-at="2023-04-22T17:41:10 IST" name="beforeMethod" finished-at="2023-04-22T17:41:22 IST" duration-ms="12450" status="PASS">
          <params>
            <param index="0">
              <value>
                <![CDATA[public void com.qa.tests.ProductTests.validateProductOnProductsPage()]]>
              </value>
            </param>
          </params>
          <reporter-output>
          </reporter-output>
        </test-method> <!-- beforeMethod -->
        <test-method signature="validateProductOnProductsPage()[pri:0, instance:com.qa.tests.ProductTests@28cda624]" started-at="2023-04-22T17:41:22 IST" name="validateProductOnProductsPage" finished-at="2023-04-22T17:41:32 IST" duration-ms="9979" status="PASS">
          <reporter-output>
          </reporter-output>
        </test-method> <!-- validateProductOnProductsPage -->
        <test-method is-config="true" signature="afterMethod()[pri:0, instance:com.qa.tests.ProductTests@28cda624]" started-at="2023-04-22T17:41:33 IST" name="afterMethod" finished-at="2023-04-22T17:41:43 IST" duration-ms="10638" status="PASS">
          <reporter-output>
          </reporter-output>
        </test-method> <!-- afterMethod -->
        <test-method is-config="true" signature="afterMethod(org.testng.ITestResult)[pri:0, instance:com.qa.tests.ProductTests@28cda624]" started-at="2023-04-22T17:41:43 IST" name="afterMethod" finished-at="2023-04-22T17:41:43 IST" duration-ms="4" status="PASS">
          <params>
            <param index="0">
              <value>
                <![CDATA[[TestResult name=validateProductOnProductsPage status=SUCCESS method=ProductTests.validateProductOnProductsPage()[pri:0, instance:com.qa.tests.ProductTests@28cda624] output={null}]]]>
              </value>
            </param>
          </params>
          <reporter-output>
          </reporter-output>
        </test-method> <!-- afterMethod -->
        <test-method is-config="true" signature="beforeMethod()[pri:0, instance:com.qa.tests.ProductTests@28cda624]" started-at="2023-04-22T17:41:43 IST" name="beforeMethod" finished-at="2023-04-22T17:41:46 IST" duration-ms="2890" status="PASS">
          <reporter-output>
          </reporter-output>
        </test-method> <!-- beforeMethod -->
        <test-method is-config="true" signature="beforeMethod(java.lang.reflect.Method)[pri:0, instance:com.qa.tests.ProductTests@28cda624]" started-at="2023-04-22T17:41:46 IST" name="beforeMethod" finished-at="2023-04-22T17:41:54 IST" duration-ms="7997" status="PASS">
          <params>
            <param index="0">
              <value>
                <![CDATA[public void com.qa.tests.ProductTests.validateProductOnProductsdDetailPage()]]>
              </value>
            </param>
          </params>
          <reporter-output>
          </reporter-output>
        </test-method> <!-- beforeMethod -->
        <test-method signature="validateProductOnProductsdDetailPage()[pri:0, instance:com.qa.tests.ProductTests@28cda624]" started-at="2023-04-22T17:41:54 IST" name="validateProductOnProductsdDetailPage" finished-at="2023-04-22T17:42:01 IST" duration-ms="6920" status="PASS">
          <reporter-output>
          </reporter-output>
        </test-method> <!-- validateProductOnProductsdDetailPage -->
        <test-method is-config="true" signature="afterMethod()[pri:0, instance:com.qa.tests.ProductTests@28cda624]" started-at="2023-04-22T17:42:01 IST" name="afterMethod" finished-at="2023-04-22T17:42:07 IST" duration-ms="6155" status="PASS">
          <reporter-output>
          </reporter-output>
        </test-method> <!-- afterMethod -->
        <test-method is-config="true" signature="afterMethod(org.testng.ITestResult)[pri:0, instance:com.qa.tests.ProductTests@28cda624]" started-at="2023-04-22T17:42:07 IST" name="afterMethod" finished-at="2023-04-22T17:42:07 IST" duration-ms="5" status="PASS">
          <params>
            <param index="0">
              <value>
                <![CDATA[[TestResult name=validateProductOnProductsdDetailPage status=SUCCESS method=ProductTests.validateProductOnProductsdDetailPage()[pri:0, instance:com.qa.tests.ProductTests@28cda624] output={null}]]]>
              </value>
            </param>
          </params>
          <reporter-output>
          </reporter-output>
        </test-method> <!-- afterMethod -->
        <test-method is-config="true" signature="afterClass()[pri:0, instance:com.qa.tests.ProductTests@28cda624]" started-at="2023-04-22T17:42:07 IST" name="afterClass" finished-at="2023-04-22T17:42:10 IST" duration-ms="3231" status="PASS">
          <reporter-output>
          </reporter-output>
        </test-method> <!-- afterClass -->
        <test-method is-config="true" signature="aftertest()[pri:0, instance:com.qa.tests.ProductTests@28cda624]" started-at="2023-04-22T17:42:10 IST" name="aftertest" finished-at="2023-04-22T17:42:17 IST" duration-ms="6486" status="PASS">
          <reporter-output>
          </reporter-output>
        </test-method> <!-- aftertest -->
      </class> <!-- com.qa.tests.ProductTests -->
    </test> <!-- iOS_14 -->
  </suite> <!-- Suite -->
</testng-results>
